#
# There is insufficient memory for the Java Runtime Environment to continue.
# Native memory allocation (malloc) failed to allocate 872336 bytes for Chunk::new
# Possible reasons:
#   The system is out of physical RAM or swap space
#   The process is running with CompressedOops enabled, and the Java Heap may be blocking the growth of the native heap
# Possible solutions:
#   Reduce memory load on the system
#   Increase physical memory or swap space
#   Check if swap backing store is full
#   Decrease Java heap size (-Xmx/-Xms)
#   Decrease number of Java threads
#   Decrease Java thread stack sizes (-Xss)
#   Set larger code cache with -XX:ReservedCodeCacheSize=
#   JVM is running with Unscaled Compressed Oops mode in which the Java heap is
#     placed in the first 4GB address space. The Java Heap base address is the
#     maximum limit for the native heap growth. Please use -XX:HeapBaseMinAddress
#     to set the Java Heap base and to place the Java Heap above 4GB virtual address.
# This output file may be truncated or incomplete.
#
#  Out of Memory Error (./src/hotspot/share/memory/arena.cpp:197), pid=12656, tid=1116
#
# JRE version: OpenJDK Runtime Environment (11.0.8+10) (build 11.0.8+10-b944.6842174)
# Java VM: OpenJDK 64-Bit Server VM (11.0.8+10-b944.6842174, mixed mode, tiered, compressed oops, g1 gc, windows-amd64)
# No core dump will be written. Minidumps are not enabled by default on client versions of Windows
#

---------------  S U M M A R Y ------------

Command Line: --add-opens=java.base/java.util=ALL-UNNAMED --add-opens=java.base/java.lang=ALL-UNNAMED --add-opens=java.base/java.lang.invoke=ALL-UNNAMED --add-opens=java.prefs/java.util.prefs=ALL-UNNAMED -Xmx2048m -Dfile.encoding=UTF-8 -Duser.country=SE -Duser.language=sv -Duser.variant org.gradle.launcher.daemon.bootstrap.GradleDaemon 6.7.1

Host: Intel(R) Core(TM) i7-4720HQ CPU @ 2.60GHz, 8 cores, 7G,  Windows 10 , 64 bit Build 19041 (10.0.19041.928)
Time: Sat Jun  5 21:26:08 2021 Västeuropa, sommartid elapsed time: 21 seconds (0d 0h 0m 21s)

---------------  T H R E A D  ---------------

Current thread (0x0000020a1e163000):  JavaThread "C2 CompilerThread0" daemon [_thread_in_native, id=1116, stack(0x000000f937400000,0x000000f937500000)]


Current CompileTask:
C2:  21360 4768       4       java.util.jar.JarFile::getManifest (5 bytes)

Stack: [0x000000f937400000,0x000000f937500000]
Native frames: (J=compiled Java code, j=interpreted, Vv=VM code, C=native code)
V  [jvm.dll+0x5de50a]
V  [jvm.dll+0x7122f5]
V  [jvm.dll+0x71384d]
V  [jvm.dll+0x713f03]
V  [jvm.dll+0x23e728]
V  [jvm.dll+0xb899c]
V  [jvm.dll+0xb8e9c]
V  [jvm.dll+0x35024d]
V  [jvm.dll+0x31dea3]
V  [jvm.dll+0x31d39a]
V  [jvm.dll+0x1f7702]
V  [jvm.dll+0x1f68d4]
V  [jvm.dll+0x17f32c]
V  [jvm.dll+0x205047]
V  [jvm.dll+0x203891]
V  [jvm.dll+0x6dad3f]
V  [jvm.dll+0x6d3895]
V  [jvm.dll+0x5dd4a6]
C  [ucrtbase.dll+0x21bb2]
C  [KERNEL32.DLL+0x17034]
C  [ntdll.dll+0x52651]


---------------  P R O C E S S  ---------------

Threads class SMR info:
_java_thread_list=0x0000020a214d1d40, length=156, elements={
0x0000020a03e3f800, 0x0000020a1e13a000, 0x0000020a1e143000, 0x0000020a1e160800,
0x0000020a1e161800, 0x0000020a1e163000, 0x0000020a1e16e000, 0x0000020a1eaba000,
0x0000020a1ec1d000, 0x0000020a1ec20000, 0x0000020a2083e000, 0x0000020a1eef7000,
0x0000020a203d7000, 0x0000020a1fec4000, 0x0000020a20050000, 0x0000020a20a27000,
0x0000020a20fae000, 0x0000020a20aa7000, 0x0000020a1fa44000, 0x0000020a1fa45000,
0x0000020a21274000, 0x0000020a21274800, 0x0000020a21275800, 0x0000020a21272000,
0x0000020a2126f800, 0x0000020a21276000, 0x0000020a21273000, 0x0000020a21270800,
0x0000020a21271800, 0x0000020a20b6b000, 0x0000020a20b68800, 0x0000020a20b65800,
0x0000020a20b6e000, 0x0000020a20b6f000, 0x0000020a20b69800, 0x0000020a20b70000,
0x0000020a20b6a000, 0x0000020a20b70800, 0x0000020a20b71800, 0x0000020a20b6c000,
0x0000020a20b72800, 0x0000020a20b6c800, 0x0000020a20b73000, 0x0000020a20b6d800,
0x0000020a20b74000, 0x0000020a2127e000, 0x0000020a2127c000, 0x0000020a2127d000,
0x0000020a2127a800, 0x0000020a2127b800, 0x0000020a2127e800, 0x0000020a2127f800,
0x0000020a21279800, 0x0000020a21286000, 0x0000020a21280000, 0x0000020a21286800,
0x0000020a21285000, 0x0000020a21281000, 0x0000020a21287800, 0x0000020a21283800,
0x0000020a21282000, 0x0000020a21288800, 0x0000020a21284800, 0x0000020a21282800,
0x0000020a1ed4c800, 0x0000020a1ed4a800, 0x0000020a1ed4f000, 0x0000020a1ed4e000,
0x0000020a1ed4f800, 0x0000020a1ed50800, 0x0000020a1ed51800, 0x0000020a1ed4b800,
0x0000020a1ed52000, 0x0000020a1ed4d000, 0x0000020a1ed58000, 0x0000020a1ed54800,
0x0000020a1ed53800, 0x0000020a1ed55800, 0x0000020a1ed56000, 0x0000020a1ed53000,
0x0000020a1ed57000, 0x0000020a1ed59800, 0x0000020a1ed58800, 0x0000020a1ee83800,
0x0000020a1ee81000, 0x0000020a1ee80800, 0x0000020a1ee87800, 0x0000020a1ee87000,
0x0000020a1ee82000, 0x0000020a1ee88800, 0x0000020a1ee82800, 0x0000020a1ee86000,
0x0000020a1ee89800, 0x0000020a1ee84800, 0x0000020a1ee8a000, 0x0000020a1ee8b000,
0x0000020a1ee85000, 0x0000020a1ee8b800, 0x0000020a1ee8c800, 0x0000020a1ee8d800,
0x0000020a1ee8e000, 0x0000020a1ee8f000, 0x0000020a21770000, 0x0000020a2176f000,
0x0000020a21771000, 0x0000020a2176c000, 0x0000020a2176d800, 0x0000020a2176b000,
0x0000020a21772800, 0x0000020a21771800, 0x0000020a2176d000, 0x0000020a21774000,
0x0000020a2176e800, 0x0000020a21777800, 0x0000020a21775000, 0x0000020a21776000,
0x0000020a21776800, 0x0000020a21778000, 0x0000020a21779000, 0x0000020a21773800,
0x0000020a2177a000, 0x0000020a1fcfe800, 0x0000020a1fd01000, 0x0000020a1fcfd800,
0x0000020a1fd02000, 0x0000020a1fcff800, 0x0000020a1fd00000, 0x0000020a1fd02800,
0x0000020a1fcfd000, 0x0000020a1fd04800, 0x0000020a1fd03800, 0x0000020a1fd06800,
0x0000020a1fd08800, 0x0000020a1fd05000, 0x0000020a1fd0a000, 0x0000020a1fd09000,
0x0000020a1fd0b000, 0x0000020a1fd06000, 0x0000020a1fd0b800, 0x0000020a1fd07800,
0x0000020a23f70800, 0x0000020a23f72000, 0x0000020a23f75800, 0x0000020a23f77000,
0x0000020a23f71800, 0x0000020a23f76000, 0x0000020a23f78000, 0x0000020a23f73000,
0x0000020a23f74800, 0x0000020a23f79800, 0x0000020a23f78800, 0x0000020a23f74000,
0x0000020a23f7e800, 0x0000020a23f7a800, 0x0000020a23f7b000, 0x0000020a23f7c800
}

Java Threads: ( => current thread )
  0x0000020a03e3f800 JavaThread "main" [_thread_blocked, id=1684, stack(0x000000f936900000,0x000000f936a00000)]
  0x0000020a1e13a000 JavaThread "Reference Handler" daemon [_thread_blocked, id=15580, stack(0x000000f937000000,0x000000f937100000)]
  0x0000020a1e143000 JavaThread "Finalizer" daemon [_thread_blocked, id=5844, stack(0x000000f937100000,0x000000f937200000)]
  0x0000020a1e160800 JavaThread "Signal Dispatcher" daemon [_thread_blocked, id=12304, stack(0x000000f937200000,0x000000f937300000)]
  0x0000020a1e161800 JavaThread "Attach Listener" daemon [_thread_blocked, id=10092, stack(0x000000f937300000,0x000000f937400000)]
=>0x0000020a1e163000 JavaThread "C2 CompilerThread0" daemon [_thread_in_native, id=1116, stack(0x000000f937400000,0x000000f937500000)]
  0x0000020a1e16e000 JavaThread "C1 CompilerThread0" daemon [_thread_blocked, id=10800, stack(0x000000f937500000,0x000000f937600000)]
  0x0000020a1eaba000 JavaThread "Sweeper thread" daemon [_thread_blocked, id=15436, stack(0x000000f937600000,0x000000f937700000)]
  0x0000020a1ec1d000 JavaThread "Common-Cleaner" daemon [_thread_blocked, id=16000, stack(0x000000f937700000,0x000000f937800000)]
  0x0000020a1ec20000 JavaThread "Service Thread" daemon [_thread_blocked, id=14992, stack(0x000000f937800000,0x000000f937900000)]
  0x0000020a2083e000 JavaThread "Daemon health stats" [_thread_blocked, id=11396, stack(0x000000f937d00000,0x000000f937e00000)]
  0x0000020a1eef7000 JavaThread "Incoming local TCP Connector on port 56994" [_thread_in_native, id=9824, stack(0x000000f937f00000,0x000000f938000000)]
  0x0000020a203d7000 JavaThread "Daemon periodic checks" [_thread_blocked, id=11032, stack(0x000000f938000000,0x000000f938100000)]
  0x0000020a1fec4000 JavaThread "Daemon" [_thread_blocked, id=16944, stack(0x000000f938100000,0x000000f938200000)]
  0x0000020a20050000 JavaThread "Handler for socket connection from /127.0.0.1:56994 to /127.0.0.1:56995" [_thread_in_native, id=14816, stack(0x000000f938200000,0x000000f938300000)]
  0x0000020a20a27000 JavaThread "Cancel handler" [_thread_blocked, id=4592, stack(0x000000f938300000,0x000000f938400000)]
  0x0000020a20fae000 JavaThread "Daemon worker" [_thread_in_vm, id=10632, stack(0x000000f938400000,0x000000f938500000)]
  0x0000020a20aa7000 JavaThread "Asynchronous log dispatcher for DefaultDaemonConnection: socket connection from /127.0.0.1:56994 to /127.0.0.1:56995" [_thread_blocked, id=12212, stack(0x000000f938500000,0x000000f938600000)]
  0x0000020a1fa44000 JavaThread "Stdin handler" [_thread_blocked, id=6864, stack(0x000000f938600000,0x000000f938700000)]
  0x0000020a1fa45000 JavaThread "Thread-8" [_thread_blocked, id=16176, stack(0x000000f938700000,0x000000f938800000)]
  0x0000020a21274000 JavaThread "Cache worker for file hash cache (C:\Users\carls\.gradle\caches\6.7.1\fileHashes)" [_thread_blocked, id=8936, stack(0x000000f938e00000,0x000000f938f00000)]
  0x0000020a21274800 JavaThread "File lock request listener" [_thread_in_native, id=976, stack(0x000000f938f00000,0x000000f939000000)]
  0x0000020a21275800 JavaThread "Cache worker for journal cache (C:\Users\carls\.gradle\caches\journal-1)" [_thread_blocked, id=16888, stack(0x000000f939100000,0x000000f939200000)]
  0x0000020a21272000 JavaThread "Cache worker for file hash cache (D:\Android Programming\Github\module-303---app-2-weather-app-team-2\.gradle\6.7.1\fileHashes)" [_thread_blocked, id=14976, stack(0x000000f939300000,0x000000f939400000)]
  0x0000020a2126f800 JavaThread "Cache worker for checksums cache (D:\Android Programming\Github\module-303---app-2-weather-app-team-2\.gradle\checksums)" [_thread_blocked, id=6124, stack(0x000000f939400000,0x000000f939500000)]
  0x0000020a21276000 JavaThread "Cache worker for cache directory md-supplier (C:\Users\carls\.gradle\caches\6.7.1\md-supplier)" [_thread_blocked, id=2092, stack(0x000000f939500000,0x000000f939600000)]
  0x0000020a21273000 JavaThread "Cache worker for cache directory md-rule (C:\Users\carls\.gradle\caches\6.7.1\md-rule)" [_thread_blocked, id=9072, stack(0x000000f939600000,0x000000f939700000)]
  0x0000020a21270800 JavaThread "Cache worker for execution history cache (C:\Users\carls\.gradle\caches\6.7.1\executionHistory)" [_thread_blocked, id=16864, stack(0x000000f939700000,0x000000f939800000)]
  0x0000020a21271800 JavaThread "jar transforms" [_thread_blocked, id=3172, stack(0x000000f939200000,0x000000f939300000)]
  0x0000020a20b6b000 JavaThread "Cache worker for file content cache (C:\Users\carls\.gradle\caches\6.7.1\fileContent)" [_thread_blocked, id=17128, stack(0x000000f939800000,0x000000f939900000)]
  0x0000020a20b68800 JavaThread "Cache worker for Build Output Cleanup Cache (D:\Android Programming\Github\module-303---app-2-weather-app-team-2\.gradle\buildOutputCleanup)" [_thread_blocked, id=13236, stack(0x000000f939900000,0x000000f939a00000)]
  0x0000020a20b65800 JavaThread "Build operations" [_thread_blocked, id=17488, stack(0x000000f939a00000,0x000000f939b00000)]
  0x0000020a20b6e000 JavaThread "Build operations Thread 2" [_thread_blocked, id=17492, stack(0x000000f939b00000,0x000000f939c00000)]
  0x0000020a20b6f000 JavaThread "Build operations Thread 3" [_thread_blocked, id=17496, stack(0x000000f939c00000,0x000000f939d00000)]
  0x0000020a20b69800 JavaThread "Build operations Thread 4" [_thread_blocked, id=17500, stack(0x000000f939d00000,0x000000f939e00000)]
  0x0000020a20b70000 JavaThread "Build operations Thread 5" [_thread_blocked, id=17504, stack(0x000000f939e00000,0x000000f939f00000)]
  0x0000020a20b6a000 JavaThread "Build operations Thread 6" [_thread_blocked, id=17508, stack(0x000000f939f00000,0x000000f93a000000)]
  0x0000020a20b70800 JavaThread "Build operations Thread 7" [_thread_blocked, id=17512, stack(0x000000f93a000000,0x000000f93a100000)]
  0x0000020a20b71800 JavaThread "Build operations Thread 8" [_thread_blocked, id=17516, stack(0x000000f93a100000,0x000000f93a200000)]
  0x0000020a20b6c000 JavaThread "jar transforms Thread 2" [_thread_blocked, id=17564, stack(0x000000f93a200000,0x000000f93a300000)]
  0x0000020a20b72800 JavaThread "jar transforms Thread 3" [_thread_blocked, id=17568, stack(0x000000f93a300000,0x000000f93a400000)]
  0x0000020a20b6c800 JavaThread "jar transforms Thread 4" [_thread_blocked, id=17572, stack(0x000000f93a400000,0x000000f93a500000)]
  0x0000020a20b73000 JavaThread "jar transforms Thread 5" [_thread_blocked, id=17576, stack(0x000000f93a500000,0x000000f93a600000)]
  0x0000020a20b6d800 JavaThread "jar transforms Thread 6" [_thread_blocked, id=17580, stack(0x000000f93a600000,0x000000f93a700000)]
  0x0000020a20b74000 JavaThread "jar transforms Thread 7" [_thread_blocked, id=17584, stack(0x000000f93a700000,0x000000f93a800000)]
  0x0000020a2127e000 JavaThread "jar transforms Thread 8" [_thread_blocked, id=17588, stack(0x000000f93a800000,0x000000f93a900000)]
  0x0000020a2127c000 JavaThread "jar transforms Thread 9" [_thread_blocked, id=17592, stack(0x000000f93a900000,0x000000f93aa00000)]
  0x0000020a2127d000 JavaThread "jar transforms Thread 10" [_thread_blocked, id=17596, stack(0x000000f93aa00000,0x000000f93ab00000)]
  0x0000020a2127a800 JavaThread "jar transforms Thread 11" [_thread_blocked, id=17600, stack(0x000000f93ab00000,0x000000f93ac00000)]
  0x0000020a2127b800 JavaThread "jar transforms Thread 12" [_thread_blocked, id=17604, stack(0x000000f93ac00000,0x000000f93ad00000)]
  0x0000020a2127e800 JavaThread "jar transforms Thread 13" [_thread_blocked, id=17608, stack(0x000000f93ad00000,0x000000f93ae00000)]
  0x0000020a2127f800 JavaThread "jar transforms Thread 14" [_thread_blocked, id=17612, stack(0x000000f93ae00000,0x000000f93af00000)]
  0x0000020a21279800 JavaThread "jar transforms Thread 15" [_thread_blocked, id=17616, stack(0x000000f93af00000,0x000000f93b000000)]
  0x0000020a21286000 JavaThread "jar transforms Thread 16" [_thread_blocked, id=17620, stack(0x000000f93b000000,0x000000f93b100000)]
  0x0000020a21280000 JavaThread "jar transforms Thread 17" [_thread_blocked, id=17624, stack(0x000000f93b100000,0x000000f93b200000)]
  0x0000020a21286800 JavaThread "jar transforms Thread 18" [_thread_blocked, id=17628, stack(0x000000f93b200000,0x000000f93b300000)]
  0x0000020a21285000 JavaThread "jar transforms Thread 19" [_thread_blocked, id=17632, stack(0x000000f93b300000,0x000000f93b400000)]
  0x0000020a21281000 JavaThread "jar transforms Thread 20" [_thread_blocked, id=17636, stack(0x000000f93b400000,0x000000f93b500000)]
  0x0000020a21287800 JavaThread "jar transforms Thread 21" [_thread_blocked, id=17640, stack(0x000000f93b500000,0x000000f93b600000)]
  0x0000020a21283800 JavaThread "jar transforms Thread 22" [_thread_blocked, id=17644, stack(0x000000f93b600000,0x000000f93b700000)]
  0x0000020a21282000 JavaThread "jar transforms Thread 23" [_thread_blocked, id=17648, stack(0x000000f93b700000,0x000000f93b800000)]
  0x0000020a21288800 JavaThread "jar transforms Thread 24" [_thread_blocked, id=17652, stack(0x000000f93b800000,0x000000f93b900000)]
  0x0000020a21284800 JavaThread "jar transforms Thread 25" [_thread_blocked, id=17656, stack(0x000000f93b900000,0x000000f93ba00000)]
  0x0000020a21282800 JavaThread "jar transforms Thread 26" [_thread_blocked, id=17660, stack(0x000000f93ba00000,0x000000f93bb00000)]
  0x0000020a1ed4c800 JavaThread "jar transforms Thread 27" [_thread_blocked, id=17664, stack(0x000000f93bb00000,0x000000f93bc00000)]
  0x0000020a1ed4a800 JavaThread "jar transforms Thread 28" [_thread_blocked, id=17668, stack(0x000000f93bc00000,0x000000f93bd00000)]
  0x0000020a1ed4f000 JavaThread "jar transforms Thread 29" [_thread_blocked, id=17672, stack(0x000000f93bd00000,0x000000f93be00000)]
  0x0000020a1ed4e000 JavaThread "jar transforms Thread 30" [_thread_blocked, id=17680, stack(0x000000f93be00000,0x000000f93bf00000)]
  0x0000020a1ed4f800 JavaThread "jar transforms Thread 31" [_thread_blocked, id=17684, stack(0x000000f93bf00000,0x000000f93c000000)]
  0x0000020a1ed50800 JavaThread "jar transforms Thread 32" [_thread_blocked, id=17688, stack(0x000000f93c000000,0x000000f93c100000)]
  0x0000020a1ed51800 JavaThread "jar transforms Thread 33" [_thread_blocked, id=17692, stack(0x000000f93c100000,0x000000f93c200000)]
  0x0000020a1ed4b800 JavaThread "jar transforms Thread 34" [_thread_blocked, id=17696, stack(0x000000f93c200000,0x000000f93c300000)]
  0x0000020a1ed52000 JavaThread "jar transforms Thread 35" [_thread_blocked, id=17700, stack(0x000000f93c300000,0x000000f93c400000)]
  0x0000020a1ed4d000 JavaThread "jar transforms Thread 36" [_thread_blocked, id=17704, stack(0x000000f93c400000,0x000000f93c500000)]
  0x0000020a1ed58000 JavaThread "jar transforms Thread 37" [_thread_blocked, id=17708, stack(0x000000f93c500000,0x000000f93c600000)]
  0x0000020a1ed54800 JavaThread "jar transforms Thread 38" [_thread_blocked, id=17712, stack(0x000000f93c600000,0x000000f93c700000)]
  0x0000020a1ed53800 JavaThread "jar transforms Thread 39" [_thread_blocked, id=17716, stack(0x000000f93c700000,0x000000f93c800000)]
  0x0000020a1ed55800 JavaThread "jar transforms Thread 40" [_thread_blocked, id=17724, stack(0x000000f93c800000,0x000000f93c900000)]
  0x0000020a1ed56000 JavaThread "jar transforms Thread 41" [_thread_blocked, id=17728, stack(0x000000f93c900000,0x000000f93ca00000)]
  0x0000020a1ed53000 JavaThread "jar transforms Thread 42" [_thread_blocked, id=17732, stack(0x000000f93ca00000,0x000000f93cb00000)]
  0x0000020a1ed57000 JavaThread "jar transforms Thread 43" [_thread_blocked, id=17736, stack(0x000000f93cb00000,0x000000f93cc00000)]
  0x0000020a1ed59800 JavaThread "jar transforms Thread 44" [_thread_blocked, id=17740, stack(0x000000f93cc00000,0x000000f93cd00000)]
  0x0000020a1ed58800 JavaThread "jar transforms Thread 45" [_thread_blocked, id=17744, stack(0x000000f93cd00000,0x000000f93ce00000)]
  0x0000020a1ee83800 JavaThread "jar transforms Thread 46" [_thread_blocked, id=17748, stack(0x000000f93ce00000,0x000000f93cf00000)]
  0x0000020a1ee81000 JavaThread "jar transforms Thread 47" [_thread_blocked, id=17752, stack(0x000000f93cf00000,0x000000f93d000000)]
  0x0000020a1ee80800 JavaThread "jar transforms Thread 48" [_thread_blocked, id=17756, stack(0x000000f93d000000,0x000000f93d100000)]
  0x0000020a1ee87800 JavaThread "jar transforms Thread 49" [_thread_blocked, id=17764, stack(0x000000f93d100000,0x000000f93d200000)]
  0x0000020a1ee87000 JavaThread "jar transforms Thread 50" [_thread_blocked, id=17768, stack(0x000000f93d200000,0x000000f93d300000)]
  0x0000020a1ee82000 JavaThread "jar transforms Thread 51" [_thread_blocked, id=17772, stack(0x000000f93d300000,0x000000f93d400000)]
  0x0000020a1ee88800 JavaThread "jar transforms Thread 52" [_thread_blocked, id=17776, stack(0x000000f93d400000,0x000000f93d500000)]
  0x0000020a1ee82800 JavaThread "jar transforms Thread 53" [_thread_blocked, id=17780, stack(0x000000f93d500000,0x000000f93d600000)]
  0x0000020a1ee86000 JavaThread "jar transforms Thread 54" [_thread_blocked, id=17784, stack(0x000000f93d600000,0x000000f93d700000)]
  0x0000020a1ee89800 JavaThread "jar transforms Thread 55" [_thread_blocked, id=17788, stack(0x000000f93d700000,0x000000f93d800000)]
  0x0000020a1ee84800 JavaThread "jar transforms Thread 56" [_thread_blocked, id=17792, stack(0x000000f93d800000,0x000000f93d900000)]
  0x0000020a1ee8a000 JavaThread "jar transforms Thread 57" [_thread_blocked, id=17796, stack(0x000000f93d900000,0x000000f93da00000)]
  0x0000020a1ee8b000 JavaThread "jar transforms Thread 58" [_thread_blocked, id=17800, stack(0x000000f93da00000,0x000000f93db00000)]
  0x0000020a1ee85000 JavaThread "jar transforms Thread 59" [_thread_blocked, id=17804, stack(0x000000f93db00000,0x000000f93dc00000)]
  0x0000020a1ee8b800 JavaThread "jar transforms Thread 60" [_thread_blocked, id=17808, stack(0x000000f93dc00000,0x000000f93dd00000)]
  0x0000020a1ee8c800 JavaThread "jar transforms Thread 61" [_thread_blocked, id=17812, stack(0x000000f93dd00000,0x000000f93de00000)]
  0x0000020a1ee8d800 JavaThread "jar transforms Thread 62" [_thread_blocked, id=17816, stack(0x000000f93de00000,0x000000f93df00000)]
  0x0000020a1ee8e000 JavaThread "jar transforms Thread 63" [_thread_blocked, id=17820, stack(0x000000f93df00000,0x000000f93e000000)]
  0x0000020a1ee8f000 JavaThread "jar transforms Thread 64" [_thread_blocked, id=17824, stack(0x000000f93e000000,0x000000f93e100000)]
  0x0000020a21770000 JavaThread "jar transforms Thread 65" [_thread_blocked, id=17828, stack(0x000000f93e100000,0x000000f93e200000)]
  0x0000020a2176f000 JavaThread "jar transforms Thread 66" [_thread_blocked, id=17832, stack(0x000000f93e200000,0x000000f93e300000)]
  0x0000020a21771000 JavaThread "jar transforms Thread 67" [_thread_blocked, id=17836, stack(0x000000f93e300000,0x000000f93e400000)]
  0x0000020a2176c000 JavaThread "jar transforms Thread 68" [_thread_blocked, id=17840, stack(0x000000f93e400000,0x000000f93e500000)]
  0x0000020a2176d800 JavaThread "jar transforms Thread 69" [_thread_blocked, id=17844, stack(0x000000f93e500000,0x000000f93e600000)]
  0x0000020a2176b000 JavaThread "jar transforms Thread 70" [_thread_blocked, id=17848, stack(0x000000f93e600000,0x000000f93e700000)]
  0x0000020a21772800 JavaThread "jar transforms Thread 71" [_thread_blocked, id=17852, stack(0x000000f93e700000,0x000000f93e800000)]
  0x0000020a21771800 JavaThread "jar transforms Thread 72" [_thread_blocked, id=17856, stack(0x000000f93e800000,0x000000f93e900000)]
  0x0000020a2176d000 JavaThread "jar transforms Thread 73" [_thread_blocked, id=17860, stack(0x000000f93e900000,0x000000f93ea00000)]
  0x0000020a21774000 JavaThread "jar transforms Thread 74" [_thread_blocked, id=17864, stack(0x000000f93ea00000,0x000000f93eb00000)]
  0x0000020a2176e800 JavaThread "jar transforms Thread 75" [_thread_blocked, id=17868, stack(0x000000f93eb00000,0x000000f93ec00000)]
  0x0000020a21777800 JavaThread "jar transforms Thread 76" [_thread_blocked, id=17872, stack(0x000000f93ec00000,0x000000f93ed00000)]
  0x0000020a21775000 JavaThread "jar transforms Thread 77" [_thread_blocked, id=17876, stack(0x000000f93ed00000,0x000000f93ee00000)]
  0x0000020a21776000 JavaThread "jar transforms Thread 78" [_thread_blocked, id=17880, stack(0x000000f93ee00000,0x000000f93ef00000)]
  0x0000020a21776800 JavaThread "jar transforms Thread 79" [_thread_blocked, id=17884, stack(0x000000f93ef00000,0x000000f93f000000)]
  0x0000020a21778000 JavaThread "jar transforms Thread 80" [_thread_blocked, id=17888, stack(0x000000f93f000000,0x000000f93f100000)]
  0x0000020a21779000 JavaThread "jar transforms Thread 81" [_thread_blocked, id=17892, stack(0x000000f93f100000,0x000000f93f200000)]
  0x0000020a21773800 JavaThread "jar transforms Thread 82" [_thread_blocked, id=17896, stack(0x000000f93f200000,0x000000f93f300000)]
  0x0000020a2177a000 JavaThread "jar transforms Thread 83" [_thread_blocked, id=17900, stack(0x000000f93f300000,0x000000f93f400000)]
  0x0000020a1fcfe800 JavaThread "jar transforms Thread 84" [_thread_blocked, id=17904, stack(0x000000f93f400000,0x000000f93f500000)]
  0x0000020a1fd01000 JavaThread "jar transforms Thread 85" [_thread_blocked, id=17908, stack(0x000000f93f500000,0x000000f93f600000)]
  0x0000020a1fcfd800 JavaThread "jar transforms Thread 86" [_thread_blocked, id=17912, stack(0x000000f93f600000,0x000000f93f700000)]
  0x0000020a1fd02000 JavaThread "jar transforms Thread 87" [_thread_blocked, id=17916, stack(0x000000f93f700000,0x000000f93f800000)]
  0x0000020a1fcff800 JavaThread "jar transforms Thread 88" [_thread_blocked, id=17920, stack(0x000000f93f800000,0x000000f93f900000)]
  0x0000020a1fd00000 JavaThread "jar transforms Thread 89" [_thread_blocked, id=17924, stack(0x000000f93f900000,0x000000f93fa00000)]
  0x0000020a1fd02800 JavaThread "jar transforms Thread 90" [_thread_blocked, id=17928, stack(0x000000f93fa00000,0x000000f93fb00000)]
  0x0000020a1fcfd000 JavaThread "jar transforms Thread 91" [_thread_blocked, id=17932, stack(0x000000f93fb00000,0x000000f93fc00000)]
  0x0000020a1fd04800 JavaThread "jar transforms Thread 92" [_thread_blocked, id=17936, stack(0x000000f93fc00000,0x000000f93fd00000)]
  0x0000020a1fd03800 JavaThread "jar transforms Thread 93" [_thread_blocked, id=17940, stack(0x000000f93fd00000,0x000000f93fe00000)]
  0x0000020a1fd06800 JavaThread "jar transforms Thread 94" [_thread_blocked, id=17944, stack(0x000000f93fe00000,0x000000f93ff00000)]
  0x0000020a1fd08800 JavaThread "jar transforms Thread 95" [_thread_blocked, id=17948, stack(0x000000f93ff00000,0x000000f940000000)]
  0x0000020a1fd05000 JavaThread "jar transforms Thread 96" [_thread_blocked, id=17952, stack(0x000000f940000000,0x000000f940100000)]
  0x0000020a1fd0a000 JavaThread "jar transforms Thread 97" [_thread_blocked, id=17956, stack(0x000000f940100000,0x000000f940200000)]
  0x0000020a1fd09000 JavaThread "jar transforms Thread 98" [_thread_blocked, id=17960, stack(0x000000f940200000,0x000000f940300000)]
  0x0000020a1fd0b000 JavaThread "jar transforms Thread 99" [_thread_blocked, id=17964, stack(0x000000f940300000,0x000000f940400000)]
  0x0000020a1fd06000 JavaThread "jar transforms Thread 100" [_thread_blocked, id=17968, stack(0x000000f940400000,0x000000f940500000)]
  0x0000020a1fd0b800 JavaThread "jar transforms Thread 101" [_thread_blocked, id=17972, stack(0x000000f940500000,0x000000f940600000)]
  0x0000020a1fd07800 JavaThread "jar transforms Thread 102" [_thread_blocked, id=17976, stack(0x000000f940600000,0x000000f940700000)]
  0x0000020a23f70800 JavaThread "jar transforms Thread 103" [_thread_blocked, id=17980, stack(0x000000f940700000,0x000000f940800000)]
  0x0000020a23f72000 JavaThread "jar transforms Thread 104" [_thread_blocked, id=17984, stack(0x000000f940800000,0x000000f940900000)]
  0x0000020a23f75800 JavaThread "jar transforms Thread 105" [_thread_blocked, id=17988, stack(0x000000f940900000,0x000000f940a00000)]
  0x0000020a23f77000 JavaThread "jar transforms Thread 106" [_thread_blocked, id=17992, stack(0x000000f940a00000,0x000000f940b00000)]
  0x0000020a23f71800 JavaThread "jar transforms Thread 107" [_thread_blocked, id=17996, stack(0x000000f940b00000,0x000000f940c00000)]
  0x0000020a23f76000 JavaThread "jar transforms Thread 108" [_thread_blocked, id=18000, stack(0x000000f940c00000,0x000000f940d00000)]
  0x0000020a23f78000 JavaThread "jar transforms Thread 109" [_thread_blocked, id=18004, stack(0x000000f940d00000,0x000000f940e00000)]
  0x0000020a23f73000 JavaThread "jar transforms Thread 110" [_thread_blocked, id=18008, stack(0x000000f940e00000,0x000000f940f00000)]
  0x0000020a23f74800 JavaThread "jar transforms Thread 111" [_thread_blocked, id=18012, stack(0x000000f940f00000,0x000000f941000000)]
  0x0000020a23f79800 JavaThread "jar transforms Thread 112" [_thread_blocked, id=18016, stack(0x000000f941000000,0x000000f941100000)]
  0x0000020a23f78800 JavaThread "jar transforms Thread 113" [_thread_blocked, id=18020, stack(0x000000f941100000,0x000000f941200000)]
  0x0000020a23f74000 JavaThread "jar transforms Thread 114" [_thread_blocked, id=18024, stack(0x000000f941200000,0x000000f941300000)]
  0x0000020a23f7e800 JavaThread "jar transforms Thread 115" [_thread_blocked, id=18028, stack(0x000000f941300000,0x000000f941400000)]
  0x0000020a23f7a800 JavaThread "jar transforms Thread 116" [_thread_blocked, id=18032, stack(0x000000f941400000,0x000000f941500000)]
  0x0000020a23f7b000 JavaThread "jar transforms Thread 117" [_thread_blocked, id=18044, stack(0x000000f941500000,0x000000f941600000)]
  0x0000020a23f7c800 JavaThread "jar transforms Thread 118" [_thread_blocked, id=18048, stack(0x000000f941600000,0x000000f941700000)]

Other Threads:
  0x0000020a1e138000 VMThread "VM Thread" [stack: 0x000000f936f00000,0x000000f937000000] [id=3856]
  0x0000020a1ec21000 WatcherThread [stack: 0x000000f937900000,0x000000f937a00000] [id=14524]
  0x0000020a03e57000 GCTaskThread "GC Thread#0" [stack: 0x000000f936a00000,0x000000f936b00000] [id=1240]
  0x0000020a1f97c800 GCTaskThread "GC Thread#1" [stack: 0x000000f937b00000,0x000000f937c00000] [id=864]
  0x0000020a1f912000 GCTaskThread "GC Thread#2" [stack: 0x000000f937c00000,0x000000f937d00000] [id=6980]
  0x0000020a20cb1000 GCTaskThread "GC Thread#3" [stack: 0x000000f938800000,0x000000f938900000] [id=7124]
  0x0000020a1fe1c800 GCTaskThread "GC Thread#4" [stack: 0x000000f938900000,0x000000f938a00000] [id=2684]
  0x0000020a1ed02000 GCTaskThread "GC Thread#5" [stack: 0x000000f938a00000,0x000000f938b00000] [id=15780]
  0x0000020a20994800 GCTaskThread "GC Thread#6" [stack: 0x000000f938b00000,0x000000f938c00000] [id=7936]
  0x0000020a20cfc000 GCTaskThread "GC Thread#7" [stack: 0x000000f938c00000,0x000000f938d00000] [id=8176]
  0x0000020a03e8b000 ConcurrentGCThread "G1 Main Marker" [stack: 0x000000f936b00000,0x000000f936c00000] [id=17352]
  0x0000020a03e8f800 ConcurrentGCThread "G1 Conc#0" [stack: 0x000000f936c00000,0x000000f936d00000] [id=15588]
  0x0000020a20cfc800 ConcurrentGCThread "G1 Conc#1" [stack: 0x000000f939000000,0x000000f939100000] [id=2824]
  0x0000020a1df84800 ConcurrentGCThread "G1 Refine#0" [stack: 0x000000f936d00000,0x000000f936e00000] [id=8664]
  0x0000020a20ac0800 ConcurrentGCThread "G1 Refine#1" [stack: 0x000000f938d00000,0x000000f938e00000] [id=6848]
  0x0000020a03f1e000 ConcurrentGCThread "G1 Young RemSet Sampling" [stack: 0x000000f936e00000,0x000000f936f00000] [id=1376]

Threads with active compile tasks:
C2 CompilerThread0  21517 4768       4       java.util.jar.JarFile::getManifest (5 bytes)

VM state:not at safepoint (normal execution)

VM Mutex/Monitor currently owned by a thread: None

Heap address: 0x0000000080000000, size: 2048 MB, Compressed Oops mode: 32-bit
Narrow klass base: 0x0000000000000000, Narrow klass shift: 3
Compressed class space size: 1073741824 Address: 0x0000000100000000

Heap:
 garbage-first heap   total 131072K, used 49930K [0x0000000080000000, 0x0000000100000000)
  region size 1024K, 17 young (17408K), 9 survivors (9216K)
 Metaspace       used 50703K, capacity 51879K, committed 52224K, reserved 1095680K
  class space    used 6434K, capacity 6820K, committed 6912K, reserved 1048576K
Heap Regions: E=young(eden), S=young(survivor), O=old, HS=humongous(starts), HC=humongous(continues), CS=collection set, F=free, A=archive, TAMS=top-at-mark-start (previous, next)
|   0|0x0000000080000000, 0x0000000080100000, 0x0000000080100000|100%| O|  |TAMS 0x0000000080100000, 0x0000000080000000| Untracked 
|   1|0x0000000080100000, 0x0000000080200000, 0x0000000080200000|100%| O|  |TAMS 0x0000000080200000, 0x0000000080100000| Untracked 
|   2|0x0000000080200000, 0x0000000080300000, 0x0000000080300000|100%| O|  |TAMS 0x0000000080300000, 0x0000000080200000| Untracked 
|   3|0x0000000080300000, 0x0000000080400000, 0x0000000080400000|100%|HS|  |TAMS 0x0000000080400000, 0x0000000080300000| Complete 
|   4|0x0000000080400000, 0x0000000080500000, 0x0000000080500000|100%|HC|  |TAMS 0x0000000080500000, 0x0000000080400000| Complete 
|   5|0x0000000080500000, 0x0000000080600000, 0x0000000080600000|100%|HC|  |TAMS 0x0000000080600000, 0x0000000080500000| Complete 
|   6|0x0000000080600000, 0x0000000080700000, 0x0000000080700000|100%| O|  |TAMS 0x0000000080700000, 0x0000000080600000| Untracked 
|   7|0x0000000080700000, 0x0000000080800000, 0x0000000080800000|100%| O|  |TAMS 0x0000000080800000, 0x0000000080700000| Untracked 
|   8|0x0000000080800000, 0x0000000080900000, 0x0000000080900000|100%| O|  |TAMS 0x0000000080900000, 0x0000000080800000| Untracked 
|   9|0x0000000080900000, 0x0000000080a00000, 0x0000000080a00000|100%| O|  |TAMS 0x0000000080a00000, 0x0000000080900000| Untracked 
|  10|0x0000000080a00000, 0x0000000080b00000, 0x0000000080b00000|100%| O|  |TAMS 0x0000000080b00000, 0x0000000080a00000| Untracked 
|  11|0x0000000080b00000, 0x0000000080c00000, 0x0000000080c00000|100%| O|  |TAMS 0x0000000080c00000, 0x0000000080b00000| Untracked 
|  12|0x0000000080c00000, 0x0000000080d00000, 0x0000000080d00000|100%| O|  |TAMS 0x0000000080d00000, 0x0000000080c00000| Untracked 
|  13|0x0000000080d00000, 0x0000000080e00000, 0x0000000080e00000|100%| O|  |TAMS 0x0000000080e00000, 0x0000000080d00000| Untracked 
|  14|0x0000000080e00000, 0x0000000080f00000, 0x0000000080f00000|100%| O|  |TAMS 0x0000000080f00000, 0x0000000080e00000| Untracked 
|  15|0x0000000080f00000, 0x0000000081000000, 0x0000000081000000|100%| O|  |TAMS 0x0000000080f4b000, 0x0000000080f00000| Untracked 
|  16|0x0000000081000000, 0x0000000081100000, 0x0000000081100000|100%| O|  |TAMS 0x0000000081000000, 0x0000000081000000| Untracked 
|  17|0x0000000081100000, 0x0000000081200000, 0x0000000081200000|100%| O|  |TAMS 0x0000000081100000, 0x0000000081100000| Untracked 
|  18|0x0000000081200000, 0x0000000081300000, 0x0000000081300000|100%| O|  |TAMS 0x0000000081200000, 0x0000000081200000| Untracked 
|  19|0x0000000081300000, 0x0000000081400000, 0x0000000081400000|100%|HS|  |TAMS 0x0000000081300000, 0x0000000081300000| Complete 
|  20|0x0000000081400000, 0x0000000081500000, 0x0000000081500000|100%| O|  |TAMS 0x0000000081400000, 0x0000000081400000| Untracked 
|  21|0x0000000081500000, 0x0000000081600000, 0x0000000081600000|100%| O|  |TAMS 0x0000000081500000, 0x0000000081500000| Untracked 
|  22|0x0000000081600000, 0x0000000081700000, 0x0000000081700000|100%|HS|  |TAMS 0x0000000081600000, 0x0000000081600000| Complete 
|  23|0x0000000081700000, 0x0000000081800000, 0x0000000081800000|100%|HC|  |TAMS 0x0000000081700000, 0x0000000081700000| Complete 
|  24|0x0000000081800000, 0x0000000081900000, 0x0000000081900000|100%|HC|  |TAMS 0x0000000081800000, 0x0000000081800000| Complete 
|  25|0x0000000081900000, 0x0000000081a00000, 0x0000000081a00000|100%|HS|  |TAMS 0x0000000081900000, 0x0000000081900000| Complete 
|  26|0x0000000081a00000, 0x0000000081b00000, 0x0000000081b00000|100%|HC|  |TAMS 0x0000000081a00000, 0x0000000081a00000| Complete 
|  27|0x0000000081b00000, 0x0000000081c00000, 0x0000000081c00000|100%| O|  |TAMS 0x0000000081b00000, 0x0000000081b00000| Untracked 
|  28|0x0000000081c00000, 0x0000000081d00000, 0x0000000081d00000|100%| O|  |TAMS 0x0000000081c00000, 0x0000000081c00000| Untracked 
|  29|0x0000000081d00000, 0x0000000081e00000, 0x0000000081e00000|100%| O|  |TAMS 0x0000000081d00000, 0x0000000081d00000| Untracked 
|  30|0x0000000081e00000, 0x0000000081f00000, 0x0000000081f00000|100%| O|  |TAMS 0x0000000081e00000, 0x0000000081e00000| Untracked 
|  31|0x0000000081f00000, 0x0000000082000000, 0x0000000082000000|100%| O|  |TAMS 0x0000000081f00000, 0x0000000081f00000| Untracked 
|  32|0x0000000082000000, 0x00000000820c2800, 0x0000000082100000| 75%| O|  |TAMS 0x0000000082000000, 0x0000000082000000| Untracked 
|  33|0x0000000082100000, 0x0000000082100000, 0x0000000082200000|  0%| F|  |TAMS 0x0000000082100000, 0x0000000082100000| Untracked 
|  34|0x0000000082200000, 0x0000000082200000, 0x0000000082300000|  0%| F|  |TAMS 0x0000000082200000, 0x0000000082200000| Untracked 
|  35|0x0000000082300000, 0x0000000082300000, 0x0000000082400000|  0%| F|  |TAMS 0x0000000082300000, 0x0000000082300000| Untracked 
|  36|0x0000000082400000, 0x0000000082400000, 0x0000000082500000|  0%| F|  |TAMS 0x0000000082400000, 0x0000000082400000| Untracked 
|  37|0x0000000082500000, 0x0000000082500000, 0x0000000082600000|  0%| F|  |TAMS 0x0000000082500000, 0x0000000082500000| Untracked 
|  38|0x0000000082600000, 0x0000000082600000, 0x0000000082700000|  0%| F|  |TAMS 0x0000000082600000, 0x0000000082600000| Untracked 
|  39|0x0000000082700000, 0x0000000082700000, 0x0000000082800000|  0%| F|  |TAMS 0x0000000082700000, 0x0000000082700000| Untracked 
|  40|0x0000000082800000, 0x0000000082800000, 0x0000000082900000|  0%| F|  |TAMS 0x0000000082800000, 0x0000000082800000| Untracked 
|  41|0x0000000082900000, 0x0000000082900000, 0x0000000082a00000|  0%| F|  |TAMS 0x0000000082900000, 0x0000000082900000| Untracked 
|  42|0x0000000082a00000, 0x0000000082a00000, 0x0000000082b00000|  0%| F|  |TAMS 0x0000000082a00000, 0x0000000082a00000| Untracked 
|  43|0x0000000082b00000, 0x0000000082b00000, 0x0000000082c00000|  0%| F|  |TAMS 0x0000000082b00000, 0x0000000082b00000| Untracked 
|  44|0x0000000082c00000, 0x0000000082c00000, 0x0000000082d00000|  0%| F|  |TAMS 0x0000000082c00000, 0x0000000082c00000| Untracked 
|  45|0x0000000082d00000, 0x0000000082d00000, 0x0000000082e00000|  0%| F|  |TAMS 0x0000000082d00000, 0x0000000082d00000| Untracked 
|  46|0x0000000082e00000, 0x0000000082e00000, 0x0000000082f00000|  0%| F|  |TAMS 0x0000000082e00000, 0x0000000082e00000| Untracked 
|  47|0x0000000082f00000, 0x0000000082f00000, 0x0000000083000000|  0%| F|  |TAMS 0x0000000082f00000, 0x0000000082f00000| Untracked 
|  48|0x0000000083000000, 0x0000000083000000, 0x0000000083100000|  0%| F|  |TAMS 0x0000000083000000, 0x0000000083000000| Untracked 
|  49|0x0000000083100000, 0x0000000083100000, 0x0000000083200000|  0%| F|  |TAMS 0x0000000083100000, 0x0000000083100000| Untracked 
|  50|0x0000000083200000, 0x0000000083300000, 0x0000000083300000|100%| S|CS|TAMS 0x0000000083200000, 0x0000000083200000| Complete 
|  51|0x0000000083300000, 0x0000000083400000, 0x0000000083400000|100%| S|CS|TAMS 0x0000000083300000, 0x0000000083300000| Complete 
|  52|0x0000000083400000, 0x0000000083500000, 0x0000000083500000|100%| S|CS|TAMS 0x0000000083400000, 0x0000000083400000| Complete 
|  53|0x0000000083500000, 0x0000000083500000, 0x0000000083600000|  0%| F|  |TAMS 0x0000000083500000, 0x0000000083500000| Untracked 
|  54|0x0000000083600000, 0x0000000083600000, 0x0000000083700000|  0%| F|  |TAMS 0x0000000083600000, 0x0000000083600000| Untracked 
|  55|0x0000000083700000, 0x0000000083800000, 0x0000000083800000|100%| S|CS|TAMS 0x0000000083700000, 0x0000000083700000| Complete 
|  56|0x0000000083800000, 0x0000000083900000, 0x0000000083900000|100%| S|CS|TAMS 0x0000000083800000, 0x0000000083800000| Complete 
|  57|0x0000000083900000, 0x0000000083a00000, 0x0000000083a00000|100%| S|CS|TAMS 0x0000000083900000, 0x0000000083900000| Complete 
|  58|0x0000000083a00000, 0x0000000083b00000, 0x0000000083b00000|100%| S|CS|TAMS 0x0000000083a00000, 0x0000000083a00000| Complete 
|  59|0x0000000083b00000, 0x0000000083c00000, 0x0000000083c00000|100%| S|CS|TAMS 0x0000000083b00000, 0x0000000083b00000| Complete 
|  60|0x0000000083c00000, 0x0000000083d00000, 0x0000000083d00000|100%| S|CS|TAMS 0x0000000083c00000, 0x0000000083c00000| Complete 
|  61|0x0000000083d00000, 0x0000000083d00000, 0x0000000083e00000|  0%| F|  |TAMS 0x0000000083d00000, 0x0000000083d00000| Untracked 
|  62|0x0000000083e00000, 0x0000000083e00000, 0x0000000083f00000|  0%| F|  |TAMS 0x0000000083e00000, 0x0000000083e00000| Untracked 
|  63|0x0000000083f00000, 0x0000000083f00000, 0x0000000084000000|  0%| F|  |TAMS 0x0000000083f00000, 0x0000000083f00000| Untracked 
|  64|0x0000000084000000, 0x0000000084000000, 0x0000000084100000|  0%| F|  |TAMS 0x0000000084000000, 0x0000000084000000| Untracked 
|  65|0x0000000084100000, 0x0000000084100000, 0x0000000084200000|  0%| F|  |TAMS 0x0000000084100000, 0x0000000084100000| Untracked 
|  66|0x0000000084200000, 0x0000000084200000, 0x0000000084300000|  0%| F|  |TAMS 0x0000000084200000, 0x0000000084200000| Untracked 
|  67|0x0000000084300000, 0x0000000084300000, 0x0000000084400000|  0%| F|  |TAMS 0x0000000084300000, 0x0000000084300000| Untracked 
|  68|0x0000000084400000, 0x0000000084400000, 0x0000000084500000|  0%| F|  |TAMS 0x0000000084400000, 0x0000000084400000| Untracked 
|  69|0x0000000084500000, 0x0000000084500000, 0x0000000084600000|  0%| F|  |TAMS 0x0000000084500000, 0x0000000084500000| Untracked 
|  70|0x0000000084600000, 0x0000000084600000, 0x0000000084700000|  0%| F|  |TAMS 0x0000000084600000, 0x0000000084600000| Untracked 
|  71|0x0000000084700000, 0x0000000084700000, 0x0000000084800000|  0%| F|  |TAMS 0x0000000084700000, 0x0000000084700000| Untracked 
|  72|0x0000000084800000, 0x0000000084800000, 0x0000000084900000|  0%| F|  |TAMS 0x0000000084800000, 0x0000000084800000| Untracked 
|  73|0x0000000084900000, 0x0000000084900000, 0x0000000084a00000|  0%| F|  |TAMS 0x0000000084900000, 0x0000000084900000| Untracked 
|  74|0x0000000084a00000, 0x0000000084a00000, 0x0000000084b00000|  0%| F|  |TAMS 0x0000000084a00000, 0x0000000084a00000| Untracked 
|  75|0x0000000084b00000, 0x0000000084b00000, 0x0000000084c00000|  0%| F|  |TAMS 0x0000000084b00000, 0x0000000084b00000| Untracked 
|  76|0x0000000084c00000, 0x0000000084c00000, 0x0000000084d00000|  0%| F|  |TAMS 0x0000000084c00000, 0x0000000084c00000| Untracked 
|  77|0x0000000084d00000, 0x0000000084d00000, 0x0000000084e00000|  0%| F|  |TAMS 0x0000000084d00000, 0x0000000084d00000| Untracked 
|  78|0x0000000084e00000, 0x0000000084e00000, 0x0000000084f00000|  0%| F|  |TAMS 0x0000000084e00000, 0x0000000084e00000| Untracked 
|  79|0x0000000084f00000, 0x0000000084f00000, 0x0000000085000000|  0%| F|  |TAMS 0x0000000084f00000, 0x0000000084f00000| Untracked 
|  80|0x0000000085000000, 0x0000000085000000, 0x0000000085100000|  0%| F|  |TAMS 0x0000000085000000, 0x0000000085000000| Untracked 
|  81|0x0000000085100000, 0x0000000085100000, 0x0000000085200000|  0%| F|  |TAMS 0x0000000085100000, 0x0000000085100000| Untracked 
|  82|0x0000000085200000, 0x0000000085200000, 0x0000000085300000|  0%| F|  |TAMS 0x0000000085200000, 0x0000000085200000| Untracked 
|  83|0x0000000085300000, 0x0000000085300000, 0x0000000085400000|  0%| F|  |TAMS 0x0000000085300000, 0x0000000085300000| Untracked 
|  84|0x0000000085400000, 0x0000000085400000, 0x0000000085500000|  0%| F|  |TAMS 0x0000000085400000, 0x0000000085400000| Untracked 
|  85|0x0000000085500000, 0x0000000085500000, 0x0000000085600000|  0%| F|  |TAMS 0x0000000085500000, 0x0000000085500000| Untracked 
|  86|0x0000000085600000, 0x0000000085600000, 0x0000000085700000|  0%| F|  |TAMS 0x0000000085600000, 0x0000000085600000| Untracked 
|  87|0x0000000085700000, 0x0000000085700000, 0x0000000085800000|  0%| F|  |TAMS 0x0000000085700000, 0x0000000085700000| Untracked 
|  88|0x0000000085800000, 0x0000000085800000, 0x0000000085900000|  0%| F|  |TAMS 0x0000000085800000, 0x0000000085800000| Untracked 
|  89|0x0000000085900000, 0x0000000085900000, 0x0000000085a00000|  0%| F|  |TAMS 0x0000000085900000, 0x0000000085900000| Untracked 
|  90|0x0000000085a00000, 0x0000000085a00000, 0x0000000085b00000|  0%| F|  |TAMS 0x0000000085a00000, 0x0000000085a00000| Untracked 
|  91|0x0000000085b00000, 0x0000000085b00000, 0x0000000085c00000|  0%| F|  |TAMS 0x0000000085b00000, 0x0000000085b00000| Untracked 
|  92|0x0000000085c00000, 0x0000000085c00000, 0x0000000085d00000|  0%| F|  |TAMS 0x0000000085c00000, 0x0000000085c00000| Untracked 
|  93|0x0000000085d00000, 0x0000000085d00000, 0x0000000085e00000|  0%| F|  |TAMS 0x0000000085d00000, 0x0000000085d00000| Untracked 
|  94|0x0000000085e00000, 0x0000000085e00000, 0x0000000085f00000|  0%| F|  |TAMS 0x0000000085e00000, 0x0000000085e00000| Untracked 
|  95|0x0000000085f00000, 0x0000000085f00000, 0x0000000086000000|  0%| F|  |TAMS 0x0000000085f00000, 0x0000000085f00000| Untracked 
|  96|0x0000000086000000, 0x0000000086000000, 0x0000000086100000|  0%| F|  |TAMS 0x0000000086000000, 0x0000000086000000| Untracked 
|  97|0x0000000086100000, 0x0000000086100000, 0x0000000086200000|  0%| F|  |TAMS 0x0000000086100000, 0x0000000086100000| Untracked 
|  98|0x0000000086200000, 0x0000000086200000, 0x0000000086300000|  0%| F|  |TAMS 0x0000000086200000, 0x0000000086200000| Untracked 
|  99|0x0000000086300000, 0x0000000086300000, 0x0000000086400000|  0%| F|  |TAMS 0x0000000086300000, 0x0000000086300000| Untracked 
| 100|0x0000000086400000, 0x0000000086400000, 0x0000000086500000|  0%| F|  |TAMS 0x0000000086400000, 0x0000000086400000| Untracked 
| 101|0x0000000086500000, 0x0000000086500000, 0x0000000086600000|  0%| F|  |TAMS 0x0000000086500000, 0x0000000086500000| Untracked 
| 102|0x0000000086600000, 0x0000000086600000, 0x0000000086700000|  0%| F|  |TAMS 0x0000000086600000, 0x0000000086600000| Untracked 
| 103|0x0000000086700000, 0x0000000086700000, 0x0000000086800000|  0%| F|  |TAMS 0x0000000086700000, 0x0000000086700000| Untracked 
| 104|0x0000000086800000, 0x0000000086800000, 0x0000000086900000|  0%| F|  |TAMS 0x0000000086800000, 0x0000000086800000| Untracked 
| 105|0x0000000086900000, 0x0000000086900000, 0x0000000086a00000|  0%| F|  |TAMS 0x0000000086900000, 0x0000000086900000| Untracked 
| 106|0x0000000086a00000, 0x0000000086a00000, 0x0000000086b00000|  0%| F|  |TAMS 0x0000000086a00000, 0x0000000086a00000| Untracked 
| 107|0x0000000086b00000, 0x0000000086b00000, 0x0000000086c00000|  0%| F|  |TAMS 0x0000000086b00000, 0x0000000086b00000| Untracked 
| 108|0x0000000086c00000, 0x0000000086c00000, 0x0000000086d00000|  0%| F|  |TAMS 0x0000000086c00000, 0x0000000086c00000| Untracked 
| 109|0x0000000086d00000, 0x0000000086d00000, 0x0000000086e00000|  0%| F|  |TAMS 0x0000000086d00000, 0x0000000086d00000| Untracked 
| 110|0x0000000086e00000, 0x0000000086e00000, 0x0000000086f00000|  0%| F|  |TAMS 0x0000000086e00000, 0x0000000086e00000| Untracked 
| 111|0x0000000086f00000, 0x0000000086f00000, 0x0000000087000000|  0%| F|  |TAMS 0x0000000086f00000, 0x0000000086f00000| Untracked 
| 112|0x0000000087000000, 0x0000000087000000, 0x0000000087100000|  0%| F|  |TAMS 0x0000000087000000, 0x0000000087000000| Untracked 
| 113|0x0000000087100000, 0x0000000087100000, 0x0000000087200000|  0%| F|  |TAMS 0x0000000087100000, 0x0000000087100000| Untracked 
| 114|0x0000000087200000, 0x0000000087200000, 0x0000000087300000|  0%| F|  |TAMS 0x0000000087200000, 0x0000000087200000| Untracked 
| 115|0x0000000087300000, 0x0000000087300000, 0x0000000087400000|  0%| F|  |TAMS 0x0000000087300000, 0x0000000087300000| Untracked 
| 116|0x0000000087400000, 0x0000000087400000, 0x0000000087500000|  0%| F|  |TAMS 0x0000000087400000, 0x0000000087400000| Untracked 
| 117|0x0000000087500000, 0x0000000087500000, 0x0000000087600000|  0%| F|  |TAMS 0x0000000087500000, 0x0000000087500000| Untracked 
| 118|0x0000000087600000, 0x0000000087600000, 0x0000000087700000|  0%| F|  |TAMS 0x0000000087600000, 0x0000000087600000| Untracked 
| 119|0x0000000087700000, 0x0000000087700000, 0x0000000087800000|  0%| F|  |TAMS 0x0000000087700000, 0x0000000087700000| Untracked 
| 120|0x0000000087800000, 0x0000000087900000, 0x0000000087900000|100%| E|  |TAMS 0x0000000087800000, 0x0000000087800000| Complete 
| 121|0x0000000087900000, 0x0000000087a00000, 0x0000000087a00000|100%| E|CS|TAMS 0x0000000087900000, 0x0000000087900000| Complete 
| 122|0x0000000087a00000, 0x0000000087b00000, 0x0000000087b00000|100%| E|CS|TAMS 0x0000000087a00000, 0x0000000087a00000| Complete 
| 123|0x0000000087b00000, 0x0000000087c00000, 0x0000000087c00000|100%| E|CS|TAMS 0x0000000087b00000, 0x0000000087b00000| Complete 
| 124|0x0000000087c00000, 0x0000000087d00000, 0x0000000087d00000|100%| E|CS|TAMS 0x0000000087c00000, 0x0000000087c00000| Complete 
| 125|0x0000000087d00000, 0x0000000087e00000, 0x0000000087e00000|100%| E|CS|TAMS 0x0000000087d00000, 0x0000000087d00000| Complete 
| 126|0x0000000087e00000, 0x0000000087f00000, 0x0000000087f00000|100%| E|CS|TAMS 0x0000000087e00000, 0x0000000087e00000| Complete 
| 127|0x0000000087f00000, 0x0000000088000000, 0x0000000088000000|100%| E|CS|TAMS 0x0000000087f00000, 0x0000000087f00000| Complete 

Card table byte_map: [0x0000020a16ef0000,0x0000020a172f0000] _byte_map_base: 0x0000020a16af0000

Marking Bits (Prev, Next): (CMBitMap*) 0x0000020a03e825c8, (CMBitMap*) 0x0000020a03e82600
 Prev Bits: [0x0000020a176f0000, 0x0000020a196f0000)
 Next Bits: [0x0000020a196f0000, 0x0000020a1b6f0000)

Polling page: 0x0000020a01d10000

Metaspace:

Usage:
  Non-class:     44.07 MB capacity,    43.24 MB ( 98%) used,   736.17 KB (  2%) free+waste,   111.00 KB ( <1%) overhead. 
      Class:      6.66 MB capacity,     6.29 MB ( 94%) used,   329.73 KB (  5%) free+waste,    52.94 KB ( <1%) overhead. 
       Both:     50.73 MB capacity,    49.52 MB ( 98%) used,     1.04 MB (  2%) free+waste,   163.94 KB ( <1%) overhead. 

Virtual space:
  Non-class space:       46.00 MB reserved,      44.25 MB ( 96%) committed 
      Class space:        1.00 GB reserved,       6.75 MB ( <1%) committed 
             Both:        1.04 GB reserved,      51.00 MB (  5%) committed 

Chunk freelists:
   Non-Class:  61.00 KB
       Class:  28.00 KB
        Both:  89.00 KB

MaxMetaspaceSize: 17179869184.00 GB
CompressedClassSpaceSize: 1.00 GB

CodeHeap 'non-profiled nmethods': size=120000Kb used=2571Kb max_used=2584Kb free=117428Kb
 bounds [0x0000020a0f290000, 0x0000020a0f520000, 0x0000020a167c0000]
CodeHeap 'profiled nmethods': size=120000Kb used=9259Kb max_used=9262Kb free=110740Kb
 bounds [0x0000020a07d60000, 0x0000020a08670000, 0x0000020a0f290000]
CodeHeap 'non-nmethods': size=5760Kb used=2208Kb max_used=2240Kb free=3551Kb
 bounds [0x0000020a077c0000, 0x0000020a07a30000, 0x0000020a07d60000]
 total_blobs=5308 nmethods=4532 adapters=687
 compilation: enabled
              stopped_count=0, restarted_count=0
 full_count=0

Compilation events (20 events):
Event: 21.176 Thread 0x0000020a1e16e000 4752       3       java.lang.invoke.ClassSpecializer$Factory$1Var::nextIndex (18 bytes)
Event: 21.177 Thread 0x0000020a1e16e000 nmethod 4752 0x0000020a08666b90 code [0x0000020a08666d60, 0x0000020a08667018]
Event: 21.178 Thread 0x0000020a1e16e000 4755       3       java.lang.invoke.ClassSpecializer$Factory$1Var::<init> (146 bytes)
Event: 21.180 Thread 0x0000020a1e163000 nmethod 4733 0x0000020a0f514590 code [0x0000020a0f514780, 0x0000020a0f514d48]
Event: 21.180 Thread 0x0000020a1e163000 4747       4       java.lang.invoke.LambdaForm$Name::lastUseIndex (36 bytes)
Event: 21.181 Thread 0x0000020a1e16e000 nmethod 4755 0x0000020a08667190 code [0x0000020a086675a0, 0x0000020a08668e98]
Event: 21.181 Thread 0x0000020a1e16e000 4756       3       java.lang.invoke.ClassSpecializer$Factory$1Var::nextSlotIndex (24 bytes)
Event: 21.181 Thread 0x0000020a1e16e000 nmethod 4756 0x0000020a08669890 code [0x0000020a08669a60, 0x0000020a08669cf8]
Event: 21.181 Thread 0x0000020a1e16e000 4757       3       java.lang.invoke.ClassSpecializer::classBCName (33 bytes)
Event: 21.182 Thread 0x0000020a1e16e000 nmethod 4757 0x0000020a08669e10 code [0x0000020a08669fc0, 0x0000020a0866a0e8]
Event: 21.182 Thread 0x0000020a1e16e000 4761       3       java.lang.invoke.DirectMethodHandle::preparedFieldLambdaForm (183 bytes)
Event: 21.183 Thread 0x0000020a1e16e000 nmethod 4761 0x0000020a0866a190 code [0x0000020a0866a400, 0x0000020a0866ab58]
Event: 21.183 Thread 0x0000020a1e163000 nmethod 4747 0x0000020a0f515890 code [0x0000020a0f515a20, 0x0000020a0f515b38]
Event: 21.183 Thread 0x0000020a1e16e000 4763       3       java.lang.invoke.ClassSpecializer$Factory$1Var::emitVarInstruction (73 bytes)
Event: 21.184 Thread 0x0000020a1e16e000 nmethod 4763 0x0000020a0866ae90 code [0x0000020a0866b140, 0x0000020a0866bc78]
Event: 21.184 Thread 0x0000020a1e16e000 4764       3       java.lang.invoke.ClassSpecializer$Factory::typeLoadOp (90 bytes)
Event: 21.185 Thread 0x0000020a1e16e000 nmethod 4764 0x0000020a0866c110 code [0x0000020a0866c380, 0x0000020a0866cd78]
Event: 21.185 Thread 0x0000020a1e16e000 4766       3       java.util.stream.ReferencePipeline$3$1::accept (23 bytes)
Event: 21.185 Thread 0x0000020a1e16e000 nmethod 4766 0x0000020a0866d090 code [0x0000020a0866d260, 0x0000020a0866d4f8]
Event: 21.254 Thread 0x0000020a1e163000 4768       4       java.util.jar.JarFile::getManifest (5 bytes)

GC Heap History (16 events):
Event: 1.012 GC heap before
{Heap before GC invocations=0 (full 0):
 garbage-first heap   total 131072K, used 29696K [0x0000000080000000, 0x0000000100000000)
  region size 1024K, 24 young (24576K), 0 survivors (0K)
 Metaspace       used 10658K, capacity 10948K, committed 11264K, reserved 1058816K
  class space    used 1128K, capacity 1200K, committed 1280K, reserved 1048576K
}
Event: 1.017 GC heap after
{Heap after GC invocations=1 (full 0):
 garbage-first heap   total 131072K, used 8818K [0x0000000080000000, 0x0000000100000000)
  region size 1024K, 3 young (3072K), 3 survivors (3072K)
 Metaspace       used 10658K, capacity 10948K, committed 11264K, reserved 1058816K
  class space    used 1128K, capacity 1200K, committed 1280K, reserved 1048576K
}
Event: 3.558 GC heap before
{Heap before GC invocations=1 (full 0):
 garbage-first heap   total 131072K, used 82546K [0x0000000080000000, 0x0000000100000000)
  region size 1024K, 76 young (77824K), 3 survivors (3072K)
 Metaspace       used 19042K, capacity 19536K, committed 19712K, reserved 1067008K
  class space    used 2318K, capacity 2459K, committed 2560K, reserved 1048576K
}
Event: 3.567 GC heap after
{Heap after GC invocations=2 (full 0):
 garbage-first heap   total 131072K, used 15357K [0x0000000080000000, 0x0000000100000000)
  region size 1024K, 10 young (10240K), 10 survivors (10240K)
 Metaspace       used 19042K, capacity 19536K, committed 19712K, reserved 1067008K
  class space    used 2318K, capacity 2459K, committed 2560K, reserved 1048576K
}
Event: 3.780 GC heap before
{Heap before GC invocations=2 (full 0):
 garbage-first heap   total 131072K, used 25597K [0x0000000080000000, 0x0000000100000000)
  region size 1024K, 21 young (21504K), 10 survivors (10240K)
 Metaspace       used 20562K, capacity 21111K, committed 21248K, reserved 1067008K
  class space    used 2526K, capacity 2712K, committed 2816K, reserved 1048576K
}
Event: 3.791 GC heap after
{Heap after GC invocations=3 (full 0):
 garbage-first heap   total 131072K, used 16382K [0x0000000080000000, 0x0000000100000000)
  region size 1024K, 1 young (1024K), 1 survivors (1024K)
 Metaspace       used 20562K, capacity 21111K, committed 21248K, reserved 1067008K
  class space    used 2526K, capacity 2712K, committed 2816K, reserved 1048576K
}
Event: 4.931 GC heap before
{Heap before GC invocations=4 (full 0):
 garbage-first heap   total 131072K, used 75774K [0x0000000080000000, 0x0000000100000000)
  region size 1024K, 59 young (60416K), 1 survivors (1024K)
 Metaspace       used 26930K, capacity 27585K, committed 27648K, reserved 1073152K
  class space    used 3552K, capacity 3790K, committed 3840K, reserved 1048576K
}
Event: 4.935 GC heap after
{Heap after GC invocations=5 (full 0):
 garbage-first heap   total 131072K, used 18371K [0x0000000080000000, 0x0000000100000000)
  region size 1024K, 3 young (3072K), 3 survivors (3072K)
 Metaspace       used 26930K, capacity 27585K, committed 27648K, reserved 1073152K
  class space    used 3552K, capacity 3790K, committed 3840K, reserved 1048576K
}
Event: 7.047 GC heap before
{Heap before GC invocations=5 (full 0):
 garbage-first heap   total 131072K, used 56259K [0x0000000080000000, 0x0000000100000000)
  region size 1024K, 42 young (43008K), 3 survivors (3072K)
 Metaspace       used 35099K, capacity 35829K, committed 35840K, reserved 1081344K
  class space    used 4570K, capacity 4856K, committed 4864K, reserved 1048576K
}
Event: 7.064 GC heap after
{Heap after GC invocations=6 (full 0):
 garbage-first heap   total 131072K, used 21342K [0x0000000080000000, 0x0000000100000000)
  region size 1024K, 6 young (6144K), 6 survivors (6144K)
 Metaspace       used 35099K, capacity 35829K, committed 35840K, reserved 1081344K
  class space    used 4570K, capacity 4856K, committed 4864K, reserved 1048576K
}
Event: 9.675 GC heap before
{Heap before GC invocations=7 (full 0):
 garbage-first heap   total 131072K, used 85854K [0x0000000080000000, 0x0000000100000000)
  region size 1024K, 66 young (67584K), 6 survivors (6144K)
 Metaspace       used 40850K, capacity 41786K, committed 41984K, reserved 1085440K
  class space    used 5218K, capacity 5534K, committed 5632K, reserved 1048576K
}
Event: 9.683 GC heap after
{Heap after GC invocations=8 (full 0):
 garbage-first heap   total 131072K, used 25260K [0x0000000080000000, 0x0000000100000000)
  region size 1024K, 7 young (7168K), 7 survivors (7168K)
 Metaspace       used 40850K, capacity 41786K, committed 41984K, reserved 1085440K
  class space    used 5218K, capacity 5534K, committed 5632K, reserved 1048576K
}
Event: 16.669 GC heap before
{Heap before GC invocations=8 (full 0):
 garbage-first heap   total 131072K, used 87724K [0x0000000080000000, 0x0000000100000000)
  region size 1024K, 68 young (69632K), 7 survivors (7168K)
 Metaspace       used 44414K, capacity 45528K, committed 45824K, reserved 1089536K
  class space    used 5676K, capacity 6039K, committed 6144K, reserved 1048576K
}
Event: 16.677 GC heap after
{Heap after GC invocations=9 (full 0):
 garbage-first heap   total 131072K, used 28338K [0x0000000080000000, 0x0000000100000000)
  region size 1024K, 7 young (7168K), 7 survivors (7168K)
 Metaspace       used 44414K, capacity 45528K, committed 45824K, reserved 1089536K
  class space    used 5676K, capacity 6039K, committed 6144K, reserved 1048576K
}
Event: 21.153 GC heap before
{Heap before GC invocations=9 (full 0):
 garbage-first heap   total 131072K, used 96946K [0x0000000080000000, 0x0000000100000000)
  region size 1024K, 69 young (70656K), 7 survivors (7168K)
 Metaspace       used 49877K, capacity 51115K, committed 51328K, reserved 1093632K
  class space    used 6322K, capacity 6712K, committed 6784K, reserved 1048576K
}
Event: 21.165 GC heap after
{Heap after GC invocations=10 (full 0):
 garbage-first heap   total 131072K, used 42762K [0x0000000080000000, 0x0000000100000000)
  region size 1024K, 9 young (9216K), 9 survivors (9216K)
 Metaspace       used 49877K, capacity 51115K, committed 51328K, reserved 1093632K
  class space    used 6322K, capacity 6712K, committed 6784K, reserved 1048576K
}

Deoptimization events (20 events):
Event: 19.767 Thread 0x0000020a20fae000 Uncommon trap: trap_request=0xffffff4d fr.pc=0x0000020a0f2f4074 relative=0x0000000000000054
Event: 19.767 Thread 0x0000020a20fae000 Uncommon trap: reason=unstable_if action=reinterpret pc=0x0000020a0f2f4074 method=java.util.regex.Pattern.has(I)Z @ 6 c2
Event: 19.767 Thread 0x0000020a20fae000 DEOPT PACKING pc=0x0000020a0f2f4074 sp=0x000000f9384f64c0
Event: 19.767 Thread 0x0000020a20fae000 DEOPT UNPACKING pc=0x0000020a077e74af sp=0x000000f9384f6450 mode 2
Event: 19.815 Thread 0x0000020a20fae000 Uncommon trap: trap_request=0xffffff45 fr.pc=0x0000020a0f408890 relative=0x0000000000000d50
Event: 19.815 Thread 0x0000020a20fae000 Uncommon trap: reason=unstable_fused_if action=reinterpret pc=0x0000020a0f408890 method=org.objectweb.asm.ByteVector.putUTF8(Ljava/lang/String;)Lorg/objectweb/asm/ByteVector; @ 93 c2
Event: 19.815 Thread 0x0000020a20fae000 DEOPT PACKING pc=0x0000020a0f408890 sp=0x000000f9384f7fd0
Event: 19.815 Thread 0x0000020a20fae000 DEOPT UNPACKING pc=0x0000020a077e74af sp=0x000000f9384f7f28 mode 2
Event: 19.821 Thread 0x0000020a20fae000 Uncommon trap: trap_request=0xffffff4d fr.pc=0x0000020a0f436f30 relative=0x00000000000027f0
Event: 19.821 Thread 0x0000020a20fae000 Uncommon trap: reason=unstable_if action=reinterpret pc=0x0000020a0f436f30 method=org.objectweb.asm.Frame.execute(IILorg/objectweb/asm/Symbol;Lorg/objectweb/asm/SymbolTable;)V @ 1 c2
Event: 19.821 Thread 0x0000020a20fae000 DEOPT PACKING pc=0x0000020a0f436f30 sp=0x000000f9384f81b0
Event: 19.821 Thread 0x0000020a20fae000 DEOPT UNPACKING pc=0x0000020a077e74af sp=0x000000f9384f8158 mode 2
Event: 19.924 Thread 0x0000020a20fae000 Uncommon trap: trap_request=0xffffff45 fr.pc=0x0000020a0f39c96c relative=0x000000000000020c
Event: 19.925 Thread 0x0000020a20fae000 Uncommon trap: reason=unstable_fused_if action=reinterpret pc=0x0000020a0f39c96c method=org.objectweb.asm.ByteVector.putUTF8(Ljava/lang/String;)Lorg/objectweb/asm/ByteVector; @ 93 c2
Event: 19.925 Thread 0x0000020a20fae000 DEOPT PACKING pc=0x0000020a0f39c96c sp=0x000000f9384f7f20
Event: 19.925 Thread 0x0000020a20fae000 DEOPT UNPACKING pc=0x0000020a077e74af sp=0x000000f9384f7ea0 mode 2
Event: 21.201 Thread 0x0000020a20fae000 Uncommon trap: trap_request=0xffffff4d fr.pc=0x0000020a0f3f69fc relative=0x000000000000111c
Event: 21.201 Thread 0x0000020a20fae000 Uncommon trap: reason=unstable_if action=reinterpret pc=0x0000020a0f3f69fc method=java.util.zip.ZipFile$ZipFileInflaterInputStream.close()V @ 4 c2
Event: 21.201 Thread 0x0000020a20fae000 DEOPT PACKING pc=0x0000020a0f3f69fc sp=0x000000f9384f55a0
Event: 21.201 Thread 0x0000020a20fae000 DEOPT UNPACKING pc=0x0000020a077e74af sp=0x000000f9384f55a0 mode 2

Classes redefined (0 events):
No events

Internal exceptions (20 events):
Event: 18.791 Thread 0x0000020a1fa45000 Exception <a 'java/lang/NoSuchMethodError'{0x00000000876f51d0}: <clinit>> (0x00000000876f51d0) thrown at [./src/hotspot/share/prims/jni.cpp, line 1362]
Event: 18.804 Thread 0x0000020a1fa45000 Exception <a 'java/lang/NoSuchMethodError'{0x00000000864b62a0}: <clinit>> (0x00000000864b62a0) thrown at [./src/hotspot/share/prims/jni.cpp, line 1362]
Event: 18.804 Thread 0x0000020a1fa45000 Exception <a 'java/lang/NoSuchMethodError'{0x00000000864b73b0}: <clinit>> (0x00000000864b73b0) thrown at [./src/hotspot/share/prims/jni.cpp, line 1362]
Event: 18.805 Thread 0x0000020a1fa45000 Exception <a 'java/lang/NoSuchMethodError'{0x00000000864b86b8}: <clinit>> (0x00000000864b86b8) thrown at [./src/hotspot/share/prims/jni.cpp, line 1362]
Event: 18.805 Thread 0x0000020a1fa45000 Exception <a 'java/lang/NoSuchMethodError'{0x00000000864b96d8}: <clinit>> (0x00000000864b96d8) thrown at [./src/hotspot/share/prims/jni.cpp, line 1362]
Event: 18.809 Thread 0x0000020a1fa45000 Exception <a 'java/lang/NoSuchMethodError'{0x00000000864c3550}: <clinit>> (0x00000000864c3550) thrown at [./src/hotspot/share/prims/jni.cpp, line 1362]
Event: 18.809 Thread 0x0000020a1fa45000 Exception <a 'java/lang/NoSuchMethodError'{0x00000000864cd9f0}: <clinit>> (0x00000000864cd9f0) thrown at [./src/hotspot/share/prims/jni.cpp, line 1362]
Event: 18.816 Thread 0x0000020a1fa45000 Exception <a 'java/lang/NoSuchMethodError'{0x00000000864e17b0}: <clinit>> (0x00000000864e17b0) thrown at [./src/hotspot/share/prims/jni.cpp, line 1362]
Event: 18.899 Thread 0x0000020a20fae000 Exception <a 'java/lang/ClassNotFoundException'{0x00000000863687f8}: build_f4yqhx2eydtlee6vd2xhthjaBeanInfo> (0x00000000863687f8) thrown at [./src/hotspot/share/classfile/systemDictionary.cpp, line 231]
Event: 18.900 Thread 0x0000020a20fae000 Exception <a 'java/lang/ClassNotFoundException'{0x00000000863715e0}: build_f4yqhx2eydtlee6vd2xhthjaCustomizer> (0x00000000863715e0) thrown at [./src/hotspot/share/classfile/systemDictionary.cpp, line 231]
Event: 18.924 Thread 0x0000020a20fae000 Exception <a 'java/lang/ClassNotFoundException'{0x00000000863e07d8}: org/gradle/plugin/use/internal/PluginRequestCollector$PluginDependenciesSpecImplBeanInfo> (0x00000000863e07d8) thrown at [./src/hotspot/share/classfile/systemDictionary.cpp, line 231]
Event: 18.929 Thread 0x0000020a20fae000 Exception <a 'java/lang/ClassNotFoundException'{0x00000000862069d0}: org/gradle/plugin/use/internal/PluginRequestCollector$PluginDependenciesSpecImplCustomizer> (0x00000000862069d0) thrown at [./src/hotspot/share/classfile/systemDictionary.cpp, line 231]
Event: 18.993 Thread 0x0000020a20fae000 Exception <a 'java/lang/NoSuchMethodError'{0x000000008627ca68}: 'void java.lang.invoke.DirectMethodHandle$Holder.invokeInterface(java.lang.Object, java.lang.Object)'> (0x000000008627ca68) thrown at [./src/hotspot/share/interpreter/linkResolver.cpp, line 773]
Event: 19.155 Thread 0x0000020a20fae000 Exception <a 'java/lang/ClassNotFoundException'{0x00000000860dd590}: org/gradle/api/internal/plugins/DefaultObjectConfigurationActionBeanInfo> (0x00000000860dd590) thrown at [./src/hotspot/share/classfile/systemDictionary.cpp, line 231]
Event: 19.158 Thread 0x0000020a20fae000 Exception <a 'java/lang/ClassNotFoundException'{0x0000000085f0aa40}: org/gradle/api/internal/plugins/DefaultObjectConfigurationActionCustomizer> (0x0000000085f0aa40) thrown at [./src/hotspot/share/classfile/systemDictionary.cpp, line 231]
Event: 19.819 Thread 0x0000020a20fae000 Exception <a 'java/lang/NoSuchMethodError'{0x0000000085650fa8}: 'java.lang.Object java.lang.invoke.DirectMethodHandle$Holder.invokeStatic(java.lang.Object, java.lang.Object, java.lang.Object, java.lang.Object, int)'> (0x0000000085650fa8) thrown at [./src/hotspot/share/interpreter/linkResolver.cpp, line 773]
Event: 19.820 Thread 0x0000020a20fae000 Exception <a 'java/lang/NoSuchMethodError'{0x00000000856559a0}: 'java.lang.Object java.lang.invoke.DirectMethodHandle$Holder.invokeSpecial(java.lang.Object, java.lang.Object, java.lang.Object, java.lang.Object, java.lang.Object, int)'> (0x00000000856559a0) thrown at [./src/hotspot/share/interpreter/linkResolver.cpp, line 773]
Event: 19.820 Thread 0x0000020a20fae000 Exception <a 'java/lang/NoSuchMethodError'{0x0000000085659fe0}: 'java.lang.Object java.lang.invoke.Invokers$Holder.linkToTargetMethod(java.lang.Object, java.lang.Object, java.lang.Object, int, java.lang.Object)'> (0x0000000085659fe0) thrown at [./src/hotspot/share/interpreter/linkResolver.cpp, line 773]
Event: 21.153 Thread 0x0000020a20fae000 Exception <a 'java/lang/NoSuchMethodError'{0x0000000083dfc118}: 'java.lang.Object java.lang.invoke.DirectMethodHandle$Holder.invokeSpecial(java.lang.Object, java.lang.Object, int, int, java.lang.Object, java.lang.Object, java.lang.Object)'> (0x0000000083dfc118) thrown at [./src/hotspot/share/interpreter/linkResolver.cpp, line 773]
Event: 21.167 Thread 0x0000020a20fae000 Exception <a 'java/lang/NoSuchMethodError'{0x0000000087f06c98}: 'java.lang.Object java.lang.invoke.DelegatingMethodHandle$Holder.reinvoke_L(java.lang.Object, int, int, java.lang.Object, java.lang.Object, java.lang.Object)'> (0x0000000087f06c98) thrown at [./src/hotspot/share/interpreter/linkResolver.cpp, line 773]

Events (20 events):
Event: 21.324 loading class org/apache/xerces/impl/io/UCSReader
Event: 21.324 loading class org/apache/xerces/impl/io/UCSReader done
Event: 21.326 loading class org/apache/xerces/util/URI$MalformedURIException
Event: 21.326 loading class org/apache/xerces/util/URI$MalformedURIException done
Event: 21.327 loading class org/apache/xerces/xni/XMLResourceIdentifier
Event: 21.327 loading class org/apache/xerces/xni/XMLResourceIdentifier done
Event: 21.328 loading class org/apache/xerces/impl/io/UTF16Reader
Event: 21.328 loading class org/apache/xerces/impl/io/UTF16Reader done
Event: 21.329 loading class org/apache/xerces/impl/io/ASCIIReader
Event: 21.329 loading class org/apache/xerces/impl/io/ASCIIReader done
Event: 21.331 loading class org/apache/xerces/impl/XMLEntityManager$ExternalEntity
Event: 21.331 loading class org/apache/xerces/impl/XMLEntityManager$ExternalEntity done
Event: 21.333 loading class org/apache/xerces/impl/XMLEntityManager$Entity
Event: 21.333 loading class org/apache/xerces/impl/XMLEntityManager$Entity done
Event: 21.334 loading class org/apache/xerces/impl/XMLEntityManager$InternalEntity
Event: 21.334 loading class org/apache/xerces/impl/XMLEntityManager$InternalEntity done
Event: 21.335 loading class org/apache/xerces/impl/XMLEntityManager$ScannedEntity
Event: 21.335 loading class org/apache/xerces/impl/XMLEntityManager$ScannedEntity done
Event: 21.337 loading class org/apache/xerces/impl/io/UTF8Reader
Event: 21.337 loading class org/apache/xerces/impl/io/UTF8Reader done


Dynamic libraries:
0x00007ff63a950000 - 0x00007ff63a95a000 	E:\App program\Android Studio\jre\bin\java.exe
0x00007ffbe2210000 - 0x00007ffbe2405000 	C:\WINDOWS\SYSTEM32\ntdll.dll
0x00007ffbb3e40000 - 0x00007ffbb3e53000 	C:\Program Files\AVG\Antivirus\aswhook.dll
0x00007ffbe1e10000 - 0x00007ffbe1ecd000 	C:\WINDOWS\System32\KERNEL32.DLL
0x00007ffbdf9f0000 - 0x00007ffbdfcb8000 	C:\WINDOWS\System32\KERNELBASE.dll
0x00007ffbdff00000 - 0x00007ffbe0000000 	C:\WINDOWS\System32\ucrtbase.dll
0x00007ffbd2c30000 - 0x00007ffbd2c49000 	E:\App program\Android Studio\jre\bin\jli.dll
0x00007ffbca590000 - 0x00007ffbca5a7000 	E:\App program\Android Studio\jre\bin\VCRUNTIME140.dll
0x00007ffbe2010000 - 0x00007ffbe21b0000 	C:\WINDOWS\System32\USER32.dll
0x00007ffbdfcc0000 - 0x00007ffbdfce2000 	C:\WINDOWS\System32\win32u.dll
0x00007ffbe0840000 - 0x00007ffbe086a000 	C:\WINDOWS\System32\GDI32.dll
0x00007ffbc9950000 - 0x00007ffbc9bea000 	C:\WINDOWS\WinSxS\amd64_microsoft.windows.common-controls_6595b64144ccf1df_6.0.19041.844_none_ca00b6081b84eb1d\COMCTL32.dll
0x00007ffbe00b0000 - 0x00007ffbe01bb000 	C:\WINDOWS\System32\gdi32full.dll
0x00007ffbe0870000 - 0x00007ffbe090e000 	C:\WINDOWS\System32\msvcrt.dll
0x00007ffbdf950000 - 0x00007ffbdf9ed000 	C:\WINDOWS\System32\msvcp_win.dll
0x00007ffbe1ed0000 - 0x00007ffbe1f00000 	C:\WINDOWS\System32\IMM32.DLL
0x00007ffba1d20000 - 0x00007ffba1dbd000 	E:\App program\Android Studio\jre\bin\msvcp140.dll
0x00007ffb8f3f0000 - 0x00007ffb8feac000 	E:\App program\Android Studio\jre\bin\server\jvm.dll
0x00007ffbe12b0000 - 0x00007ffbe135c000 	C:\WINDOWS\System32\ADVAPI32.dll
0x00007ffbe06b0000 - 0x00007ffbe074b000 	C:\WINDOWS\System32\sechost.dll
0x00007ffbe1180000 - 0x00007ffbe12ab000 	C:\WINDOWS\System32\RPCRT4.dll
0x00007ffbe0910000 - 0x00007ffbe0918000 	C:\WINDOWS\System32\PSAPI.DLL
0x00007ffbd5920000 - 0x00007ffbd5947000 	C:\WINDOWS\SYSTEM32\WINMM.dll
0x00007ffbd7dc0000 - 0x00007ffbd7dca000 	C:\WINDOWS\SYSTEM32\VERSION.dll
0x00007ffbd5a30000 - 0x00007ffbd5a39000 	C:\WINDOWS\SYSTEM32\WSOCK32.dll
0x00007ffbe13c0000 - 0x00007ffbe142b000 	C:\WINDOWS\System32\WS2_32.dll
0x00007ffbde270000 - 0x00007ffbde282000 	C:\WINDOWS\SYSTEM32\kernel.appcore.dll
0x00007ffbd26d0000 - 0x00007ffbd26e1000 	E:\App program\Android Studio\jre\bin\verify.dll
0x00007ffbddea0000 - 0x00007ffbde084000 	C:\WINDOWS\SYSTEM32\DBGHELP.DLL
0x00007ffbd5950000 - 0x00007ffbd597c000 	C:\WINDOWS\SYSTEM32\dbgcore.DLL
0x00007ffbdfe50000 - 0x00007ffbdfed0000 	C:\WINDOWS\System32\bcryptPrimitives.dll
0x00007ffbcba00000 - 0x00007ffbcba29000 	E:\App program\Android Studio\jre\bin\java.dll
0x00007ffbd8f80000 - 0x00007ffbd8f8b000 	E:\App program\Android Studio\jre\bin\jimage.dll
0x00007ffbcb7a0000 - 0x00007ffbcb7b8000 	E:\App program\Android Studio\jre\bin\zip.dll
0x00007ffbe16c0000 - 0x00007ffbe1e02000 	C:\WINDOWS\System32\SHELL32.dll
0x00007ffbdd710000 - 0x00007ffbddea0000 	C:\WINDOWS\SYSTEM32\windows.storage.dll
0x00007ffbe0350000 - 0x00007ffbe06a5000 	C:\WINDOWS\System32\combase.dll
0x00007ffbdf3c0000 - 0x00007ffbdf3ec000 	C:\WINDOWS\SYSTEM32\Wldp.dll
0x00007ffbe0df0000 - 0x00007ffbe0e9e000 	C:\WINDOWS\System32\SHCORE.dll
0x00007ffbe1fb0000 - 0x00007ffbe2005000 	C:\WINDOWS\System32\shlwapi.dll
0x00007ffbdf890000 - 0x00007ffbdf8af000 	C:\WINDOWS\SYSTEM32\profapi.dll
0x00007ffbca540000 - 0x00007ffbca55a000 	E:\App program\Android Studio\jre\bin\net.dll
0x00007ffbd4e30000 - 0x00007ffbd4f3b000 	C:\WINDOWS\SYSTEM32\WINHTTP.dll
0x00007ffbdf130000 - 0x00007ffbdf19a000 	C:\WINDOWS\system32\mswsock.dll
0x00007ffbca4a0000 - 0x00007ffbca4b4000 	E:\App program\Android Studio\jre\bin\nio.dll
0x00007ffbcb880000 - 0x00007ffbcb8a7000 	C:\Users\carls\.gradle\native\fdc75f09e3144964f2cf3f50f0aa648679c211496f362492102eb8c894070792\windows-amd64\native-platform.dll
0x00007ffb92ed0000 - 0x00007ffb93066000 	C:\Users\carls\.gradle\native\12488b8bf47d2d4c9fbf2f6322a914ad602e24e48041cd04a747c6da556b65c4\windows-amd64\native-platform-file-events.dll
0x00007ffbd7610000 - 0x00007ffbd761a000 	E:\App program\Android Studio\jre\bin\management.dll
0x00007ffbd4820000 - 0x00007ffbd482c000 	E:\App program\Android Studio\jre\bin\management_ext.dll
0x00007ffbdf310000 - 0x00007ffbdf328000 	C:\WINDOWS\SYSTEM32\CRYPTSP.dll
0x00007ffbdea60000 - 0x00007ffbdea94000 	C:\WINDOWS\system32\rsaenh.dll
0x00007ffbdfed0000 - 0x00007ffbdfef7000 	C:\WINDOWS\System32\bcrypt.dll
0x00007ffbdf850000 - 0x00007ffbdf87e000 	C:\WINDOWS\SYSTEM32\USERENV.dll
0x00007ffbdf300000 - 0x00007ffbdf30c000 	C:\WINDOWS\SYSTEM32\CRYPTBASE.dll
0x00007ffbdedd0000 - 0x00007ffbdee0b000 	C:\WINDOWS\SYSTEM32\IPHLPAPI.DLL
0x00007ffbe07d0000 - 0x00007ffbe07d8000 	C:\WINDOWS\System32\NSI.dll
0x00007ffbd5a10000 - 0x00007ffbd5a27000 	C:\WINDOWS\SYSTEM32\dhcpcsvc6.DLL
0x00007ffbd5d50000 - 0x00007ffbd5d6d000 	C:\WINDOWS\SYSTEM32\dhcpcsvc.DLL
0x00007ffbdee20000 - 0x00007ffbdeeec000 	C:\WINDOWS\SYSTEM32\DNSAPI.dll
0x00007ffbd7dd0000 - 0x00007ffbd7ddb000 	C:\WINDOWS\SYSTEM32\WINNSI.DLL

dbghelp: loaded successfully - version: 4.0.5 - missing functions: none
symbol engine: initialized successfully - sym options: 0x614 - pdb path: .;E:\App program\Android Studio\jre\bin;C:\WINDOWS\SYSTEM32;C:\Program Files\AVG\Antivirus;C:\WINDOWS\WinSxS\amd64_microsoft.windows.common-controls_6595b64144ccf1df_6.0.19041.844_none_ca00b6081b84eb1d;E:\App program\Android Studio\jre\bin\server;C:\Users\carls\.gradle\native\fdc75f09e3144964f2cf3f50f0aa648679c211496f362492102eb8c894070792\windows-amd64;C:\Users\carls\.gradle\native\12488b8bf47d2d4c9fbf2f6322a914ad602e24e48041cd04a747c6da556b65c4\windows-amd64

VM Arguments:
jvm_args: --add-opens=java.base/java.util=ALL-UNNAMED --add-opens=java.base/java.lang=ALL-UNNAMED --add-opens=java.base/java.lang.invoke=ALL-UNNAMED --add-opens=java.prefs/java.util.prefs=ALL-UNNAMED -Xmx2048m -Dfile.encoding=UTF-8 -Duser.country=SE -Duser.language=sv -Duser.variant 
java_command: org.gradle.launcher.daemon.bootstrap.GradleDaemon 6.7.1
java_class_path (initial): C:\Users\carls\.gradle\wrapper\dists\gradle-6.7.1-bin\bwlcbys1h7rz3272sye1xwiv6\gradle-6.7.1\lib\gradle-launcher-6.7.1.jar
Launcher Type: SUN_STANDARD

[Global flags]
     intx CICompilerCount                          = 4                                         {product} {ergonomic}
     uint ConcGCThreads                            = 2                                         {product} {ergonomic}
     uint G1ConcRefinementThreads                  = 8                                         {product} {ergonomic}
   size_t G1HeapRegionSize                         = 1048576                                   {product} {ergonomic}
    uintx GCDrainStackTargetSize                   = 64                                        {product} {ergonomic}
   size_t InitialHeapSize                          = 134217728                                 {product} {ergonomic}
   size_t MarkStackSize                            = 4194304                                   {product} {ergonomic}
   size_t MaxHeapSize                              = 2147483648                                {product} {command line}
   size_t MaxNewSize                               = 1287651328                                {product} {ergonomic}
   size_t MinHeapDeltaBytes                        = 1048576                                   {product} {ergonomic}
    uintx NonNMethodCodeHeapSize                   = 5836300                                {pd product} {ergonomic}
    uintx NonProfiledCodeHeapSize                  = 122910970                              {pd product} {ergonomic}
    uintx ProfiledCodeHeapSize                     = 122910970                              {pd product} {ergonomic}
    uintx ReservedCodeCacheSize                    = 251658240                              {pd product} {ergonomic}
     bool SegmentedCodeCache                       = true                                      {product} {ergonomic}
     bool UseCompressedClassPointers               = true                                 {lp64_product} {ergonomic}
     bool UseCompressedOops                        = true                                 {lp64_product} {ergonomic}
     bool UseG1GC                                  = true                                      {product} {ergonomic}
     bool UseLargePagesIndividualAllocation        = false                                  {pd product} {ergonomic}

Logging:
Log output configuration:
 #0: stdout all=warning uptime,level,tags
 #1: stderr all=off uptime,level,tags

Environment Variables:
PATH=C:\Windows\system32;C:\Windows;C:\Windows\System32\Wbem;C:\Windows\System32\WindowsPowerShell\v1.0\;C:\Program Files (x86)\NVIDIA Corporation\PhysX\Common;C:\Program Files\NVIDIA Corporation\NVIDIA NvDLISR;C:\WINDOWS\system32;C:\WINDOWS;C:\WINDOWS\System32\Wbem;C:\WINDOWS\System32\WindowsPowerShell\v1.0\;C:\WINDOWS\System32\OpenSSH\;C:\Program Files\Git\cmd;C:\Users\carls\AppData\Local\Microsoft\WindowsApps;C:\Users\carls\AppData\Local\GitHubDesktop\bin
USERNAME=carls
OS=Windows_NT
PROCESSOR_IDENTIFIER=Intel64 Family 6 Model 60 Stepping 3, GenuineIntel



---------------  S Y S T E M  ---------------

OS: Windows 10 , 64 bit Build 19041 (10.0.19041.928)
OS uptime: 10 days 0:48 hours

CPU:total 8 (initial active 8) (4 cores per cpu, 2 threads per core) family 6 model 60 stepping 3, cmov, cx8, fxsr, mmx, sse, sse2, sse3, ssse3, sse4.1, sse4.2, popcnt, avx, avx2, aes, clmul, erms, lzcnt, ht, tsc, tscinvbit, bmi1, bmi2, fma

Memory: 4k page, system-wide physical 8141M (426M free)
TotalPageFile size 18931M (AvailPageFile size 0M)
current process WorkingSet (physical memory assigned to process): 236M, peak: 255M
current process commit charge ("private bytes"): 324M, peak: 325M

vm_info: OpenJDK 64-Bit Server VM (11.0.8+10-b944.6842174) for windows-amd64 JRE (11.0.8+10-b944.6842174), built on Sep 19 2020 01:11:42 by "builder" with MS VC++ 14.0 (VS2015)

END.
