#
# There is insufficient memory for the Java Runtime Environment to continue.
# Native memory allocation (malloc) failed to allocate 704496 bytes for Chunk::new
# Possible reasons:
#   The system is out of physical RAM or swap space
#   The process is running with CompressedOops enabled, and the Java Heap may be blocking the growth of the native heap
# Possible solutions:
#   Reduce memory load on the system
#   Increase physical memory or swap space
#   Check if swap backing store is full
#   Decrease Java heap size (-Xmx/-Xms)
#   Decrease number of Java threads
#   Decrease Java thread stack sizes (-Xss)
#   Set larger code cache with -XX:ReservedCodeCacheSize=
#   JVM is running with Unscaled Compressed Oops mode in which the Java heap is
#     placed in the first 4GB address space. The Java Heap base address is the
#     maximum limit for the native heap growth. Please use -XX:HeapBaseMinAddress
#     to set the Java Heap base and to place the Java Heap above 4GB virtual address.
# This output file may be truncated or incomplete.
#
#  Out of Memory Error (./src/hotspot/share/memory/arena.cpp:197), pid=5548, tid=12120
#
# JRE version: OpenJDK Runtime Environment (11.0.8+10) (build 11.0.8+10-b944.6842174)
# Java VM: OpenJDK 64-Bit Server VM (11.0.8+10-b944.6842174, mixed mode, tiered, compressed oops, g1 gc, windows-amd64)
# No core dump will be written. Minidumps are not enabled by default on client versions of Windows
#

---------------  S U M M A R Y ------------

Command Line: --add-opens=java.base/java.util=ALL-UNNAMED --add-opens=java.base/java.lang=ALL-UNNAMED --add-opens=java.base/java.lang.invoke=ALL-UNNAMED --add-opens=java.prefs/java.util.prefs=ALL-UNNAMED -Xmx2048m -Dfile.encoding=UTF-8 -Duser.country=SE -Duser.language=sv -Duser.variant org.gradle.launcher.daemon.bootstrap.GradleDaemon 6.7.1

Host: Intel(R) Core(TM) i7-4720HQ CPU @ 2.60GHz, 8 cores, 7G,  Windows 10 , 64 bit Build 19041 (10.0.19041.928)
Time: Sat Jun  5 21:32:14 2021 Västeuropa, sommartid elapsed time: 300 seconds (0d 0h 5m 0s)

---------------  T H R E A D  ---------------

Current thread (0x0000025e4bf46800):  JavaThread "C2 CompilerThread0" daemon [_thread_in_native, id=12120, stack(0x000000629c900000,0x000000629ca00000)]


Current CompileTask:
C2: 300591 12500       4       com.android.tools.r8.graph.a1$d::<init> (197 bytes)

Stack: [0x000000629c900000,0x000000629ca00000]
Native frames: (J=compiled Java code, j=interpreted, Vv=VM code, C=native code)
V  [jvm.dll+0x5de50a]
V  [jvm.dll+0x7122f5]
V  [jvm.dll+0x71384d]
V  [jvm.dll+0x713f03]
V  [jvm.dll+0x23e728]
V  [jvm.dll+0xb899c]
V  [jvm.dll+0xb8e9c]
V  [jvm.dll+0x2b20e4]
V  [jvm.dll+0x502098]
V  [jvm.dll+0x1f8df6]
V  [jvm.dll+0x1f685f]
V  [jvm.dll+0x17f32c]
V  [jvm.dll+0x205047]
V  [jvm.dll+0x203891]
V  [jvm.dll+0x6dad3f]
V  [jvm.dll+0x6d3895]
V  [jvm.dll+0x5dd4a6]
C  [ucrtbase.dll+0x21bb2]
C  [KERNEL32.DLL+0x17034]
C  [ntdll.dll+0x52651]


---------------  P R O C E S S  ---------------

Threads class SMR info:
_java_thread_list=0x0000025e5199dd10, length=182, elements={
0x0000025e312cc800, 0x0000025e4b5c8000, 0x0000025e4b5d2000, 0x0000025e4bf42800,
0x0000025e4bf44000, 0x0000025e4bf46800, 0x0000025e4bf4f000, 0x0000025e4b5dd000,
0x0000025e4c0a8000, 0x0000025e4c0b2000, 0x0000025e4e725000, 0x0000025e4d60f800,
0x0000025e4c180800, 0x0000025e4dea9000, 0x0000025e4dea8800, 0x0000025e4deaa000,
0x0000025e4dea7800, 0x0000025e4e0fc800, 0x0000025e4df65800, 0x0000025e4cade800,
0x0000025e4cadc000, 0x0000025e4cadf800, 0x0000025e4cae0800, 0x0000025e4df5d800,
0x0000025e4df57800, 0x0000025e4df5e000, 0x0000025e4df5b000, 0x0000025e4df58800,
0x0000025e4df5c800, 0x0000025e4df5b800, 0x0000025e4df5f000, 0x0000025e4df5a000,
0x0000025e4df59000, 0x0000025e4df61800, 0x0000025e4df62000, 0x0000025e4df5f800,
0x0000025e4df63000, 0x0000025e4df60800, 0x0000025e4df64000, 0x0000025e4e0fb000,
0x0000025e4e0f7800, 0x0000025e4e0fd800, 0x0000025e4e0fe000, 0x0000025e4e0f9800,
0x0000025e4e0ff000, 0x0000025e4e100000, 0x0000025e4e0fa000, 0x0000025e4e100800,
0x0000025e4e105800, 0x0000025e4e101800, 0x0000025e4e102000, 0x0000025e4e103000,
0x0000025e4e104000, 0x0000025e4e104800, 0x0000025e4cad6800, 0x0000025e4cad5800,
0x0000025e4cada000, 0x0000025e4cad4000, 0x0000025e4cada800, 0x0000025e4cad7800,
0x0000025e4cad9000, 0x0000025e4cad8000, 0x0000025e4cad5000, 0x0000025e4cadd000,
0x0000025e4cae1000, 0x0000025e4cadb800, 0x0000025e4cae2800, 0x0000025e4cade000,
0x0000025e4cae2000, 0x0000025e4deaa800, 0x0000025e4dea5000, 0x0000025e4deab800,
0x0000025e4dea6000, 0x0000025e4dea6800, 0x0000025e55be0800, 0x0000025e55bdc800,
0x0000025e55bdf800, 0x0000025e55bde000, 0x0000025e55be1800, 0x0000025e55bdd800,
0x0000025e55bdb800, 0x0000025e55be2000, 0x0000025e55be3000, 0x0000025e55be4000,
0x0000025e55be4800, 0x0000025e55bdf000, 0x0000025e55be8800, 0x0000025e55bea800,
0x0000025e55be9800, 0x0000025e55be7000, 0x0000025e55be8000, 0x0000025e55be5800,
0x0000025e55be6800, 0x0000025e51a19800, 0x0000025e51a16800, 0x0000025e51a1a800,
0x0000025e51a1c000, 0x0000025e51a1b800, 0x0000025e51a1d000, 0x0000025e51a18000,
0x0000025e51a19000, 0x0000025e51a17800, 0x0000025e51a1f800, 0x0000025e51a23800,
0x0000025e51a22000, 0x0000025e51a22800, 0x0000025e51a1e000, 0x0000025e51a24800,
0x0000025e51a1e800, 0x0000025e51a20000, 0x0000025e51a21000, 0x0000025e51a25000,
0x0000025e542f6000, 0x0000025e542f7800, 0x0000025e542fa800, 0x0000025e542f8000,
0x0000025e542f5000, 0x0000025e542fa000, 0x0000025e542fb800, 0x0000025e542f9000,
0x0000025e542fc800, 0x0000025e542f6800, 0x0000025e542ff800, 0x0000025e542fe800,
0x0000025e542fe000, 0x0000025e54300800, 0x0000025e54301000, 0x0000025e54302000,
0x0000025e54303000, 0x0000025e542fd000, 0x0000025e54303800, 0x0000025e53cfa800,
0x0000025e53cfb800, 0x0000025e53cfc800, 0x0000025e53cf6800, 0x0000025e53cf8000,
0x0000025e53cf9000, 0x0000025e53cfd000, 0x0000025e53cfa000, 0x0000025e53cf7800,
0x0000025e53d01000, 0x0000025e53cfe000, 0x0000025e53d02000, 0x0000025e53cfe800,
0x0000025e53d03000, 0x0000025e53d03800, 0x0000025e53d04800, 0x0000025e53cff800,
0x0000025e53d05000, 0x0000025e53d00800, 0x0000025e5260a800, 0x0000025e5260d800,
0x0000025e5260e800, 0x0000025e5260f000, 0x0000025e52610000, 0x0000025e5260c000,
0x0000025e52611000, 0x0000025e5260d000, 0x0000025e5260b000, 0x0000025e52611800,
0x0000025e52613800, 0x0000025e52612800, 0x0000025e52617800, 0x0000025e52618000,
0x0000025e52619000, 0x0000025e52614000, 0x0000025e52615000, 0x0000025e52616000,
0x0000025e52616800, 0x0000025e524db800, 0x0000025e524da800, 0x0000025e524df800,
0x0000025e524da000, 0x0000025e524e2000, 0x0000025e524e1000, 0x0000025e524de000,
0x0000025e524e0800, 0x0000025e524dc800, 0x0000025e524e3000, 0x0000025e524dd000,
0x0000025e524e8800, 0x0000025e524e3800
}

Java Threads: ( => current thread )
  0x0000025e312cc800 JavaThread "main" [_thread_blocked, id=17848, stack(0x000000629be00000,0x000000629bf00000)]
  0x0000025e4b5c8000 JavaThread "Reference Handler" daemon [_thread_blocked, id=17868, stack(0x000000629c500000,0x000000629c600000)]
  0x0000025e4b5d2000 JavaThread "Finalizer" daemon [_thread_blocked, id=18284, stack(0x000000629c600000,0x000000629c700000)]
  0x0000025e4bf42800 JavaThread "Signal Dispatcher" daemon [_thread_blocked, id=18296, stack(0x000000629c700000,0x000000629c800000)]
  0x0000025e4bf44000 JavaThread "Attach Listener" daemon [_thread_blocked, id=4712, stack(0x000000629c800000,0x000000629c900000)]
=>0x0000025e4bf46800 JavaThread "C2 CompilerThread0" daemon [_thread_in_native, id=12120, stack(0x000000629c900000,0x000000629ca00000)]
  0x0000025e4bf4f000 JavaThread "C1 CompilerThread0" daemon [_thread_blocked, id=13076, stack(0x000000629ca00000,0x000000629cb00000)]
  0x0000025e4b5dd000 JavaThread "Sweeper thread" daemon [_thread_blocked, id=17764, stack(0x000000629cb00000,0x000000629cc00000)]
  0x0000025e4c0a8000 JavaThread "Common-Cleaner" daemon [_thread_blocked, id=17788, stack(0x000000629cc00000,0x000000629cd00000)]
  0x0000025e4c0b2000 JavaThread "Service Thread" daemon [_thread_blocked, id=18232, stack(0x000000629cd00000,0x000000629ce00000)]
  0x0000025e4e725000 JavaThread "Daemon health stats" [_thread_blocked, id=10856, stack(0x000000629d300000,0x000000629d400000)]
  0x0000025e4d60f800 JavaThread "Incoming local TCP Connector on port 57121" [_thread_in_native, id=14060, stack(0x000000629d400000,0x000000629d500000)]
  0x0000025e4c180800 JavaThread "Daemon periodic checks" [_thread_blocked, id=7572, stack(0x000000629d500000,0x000000629d600000)]
  0x0000025e4dea9000 JavaThread "Cache worker for file hash cache (C:\Users\carls\.gradle\caches\6.7.1\fileHashes)" [_thread_blocked, id=17496, stack(0x000000629e300000,0x000000629e400000)]
  0x0000025e4dea8800 JavaThread "File lock request listener" [_thread_in_native, id=17504, stack(0x000000629e400000,0x000000629e500000)]
  0x0000025e4deaa000 JavaThread "Cache worker for journal cache (C:\Users\carls\.gradle\caches\journal-1)" [_thread_blocked, id=17652, stack(0x000000629e500000,0x000000629e600000)]
  0x0000025e4dea7800 JavaThread "Cache worker for execution history cache (C:\Users\carls\.gradle\caches\6.7.1\executionHistory)" [_thread_blocked, id=6004, stack(0x000000629ec00000,0x000000629ed00000)]
  0x0000025e4e0fc800 JavaThread "Cache worker for file content cache (C:\Users\carls\.gradle\caches\6.7.1\fileContent)" [_thread_blocked, id=10800, stack(0x000000629ed00000,0x000000629ee00000)]
  0x0000025e4df65800 JavaThread "Memory manager" [_thread_blocked, id=18424, stack(0x00000062a6c00000,0x00000062a6d00000)]
  0x0000025e4cade800 JavaThread "RMI Scheduler(0)" daemon [_thread_blocked, id=340, stack(0x00000062a6b00000,0x00000062a6c00000)]
  0x0000025e4cadc000 JavaThread "RMI GC Daemon" daemon [_thread_blocked, id=17964, stack(0x00000062a7800000,0x00000062a7900000)]
  0x0000025e4cadf800 JavaThread "RMI TCP Accept-0" daemon [_thread_in_native, id=18360, stack(0x00000062a7900000,0x00000062a7a00000)]
  0x0000025e4cae0800 JavaThread "RMI Reaper" [_thread_blocked, id=18356, stack(0x00000062a7a00000,0x00000062a7b00000)]
  0x0000025e4df5d800 JavaThread "Daemon Thread 2" [_thread_blocked, id=18060, stack(0x000000629bb00000,0x000000629bc00000)]
  0x0000025e4df57800 JavaThread "Handler for socket connection from /127.0.0.1:57121 to /127.0.0.1:57233" [_thread_in_native, id=16512, stack(0x000000629bc00000,0x000000629bd00000)]
  0x0000025e4df5e000 JavaThread "Cancel handler" [_thread_blocked, id=6600, stack(0x000000629bd00000,0x000000629be00000)]
  0x0000025e4df5b000 JavaThread "Daemon worker Thread 2" [_thread_blocked, id=6288, stack(0x000000629d600000,0x000000629d700000)]
  0x0000025e4df58800 JavaThread "Asynchronous log dispatcher for DefaultDaemonConnection: socket connection from /127.0.0.1:57121 to /127.0.0.1:57233" [_thread_blocked, id=17992, stack(0x000000629d700000,0x000000629d800000)]
  0x0000025e4df5c800 JavaThread "Stdin handler" [_thread_blocked, id=18336, stack(0x000000629d900000,0x000000629da00000)]
  0x0000025e4df5b800 JavaThread "Thread-162" [_thread_blocked, id=17524, stack(0x000000629da00000,0x000000629db00000)]
  0x0000025e4df5f000 JavaThread "Cache worker for file hash cache (D:\Android Programming\Github\module-303---app-2-weather-app-team-2\.gradle\6.7.1\fileHashes)" [_thread_blocked, id=16020, stack(0x000000629db00000,0x000000629dc00000)]
  0x0000025e4df5a000 JavaThread "Cache worker for checksums cache (D:\Android Programming\Github\module-303---app-2-weather-app-team-2\.gradle\checksums)" [_thread_blocked, id=17180, stack(0x000000629dc00000,0x000000629dd00000)]
  0x0000025e4df59000 JavaThread "Cache worker for cache directory md-supplier (C:\Users\carls\.gradle\caches\6.7.1\md-supplier)" [_thread_blocked, id=12200, stack(0x000000629dd00000,0x000000629de00000)]
  0x0000025e4df61800 JavaThread "Cache worker for cache directory md-rule (C:\Users\carls\.gradle\caches\6.7.1\md-rule)" [_thread_blocked, id=5004, stack(0x000000629e600000,0x000000629e700000)]
  0x0000025e4df62000 JavaThread "Cache worker for Build Output Cleanup Cache (D:\Android Programming\Github\module-303---app-2-weather-app-team-2\.gradle\buildOutputCleanup)" [_thread_blocked, id=14416, stack(0x000000629e700000,0x000000629e800000)]
  0x0000025e4df5f800 JavaThread "Build operations" [_thread_blocked, id=17640, stack(0x000000629e900000,0x000000629ea00000)]
  0x0000025e4df63000 JavaThread "Build operations Thread 2" [_thread_blocked, id=11032, stack(0x000000629ea00000,0x000000629eb00000)]
  0x0000025e4df60800 JavaThread "Build operations Thread 3" [_thread_blocked, id=2276, stack(0x000000629eb00000,0x000000629ec00000)]
  0x0000025e4df64000 JavaThread "Build operations Thread 4" [_thread_blocked, id=16564, stack(0x000000629ee00000,0x000000629ef00000)]
  0x0000025e4e0fb000 JavaThread "Build operations Thread 5" [_thread_blocked, id=16260, stack(0x000000629ef00000,0x000000629f000000)]
  0x0000025e4e0f7800 JavaThread "Build operations Thread 6" [_thread_blocked, id=3208, stack(0x000000629f000000,0x000000629f100000)]
  0x0000025e4e0fd800 JavaThread "Build operations Thread 7" [_thread_blocked, id=14152, stack(0x000000629f100000,0x000000629f200000)]
  0x0000025e4e0fe000 JavaThread "Build operations Thread 8" [_thread_blocked, id=3996, stack(0x000000629f200000,0x000000629f300000)]
  0x0000025e4e0f9800 JavaThread "jar transforms Thread 119" [_thread_blocked, id=17680, stack(0x000000629f300000,0x000000629f400000)]
  0x0000025e4e0ff000 JavaThread "jar transforms Thread 120" [_thread_blocked, id=12536, stack(0x000000629f400000,0x000000629f500000)]
  0x0000025e4e100000 JavaThread "jar transforms Thread 121" [_thread_blocked, id=17660, stack(0x000000629f500000,0x000000629f600000)]
  0x0000025e4e0fa000 JavaThread "jar transforms Thread 122" [_thread_blocked, id=18212, stack(0x000000629f600000,0x000000629f700000)]
  0x0000025e4e100800 JavaThread "jar transforms Thread 123" [_thread_blocked, id=15024, stack(0x000000629f700000,0x000000629f800000)]
  0x0000025e4e105800 JavaThread "jar transforms Thread 124" [_thread_blocked, id=17604, stack(0x000000629f800000,0x000000629f900000)]
  0x0000025e4e101800 JavaThread "jar transforms Thread 125" [_thread_blocked, id=16860, stack(0x000000629f900000,0x000000629fa00000)]
  0x0000025e4e102000 JavaThread "jar transforms Thread 126" [_thread_blocked, id=1240, stack(0x000000629fa00000,0x000000629fb00000)]
  0x0000025e4e103000 JavaThread "jar transforms Thread 127" [_thread_blocked, id=18048, stack(0x000000629fb00000,0x000000629fc00000)]
  0x0000025e4e104000 JavaThread "jar transforms Thread 128" [_thread_blocked, id=3524, stack(0x000000629fc00000,0x000000629fd00000)]
  0x0000025e4e104800 JavaThread "jar transforms Thread 129" [_thread_blocked, id=944, stack(0x000000629fd00000,0x000000629fe00000)]
  0x0000025e4cad6800 JavaThread "jar transforms Thread 130" [_thread_blocked, id=14996, stack(0x000000629fe00000,0x000000629ff00000)]
  0x0000025e4cad5800 JavaThread "jar transforms Thread 131" [_thread_blocked, id=17944, stack(0x000000629ff00000,0x00000062a0000000)]
  0x0000025e4cada000 JavaThread "jar transforms Thread 132" [_thread_blocked, id=10340, stack(0x00000062a0000000,0x00000062a0100000)]
  0x0000025e4cad4000 JavaThread "jar transforms Thread 133" [_thread_blocked, id=1952, stack(0x00000062a0100000,0x00000062a0200000)]
  0x0000025e4cada800 JavaThread "jar transforms Thread 134" [_thread_blocked, id=11496, stack(0x00000062a0200000,0x00000062a0300000)]
  0x0000025e4cad7800 JavaThread "jar transforms Thread 135" [_thread_blocked, id=17712, stack(0x00000062a0300000,0x00000062a0400000)]
  0x0000025e4cad9000 JavaThread "jar transforms Thread 136" [_thread_blocked, id=17884, stack(0x00000062a0400000,0x00000062a0500000)]
  0x0000025e4cad8000 JavaThread "jar transforms Thread 137" [_thread_blocked, id=10660, stack(0x00000062a0500000,0x00000062a0600000)]
  0x0000025e4cad5000 JavaThread "jar transforms Thread 138" [_thread_blocked, id=17880, stack(0x00000062a0600000,0x00000062a0700000)]
  0x0000025e4cadd000 JavaThread "jar transforms Thread 139" [_thread_blocked, id=17812, stack(0x00000062a0700000,0x00000062a0800000)]
  0x0000025e4cae1000 JavaThread "jar transforms Thread 140" [_thread_blocked, id=9984, stack(0x00000062a0800000,0x00000062a0900000)]
  0x0000025e4cadb800 JavaThread "jar transforms Thread 141" [_thread_blocked, id=16956, stack(0x00000062a0900000,0x00000062a0a00000)]
  0x0000025e4cae2800 JavaThread "jar transforms Thread 142" [_thread_blocked, id=17888, stack(0x00000062a0a00000,0x00000062a0b00000)]
  0x0000025e4cade000 JavaThread "jar transforms Thread 143" [_thread_blocked, id=17872, stack(0x00000062a0b00000,0x00000062a0c00000)]
  0x0000025e4cae2000 JavaThread "jar transforms Thread 144" [_thread_blocked, id=13708, stack(0x00000062a0c00000,0x00000062a0d00000)]
  0x0000025e4deaa800 JavaThread "jar transforms Thread 145" [_thread_blocked, id=9384, stack(0x00000062a0d00000,0x00000062a0e00000)]
  0x0000025e4dea5000 JavaThread "jar transforms Thread 146" [_thread_blocked, id=10228, stack(0x00000062a0e00000,0x00000062a0f00000)]
  0x0000025e4deab800 JavaThread "jar transforms Thread 147" [_thread_blocked, id=1040, stack(0x00000062a0f00000,0x00000062a1000000)]
  0x0000025e4dea6000 JavaThread "jar transforms Thread 148" [_thread_blocked, id=17520, stack(0x00000062a1000000,0x00000062a1100000)]
  0x0000025e4dea6800 JavaThread "jar transforms Thread 149" [_thread_blocked, id=12480, stack(0x00000062a1100000,0x00000062a1200000)]
  0x0000025e55be0800 JavaThread "jar transforms Thread 150" [_thread_blocked, id=16944, stack(0x00000062a1200000,0x00000062a1300000)]
  0x0000025e55bdc800 JavaThread "jar transforms Thread 151" [_thread_blocked, id=6780, stack(0x00000062a1300000,0x00000062a1400000)]
  0x0000025e55bdf800 JavaThread "jar transforms Thread 152" [_thread_blocked, id=13544, stack(0x00000062a1400000,0x00000062a1500000)]
  0x0000025e55bde000 JavaThread "jar transforms Thread 153" [_thread_blocked, id=15364, stack(0x00000062a1500000,0x00000062a1600000)]
  0x0000025e55be1800 JavaThread "jar transforms Thread 154" [_thread_blocked, id=18096, stack(0x00000062a1600000,0x00000062a1700000)]
  0x0000025e55bdd800 JavaThread "jar transforms Thread 155" [_thread_blocked, id=11960, stack(0x00000062a1700000,0x00000062a1800000)]
  0x0000025e55bdb800 JavaThread "jar transforms Thread 156" [_thread_blocked, id=13044, stack(0x00000062a1800000,0x00000062a1900000)]
  0x0000025e55be2000 JavaThread "jar transforms Thread 157" [_thread_blocked, id=8408, stack(0x00000062a1900000,0x00000062a1a00000)]
  0x0000025e55be3000 JavaThread "jar transforms Thread 158" [_thread_blocked, id=2996, stack(0x00000062a1a00000,0x00000062a1b00000)]
  0x0000025e55be4000 JavaThread "jar transforms Thread 159" [_thread_blocked, id=6432, stack(0x00000062a1b00000,0x00000062a1c00000)]
  0x0000025e55be4800 JavaThread "jar transforms Thread 160" [_thread_blocked, id=14408, stack(0x00000062a1c00000,0x00000062a1d00000)]
  0x0000025e55bdf000 JavaThread "jar transforms Thread 161" [_thread_blocked, id=16788, stack(0x00000062a1d00000,0x00000062a1e00000)]
  0x0000025e55be8800 JavaThread "jar transforms Thread 162" [_thread_blocked, id=5576, stack(0x00000062a1e00000,0x00000062a1f00000)]
  0x0000025e55bea800 JavaThread "jar transforms Thread 163" [_thread_blocked, id=18116, stack(0x00000062a1f00000,0x00000062a2000000)]
  0x0000025e55be9800 JavaThread "jar transforms Thread 164" [_thread_blocked, id=17948, stack(0x00000062a2000000,0x00000062a2100000)]
  0x0000025e55be7000 JavaThread "jar transforms Thread 165" [_thread_blocked, id=17256, stack(0x00000062a2100000,0x00000062a2200000)]
  0x0000025e55be8000 JavaThread "jar transforms Thread 166" [_thread_blocked, id=17976, stack(0x00000062a2200000,0x00000062a2300000)]
  0x0000025e55be5800 JavaThread "jar transforms Thread 167" [_thread_blocked, id=11380, stack(0x00000062a2300000,0x00000062a2400000)]
  0x0000025e55be6800 JavaThread "jar transforms Thread 168" [_thread_blocked, id=17428, stack(0x00000062a2400000,0x00000062a2500000)]
  0x0000025e51a19800 JavaThread "jar transforms Thread 169" [_thread_blocked, id=3604, stack(0x00000062a2500000,0x00000062a2600000)]
  0x0000025e51a16800 JavaThread "jar transforms Thread 170" [_thread_blocked, id=13704, stack(0x00000062a2600000,0x00000062a2700000)]
  0x0000025e51a1a800 JavaThread "jar transforms Thread 171" [_thread_blocked, id=16120, stack(0x00000062a2700000,0x00000062a2800000)]
  0x0000025e51a1c000 JavaThread "jar transforms Thread 172" [_thread_blocked, id=11900, stack(0x00000062a2800000,0x00000062a2900000)]
  0x0000025e51a1b800 JavaThread "jar transforms Thread 173" [_thread_blocked, id=4940, stack(0x00000062a2900000,0x00000062a2a00000)]
  0x0000025e51a1d000 JavaThread "jar transforms Thread 174" [_thread_blocked, id=15656, stack(0x00000062a2a00000,0x00000062a2b00000)]
  0x0000025e51a18000 JavaThread "jar transforms Thread 175" [_thread_blocked, id=7968, stack(0x00000062a2b00000,0x00000062a2c00000)]
  0x0000025e51a19000 JavaThread "jar transforms Thread 176" [_thread_blocked, id=16164, stack(0x00000062a2c00000,0x00000062a2d00000)]
  0x0000025e51a17800 JavaThread "jar transforms Thread 177" [_thread_blocked, id=16048, stack(0x00000062a2d00000,0x00000062a2e00000)]
  0x0000025e51a1f800 JavaThread "jar transforms Thread 178" [_thread_blocked, id=3372, stack(0x00000062a2e00000,0x00000062a2f00000)]
  0x0000025e51a23800 JavaThread "jar transforms Thread 179" [_thread_blocked, id=7928, stack(0x00000062a2f00000,0x00000062a3000000)]
  0x0000025e51a22000 JavaThread "jar transforms Thread 180" [_thread_blocked, id=9352, stack(0x00000062a3000000,0x00000062a3100000)]
  0x0000025e51a22800 JavaThread "jar transforms Thread 181" [_thread_blocked, id=2700, stack(0x00000062a3100000,0x00000062a3200000)]
  0x0000025e51a1e000 JavaThread "jar transforms Thread 182" [_thread_blocked, id=1500, stack(0x00000062a3200000,0x00000062a3300000)]
  0x0000025e51a24800 JavaThread "jar transforms Thread 183" [_thread_blocked, id=9976, stack(0x00000062a3300000,0x00000062a3400000)]
  0x0000025e51a1e800 JavaThread "jar transforms Thread 184" [_thread_blocked, id=13696, stack(0x00000062a3400000,0x00000062a3500000)]
  0x0000025e51a20000 JavaThread "jar transforms Thread 185" [_thread_blocked, id=8092, stack(0x00000062a3500000,0x00000062a3600000)]
  0x0000025e51a21000 JavaThread "jar transforms Thread 186" [_thread_blocked, id=6864, stack(0x00000062a3600000,0x00000062a3700000)]
  0x0000025e51a25000 JavaThread "jar transforms Thread 187" [_thread_blocked, id=17460, stack(0x00000062a3700000,0x00000062a3800000)]
  0x0000025e542f6000 JavaThread "jar transforms Thread 188" [_thread_blocked, id=14396, stack(0x00000062a3800000,0x00000062a3900000)]
  0x0000025e542f7800 JavaThread "jar transforms Thread 189" [_thread_blocked, id=12980, stack(0x00000062a3900000,0x00000062a3a00000)]
  0x0000025e542fa800 JavaThread "jar transforms Thread 190" [_thread_blocked, id=18300, stack(0x00000062a3a00000,0x00000062a3b00000)]
  0x0000025e542f8000 JavaThread "jar transforms Thread 191" [_thread_blocked, id=12604, stack(0x00000062a3b00000,0x00000062a3c00000)]
  0x0000025e542f5000 JavaThread "jar transforms Thread 192" [_thread_blocked, id=18160, stack(0x00000062a3c00000,0x00000062a3d00000)]
  0x0000025e542fa000 JavaThread "jar transforms Thread 193" [_thread_blocked, id=18080, stack(0x00000062a3d00000,0x00000062a3e00000)]
  0x0000025e542fb800 JavaThread "jar transforms Thread 194" [_thread_blocked, id=8744, stack(0x00000062a3e00000,0x00000062a3f00000)]
  0x0000025e542f9000 JavaThread "jar transforms Thread 195" [_thread_blocked, id=16324, stack(0x00000062a4000000,0x00000062a4100000)]
  0x0000025e542fc800 JavaThread "jar transforms Thread 196" [_thread_blocked, id=17984, stack(0x00000062a4100000,0x00000062a4200000)]
  0x0000025e542f6800 JavaThread "jar transforms Thread 197" [_thread_blocked, id=6252, stack(0x00000062a4200000,0x00000062a4300000)]
  0x0000025e542ff800 JavaThread "jar transforms Thread 198" [_thread_blocked, id=18012, stack(0x00000062a4300000,0x00000062a4400000)]
  0x0000025e542fe800 JavaThread "jar transforms Thread 199" [_thread_blocked, id=256, stack(0x00000062a4400000,0x00000062a4500000)]
  0x0000025e542fe000 JavaThread "jar transforms Thread 200" [_thread_blocked, id=13688, stack(0x00000062a4500000,0x00000062a4600000)]
  0x0000025e54300800 JavaThread "jar transforms Thread 201" [_thread_blocked, id=13820, stack(0x00000062a4600000,0x00000062a4700000)]
  0x0000025e54301000 JavaThread "jar transforms Thread 202" [_thread_blocked, id=4624, stack(0x00000062a4700000,0x00000062a4800000)]
  0x0000025e54302000 JavaThread "jar transforms Thread 203" [_thread_blocked, id=17912, stack(0x00000062a4800000,0x00000062a4900000)]
  0x0000025e54303000 JavaThread "jar transforms Thread 204" [_thread_blocked, id=18412, stack(0x00000062a4900000,0x00000062a4a00000)]
  0x0000025e542fd000 JavaThread "jar transforms Thread 205" [_thread_blocked, id=14272, stack(0x00000062a4a00000,0x00000062a4b00000)]
  0x0000025e54303800 JavaThread "jar transforms Thread 206" [_thread_blocked, id=11104, stack(0x00000062a4b00000,0x00000062a4c00000)]
  0x0000025e53cfa800 JavaThread "jar transforms Thread 207" [_thread_blocked, id=5028, stack(0x00000062a4c00000,0x00000062a4d00000)]
  0x0000025e53cfb800 JavaThread "jar transforms Thread 208" [_thread_blocked, id=12156, stack(0x00000062a4d00000,0x00000062a4e00000)]
  0x0000025e53cfc800 JavaThread "jar transforms Thread 209" [_thread_blocked, id=16408, stack(0x00000062a4e00000,0x00000062a4f00000)]
  0x0000025e53cf6800 JavaThread "jar transforms Thread 210" [_thread_blocked, id=18016, stack(0x00000062a4f00000,0x00000062a5000000)]
  0x0000025e53cf8000 JavaThread "jar transforms Thread 211" [_thread_blocked, id=3496, stack(0x00000062a5000000,0x00000062a5100000)]
  0x0000025e53cf9000 JavaThread "jar transforms Thread 212" [_thread_blocked, id=15080, stack(0x00000062a5100000,0x00000062a5200000)]
  0x0000025e53cfd000 JavaThread "jar transforms Thread 213" [_thread_blocked, id=16228, stack(0x00000062a5200000,0x00000062a5300000)]
  0x0000025e53cfa000 JavaThread "jar transforms Thread 214" [_thread_blocked, id=16864, stack(0x00000062a5300000,0x00000062a5400000)]
  0x0000025e53cf7800 JavaThread "jar transforms Thread 215" [_thread_blocked, id=3464, stack(0x00000062a5400000,0x00000062a5500000)]
  0x0000025e53d01000 JavaThread "jar transforms Thread 216" [_thread_blocked, id=5428, stack(0x00000062a5500000,0x00000062a5600000)]
  0x0000025e53cfe000 JavaThread "jar transforms Thread 217" [_thread_blocked, id=17716, stack(0x00000062a5600000,0x00000062a5700000)]
  0x0000025e53d02000 JavaThread "jar transforms Thread 218" [_thread_blocked, id=6008, stack(0x00000062a5700000,0x00000062a5800000)]
  0x0000025e53cfe800 JavaThread "jar transforms Thread 219" [_thread_blocked, id=9992, stack(0x00000062a5800000,0x00000062a5900000)]
  0x0000025e53d03000 JavaThread "jar transforms Thread 220" [_thread_blocked, id=17688, stack(0x00000062a5900000,0x00000062a5a00000)]
  0x0000025e53d03800 JavaThread "jar transforms Thread 221" [_thread_blocked, id=17852, stack(0x00000062a5a00000,0x00000062a5b00000)]
  0x0000025e53d04800 JavaThread "jar transforms Thread 222" [_thread_blocked, id=8000, stack(0x00000062a5b00000,0x00000062a5c00000)]
  0x0000025e53cff800 JavaThread "jar transforms Thread 223" [_thread_blocked, id=7932, stack(0x00000062a5c00000,0x00000062a5d00000)]
  0x0000025e53d05000 JavaThread "jar transforms Thread 224" [_thread_blocked, id=6908, stack(0x00000062a5d00000,0x00000062a5e00000)]
  0x0000025e53d00800 JavaThread "jar transforms Thread 225" [_thread_blocked, id=10624, stack(0x00000062a5e00000,0x00000062a5f00000)]
  0x0000025e5260a800 JavaThread "jar transforms Thread 226" [_thread_blocked, id=10100, stack(0x00000062a5f00000,0x00000062a6000000)]
  0x0000025e5260d800 JavaThread "jar transforms Thread 227" [_thread_blocked, id=11072, stack(0x00000062a6000000,0x00000062a6100000)]
  0x0000025e5260e800 JavaThread "jar transforms Thread 228" [_thread_blocked, id=18000, stack(0x00000062a6100000,0x00000062a6200000)]
  0x0000025e5260f000 JavaThread "jar transforms Thread 229" [_thread_blocked, id=4260, stack(0x00000062a6200000,0x00000062a6300000)]
  0x0000025e52610000 JavaThread "jar transforms Thread 230" [_thread_blocked, id=9368, stack(0x00000062a6300000,0x00000062a6400000)]
  0x0000025e5260c000 JavaThread "jar transforms Thread 231" [_thread_blocked, id=9792, stack(0x00000062a6400000,0x00000062a6500000)]
  0x0000025e52611000 JavaThread "jar transforms Thread 232" [_thread_blocked, id=11284, stack(0x00000062a6500000,0x00000062a6600000)]
  0x0000025e5260d000 JavaThread "jar transforms Thread 233" [_thread_blocked, id=6544, stack(0x00000062a6600000,0x00000062a6700000)]
  0x0000025e5260b000 JavaThread "jar transforms Thread 234" [_thread_blocked, id=5432, stack(0x00000062a6700000,0x00000062a6800000)]
  0x0000025e52611800 JavaThread "jar transforms Thread 235" [_thread_blocked, id=2196, stack(0x00000062a6800000,0x00000062a6900000)]
  0x0000025e52613800 JavaThread "jar transforms Thread 236" [_thread_blocked, id=15148, stack(0x00000062a6900000,0x00000062a6a00000)]
  0x0000025e52612800 JavaThread "build event listener" [_thread_blocked, id=10232, stack(0x00000062a6a00000,0x00000062a6b00000)]
  0x0000025e52617800 JavaThread "build event listener" [_thread_blocked, id=2724, stack(0x00000062a6d00000,0x00000062a6e00000)]
  0x0000025e52618000 JavaThread "Execution worker for ':'" [_thread_blocked, id=3432, stack(0x00000062a6e00000,0x00000062a6f00000)]
  0x0000025e52619000 JavaThread "Execution worker for ':' Thread 2" [_thread_blocked, id=3140, stack(0x00000062a6f00000,0x00000062a7000000)]
  0x0000025e52614000 JavaThread "Execution worker for ':' Thread 3" [_thread_blocked, id=18368, stack(0x00000062a7000000,0x00000062a7100000)]
  0x0000025e52615000 JavaThread "Execution worker for ':' Thread 4" [_thread_blocked, id=16312, stack(0x00000062a7100000,0x00000062a7200000)]
  0x0000025e52616000 JavaThread "Execution worker for ':' Thread 5" [_thread_blocked, id=13264, stack(0x00000062a7200000,0x00000062a7300000)]
  0x0000025e52616800 JavaThread "Execution worker for ':' Thread 6" [_thread_blocked, id=9700, stack(0x00000062a7300000,0x00000062a7400000)]
  0x0000025e524db800 JavaThread "Execution worker for ':' Thread 7" [_thread_blocked, id=5684, stack(0x00000062a7400000,0x00000062a7500000)]
  0x0000025e524da800 JavaThread "Cache worker for execution history cache (D:\Android Programming\Github\module-303---app-2-weather-app-team-2\.gradle\6.7.1\executionHistory)" [_thread_blocked, id=18068, stack(0x00000062a7500000,0x00000062a7600000)]
  0x0000025e524df800 JavaThread "RMI TCP Connection(2)-127.0.0.1" daemon [_thread_in_native, id=12072, stack(0x00000062a7600000,0x00000062a7700000)]
  0x0000025e524da000 JavaThread "Cache worker for Java compile cache (C:\Users\carls\.gradle\caches\6.7.1\javaCompile)" [_thread_blocked, id=15292, stack(0x00000062a7700000,0x00000062a7800000)]
  0x0000025e524e2000 JavaThread "Cache worker for Java compile cache (D:\Android Programming\Github\module-303---app-2-weather-app-team-2\.gradle\6.7.1\javaCompile)" [_thread_blocked, id=17536, stack(0x00000062a7b00000,0x00000062a7c00000)]
  0x0000025e524e1000 JavaThread "WorkerExecutor Queue" [_thread_blocked, id=14424, stack(0x00000062a3f00000,0x00000062a4000000)]
  0x0000025e524de000 JavaThread "WorkerExecutor Queue Thread 2" [_thread_blocked, id=6844, stack(0x00000062a7c00000,0x00000062a7d00000)]
  0x0000025e524e0800 JavaThread "WorkerExecutor Queue Thread 3" [_thread_blocked, id=14148, stack(0x00000062a7d00000,0x00000062a7e00000)]
  0x0000025e524dc800 JavaThread "WorkerExecutor Queue Thread 4" [_thread_blocked, id=12752, stack(0x00000062a7e00000,0x00000062a7f00000)]
  0x0000025e524e3000 JavaThread "WorkerExecutor Queue Thread 5" [_thread_blocked, id=5780, stack(0x00000062a7f00000,0x00000062a8000000)]
  0x0000025e524dd000 JavaThread "WorkerExecutor Queue Thread 6" [_thread_blocked, id=12492, stack(0x00000062a8000000,0x00000062a8100000)]
  0x0000025e524e8800 JavaThread "WorkerExecutor Queue Thread 7" [_thread_blocked, id=5636, stack(0x00000062a8100000,0x00000062a8200000)]
  0x0000025e524e3800 JavaThread "WorkerExecutor Queue Thread 8" [_thread_blocked, id=7412, stack(0x00000062a8200000,0x00000062a8300000)]

Other Threads:
  0x0000025e4b5c3800 VMThread "VM Thread" [stack: 0x000000629c400000,0x000000629c500000] [id=18224] _threads_hazard_ptr=0x0000025e5199dd10
  0x0000025e4c0cb800 WatcherThread [stack: 0x000000629ce00000,0x000000629cf00000] [id=17804]
  0x0000025e312e6000 GCTaskThread "GC Thread#0" [stack: 0x000000629bf00000,0x000000629c000000] [id=18252]
  0x0000025e4cf80800 GCTaskThread "GC Thread#1" [stack: 0x000000629d000000,0x000000629d100000] [id=4312]
  0x0000025e4d126000 GCTaskThread "GC Thread#2" [stack: 0x000000629d100000,0x000000629d200000] [id=11776]
  0x0000025e4e85e800 GCTaskThread "GC Thread#3" [stack: 0x000000629de00000,0x000000629df00000] [id=13612]
  0x0000025e4dde4800 GCTaskThread "GC Thread#4" [stack: 0x000000629df00000,0x000000629e000000] [id=17516]
  0x0000025e4c51c800 GCTaskThread "GC Thread#5" [stack: 0x000000629e000000,0x000000629e100000] [id=17500]
  0x0000025e4d7d9000 GCTaskThread "GC Thread#6" [stack: 0x000000629e100000,0x000000629e200000] [id=17488]
  0x0000025e4e723000 GCTaskThread "GC Thread#7" [stack: 0x000000629e200000,0x000000629e300000] [id=1684]
  0x0000025e3131a800 ConcurrentGCThread "G1 Main Marker" [stack: 0x000000629c000000,0x000000629c100000] [id=17820]
  0x0000025e3131f000 ConcurrentGCThread "G1 Conc#0" [stack: 0x000000629c100000,0x000000629c200000] [id=18244]
  0x0000025e4e0ed800 ConcurrentGCThread "G1 Conc#1" [stack: 0x000000629d800000,0x000000629d900000] [id=17612]
  0x0000025e313ae000 ConcurrentGCThread "G1 Refine#0" [stack: 0x000000629c200000,0x000000629c300000] [id=17772]
  0x0000025e4b410800 ConcurrentGCThread "G1 Young RemSet Sampling" [stack: 0x000000629c300000,0x000000629c400000] [id=7352]

Threads with active compile tasks:
C2 CompilerThread0 301968 12500       4       com.android.tools.r8.graph.a1$d::<init> (197 bytes)

VM state:at safepoint (normal execution)

VM Mutex/Monitor currently owned by a thread:  ([mutex/lock_event])
[0x0000025e312cbe70] Threads_lock - owner thread: 0x0000025e4b5c3800

Heap address: 0x0000000080000000, size: 2048 MB, Compressed Oops mode: 32-bit
Narrow klass base: 0x0000000000000000, Narrow klass shift: 3
Compressed class space size: 1073741824 Address: 0x0000000100000000

Heap:
 garbage-first heap   total 131072K, used 96057K [0x0000000080000000, 0x0000000100000000)
  region size 1024K, 4 young (4096K), 1 survivors (1024K)
 Metaspace       used 102274K, capacity 104899K, committed 106240K, reserved 1144832K
  class space    used 13132K, capacity 14075K, committed 14592K, reserved 1048576K
Heap Regions: E=young(eden), S=young(survivor), O=old, HS=humongous(starts), HC=humongous(continues), CS=collection set, F=free, A=archive, TAMS=top-at-mark-start (previous, next)
|   0|0x0000000080000000, 0x0000000080100000, 0x0000000080100000|100%| O|  |TAMS 0x0000000080100000, 0x0000000080000000| Untracked 
|   1|0x0000000080100000, 0x0000000080200000, 0x0000000080200000|100%| O|  |TAMS 0x0000000080200000, 0x0000000080100000| Untracked 
|   2|0x0000000080200000, 0x0000000080300000, 0x0000000080300000|100%| O|  |TAMS 0x0000000080300000, 0x0000000080200000| Untracked 
|   3|0x0000000080300000, 0x0000000080400000, 0x0000000080400000|100%|HS|  |TAMS 0x0000000080400000, 0x0000000080300000| Complete 
|   4|0x0000000080400000, 0x0000000080500000, 0x0000000080500000|100%|HC|  |TAMS 0x0000000080500000, 0x0000000080400000| Complete 
|   5|0x0000000080500000, 0x0000000080600000, 0x0000000080600000|100%|HC|  |TAMS 0x0000000080600000, 0x0000000080500000| Complete 
|   6|0x0000000080600000, 0x0000000080700000, 0x0000000080700000|100%| O|  |TAMS 0x0000000080700000, 0x0000000080600000| Untracked 
|   7|0x0000000080700000, 0x0000000080800000, 0x0000000080800000|100%| O|  |TAMS 0x0000000080800000, 0x0000000080700000| Untracked 
|   8|0x0000000080800000, 0x0000000080900000, 0x0000000080900000|100%| O|  |TAMS 0x0000000080900000, 0x0000000080800000| Untracked 
|   9|0x0000000080900000, 0x0000000080a00000, 0x0000000080a00000|100%| O|  |TAMS 0x0000000080a00000, 0x0000000080900000| Untracked 
|  10|0x0000000080a00000, 0x0000000080b00000, 0x0000000080b00000|100%| O|  |TAMS 0x0000000080b00000, 0x0000000080a00000| Untracked 
|  11|0x0000000080b00000, 0x0000000080c00000, 0x0000000080c00000|100%| O|  |TAMS 0x0000000080c00000, 0x0000000080b00000| Untracked 
|  12|0x0000000080c00000, 0x0000000080d00000, 0x0000000080d00000|100%| O|  |TAMS 0x0000000080d00000, 0x0000000080c00000| Untracked 
|  13|0x0000000080d00000, 0x0000000080e00000, 0x0000000080e00000|100%| O|  |TAMS 0x0000000080e00000, 0x0000000080d00000| Untracked 
|  14|0x0000000080e00000, 0x0000000080f00000, 0x0000000080f00000|100%| O|  |TAMS 0x0000000080f00000, 0x0000000080e00000| Untracked 
|  15|0x0000000080f00000, 0x0000000081000000, 0x0000000081000000|100%| O|  |TAMS 0x0000000081000000, 0x0000000080f00000| Untracked 
|  16|0x0000000081000000, 0x0000000081100000, 0x0000000081100000|100%| O|  |TAMS 0x0000000081100000, 0x0000000081000000| Untracked 
|  17|0x0000000081100000, 0x0000000081200000, 0x0000000081200000|100%| O|  |TAMS 0x0000000081200000, 0x0000000081100000| Untracked 
|  18|0x0000000081200000, 0x0000000081300000, 0x0000000081300000|100%| O|  |TAMS 0x0000000081300000, 0x0000000081200000| Untracked 
|  19|0x0000000081300000, 0x0000000081400000, 0x0000000081400000|100%| O|  |TAMS 0x0000000081400000, 0x0000000081300000| Untracked 
|  20|0x0000000081400000, 0x0000000081500000, 0x0000000081500000|100%| O|  |TAMS 0x0000000081500000, 0x0000000081400000| Untracked 
|  21|0x0000000081500000, 0x0000000081600000, 0x0000000081600000|100%|HS|  |TAMS 0x0000000081600000, 0x0000000081500000| Complete 
|  22|0x0000000081600000, 0x0000000081700000, 0x0000000081700000|100%|HS|  |TAMS 0x0000000081700000, 0x0000000081600000| Complete 
|  23|0x0000000081700000, 0x0000000081800000, 0x0000000081800000|100%|HC|  |TAMS 0x0000000081800000, 0x0000000081700000| Complete 
|  24|0x0000000081800000, 0x0000000081900000, 0x0000000081900000|100%|HC|  |TAMS 0x0000000081900000, 0x0000000081800000| Complete 
|  25|0x0000000081900000, 0x0000000081a00000, 0x0000000081a00000|100%|HS|  |TAMS 0x0000000081a00000, 0x0000000081900000| Complete 
|  26|0x0000000081a00000, 0x0000000081b00000, 0x0000000081b00000|100%|HC|  |TAMS 0x0000000081b00000, 0x0000000081a00000| Complete 
|  27|0x0000000081b00000, 0x0000000081c00000, 0x0000000081c00000|100%| O|  |TAMS 0x0000000081c00000, 0x0000000081b00000| Untracked 
|  28|0x0000000081c00000, 0x0000000081d00000, 0x0000000081d00000|100%| O|  |TAMS 0x0000000081d00000, 0x0000000081c00000| Untracked 
|  29|0x0000000081d00000, 0x0000000081e00000, 0x0000000081e00000|100%| O|  |TAMS 0x0000000081e00000, 0x0000000081d00000| Untracked 
|  30|0x0000000081e00000, 0x0000000081f00000, 0x0000000081f00000|100%| O|  |TAMS 0x0000000081f00000, 0x0000000081e00000| Untracked 
|  31|0x0000000081f00000, 0x0000000082000000, 0x0000000082000000|100%| O|  |TAMS 0x0000000082000000, 0x0000000081f00000| Untracked 
|  32|0x0000000082000000, 0x0000000082100000, 0x0000000082100000|100%| O|  |TAMS 0x0000000082100000, 0x0000000082000000| Untracked 
|  33|0x0000000082100000, 0x0000000082200000, 0x0000000082200000|100%| O|  |TAMS 0x0000000082200000, 0x0000000082100000| Untracked 
|  34|0x0000000082200000, 0x0000000082300000, 0x0000000082300000|100%| O|  |TAMS 0x0000000082300000, 0x0000000082200000| Untracked 
|  35|0x0000000082300000, 0x0000000082400000, 0x0000000082400000|100%| O|  |TAMS 0x0000000082400000, 0x0000000082300000| Untracked 
|  36|0x0000000082400000, 0x0000000082400000, 0x0000000082500000|  0%| F|  |TAMS 0x0000000082400000, 0x0000000082400000| Untracked 
|  37|0x0000000082500000, 0x0000000082600000, 0x0000000082600000|100%| O|  |TAMS 0x0000000082600000, 0x0000000082500000| Untracked 
|  38|0x0000000082600000, 0x0000000082700000, 0x0000000082700000|100%| O|  |TAMS 0x0000000082700000, 0x0000000082600000| Untracked 
|  39|0x0000000082700000, 0x0000000082800000, 0x0000000082800000|100%| O|  |TAMS 0x0000000082800000, 0x0000000082700000| Untracked 
|  40|0x0000000082800000, 0x0000000082900000, 0x0000000082900000|100%| O|  |TAMS 0x0000000082900000, 0x0000000082800000| Untracked 
|  41|0x0000000082900000, 0x0000000082a00000, 0x0000000082a00000|100%| O|  |TAMS 0x0000000082a00000, 0x0000000082900000| Untracked 
|  42|0x0000000082a00000, 0x0000000082b00000, 0x0000000082b00000|100%| O|  |TAMS 0x0000000082b00000, 0x0000000082a00000| Untracked 
|  43|0x0000000082b00000, 0x0000000082c00000, 0x0000000082c00000|100%| O|  |TAMS 0x0000000082c00000, 0x0000000082b00000| Untracked 
|  44|0x0000000082c00000, 0x0000000082d00000, 0x0000000082d00000|100%| O|  |TAMS 0x0000000082d00000, 0x0000000082c00000| Untracked 
|  45|0x0000000082d00000, 0x0000000082e00000, 0x0000000082e00000|100%| O|  |TAMS 0x0000000082e00000, 0x0000000082d00000| Untracked 
|  46|0x0000000082e00000, 0x0000000082f00000, 0x0000000082f00000|100%| O|  |TAMS 0x0000000082f00000, 0x0000000082e00000| Untracked 
|  47|0x0000000082f00000, 0x0000000083000000, 0x0000000083000000|100%| O|  |TAMS 0x0000000083000000, 0x0000000082f00000| Untracked 
|  48|0x0000000083000000, 0x0000000083100000, 0x0000000083100000|100%| O|  |TAMS 0x0000000083100000, 0x0000000083000000| Untracked 
|  49|0x0000000083100000, 0x0000000083200000, 0x0000000083200000|100%| O|  |TAMS 0x0000000083200000, 0x0000000083100000| Untracked 
|  50|0x0000000083200000, 0x0000000083300000, 0x0000000083300000|100%| O|  |TAMS 0x0000000083300000, 0x0000000083200000| Untracked 
|  51|0x0000000083300000, 0x0000000083300000, 0x0000000083400000|  0%| F|  |TAMS 0x0000000083300000, 0x0000000083300000| Untracked 
|  52|0x0000000083400000, 0x0000000083500000, 0x0000000083500000|100%| O|  |TAMS 0x0000000083500000, 0x0000000083400000| Untracked 
|  53|0x0000000083500000, 0x0000000083600000, 0x0000000083600000|100%| O|  |TAMS 0x0000000083600000, 0x0000000083500000| Untracked 
|  54|0x0000000083600000, 0x0000000083700000, 0x0000000083700000|100%| O|  |TAMS 0x0000000083600000, 0x0000000083600000| Untracked 
|  55|0x0000000083700000, 0x0000000083800000, 0x0000000083800000|100%| O|  |TAMS 0x0000000083800000, 0x0000000083700000| Untracked 
|  56|0x0000000083800000, 0x0000000083900000, 0x0000000083900000|100%| O|  |TAMS 0x0000000083900000, 0x0000000083800000| Untracked 
|  57|0x0000000083900000, 0x0000000083a00000, 0x0000000083a00000|100%| O|  |TAMS 0x0000000083a00000, 0x0000000083900000| Untracked 
|  58|0x0000000083a00000, 0x0000000083b00000, 0x0000000083b00000|100%| O|  |TAMS 0x0000000083b00000, 0x0000000083a00000| Untracked 
|  59|0x0000000083b00000, 0x0000000083c00000, 0x0000000083c00000|100%| O|  |TAMS 0x0000000083c00000, 0x0000000083b00000| Untracked 
|  60|0x0000000083c00000, 0x0000000083d00000, 0x0000000083d00000|100%| O|  |TAMS 0x0000000083d00000, 0x0000000083c00000| Untracked 
|  61|0x0000000083d00000, 0x0000000083e00000, 0x0000000083e00000|100%| O|  |TAMS 0x0000000083e00000, 0x0000000083d00000| Untracked 
|  62|0x0000000083e00000, 0x0000000083f00000, 0x0000000083f00000|100%| O|  |TAMS 0x0000000083f00000, 0x0000000083e00000| Untracked 
|  63|0x0000000083f00000, 0x0000000084000000, 0x0000000084000000|100%| O|  |TAMS 0x0000000084000000, 0x0000000083f00000| Untracked 
|  64|0x0000000084000000, 0x0000000084100000, 0x0000000084100000|100%| O|  |TAMS 0x0000000084100000, 0x0000000084000000| Untracked 
|  65|0x0000000084100000, 0x0000000084200000, 0x0000000084200000|100%| O|  |TAMS 0x0000000084200000, 0x0000000084100000| Untracked 
|  66|0x0000000084200000, 0x0000000084300000, 0x0000000084300000|100%| O|  |TAMS 0x0000000084300000, 0x0000000084200000| Untracked 
|  67|0x0000000084300000, 0x0000000084400000, 0x0000000084400000|100%| O|  |TAMS 0x0000000084400000, 0x0000000084300000| Untracked 
|  68|0x0000000084400000, 0x0000000084400000, 0x0000000084500000|  0%| F|  |TAMS 0x0000000084400000, 0x0000000084400000| Untracked 
|  69|0x0000000084500000, 0x0000000084600000, 0x0000000084600000|100%| O|  |TAMS 0x0000000084600000, 0x0000000084500000| Untracked 
|  70|0x0000000084600000, 0x0000000084700000, 0x0000000084700000|100%| O|  |TAMS 0x0000000084700000, 0x0000000084600000| Untracked 
|  71|0x0000000084700000, 0x0000000084800000, 0x0000000084800000|100%| O|  |TAMS 0x0000000084800000, 0x0000000084700000| Untracked 
|  72|0x0000000084800000, 0x0000000084900000, 0x0000000084900000|100%| O|  |TAMS 0x0000000084900000, 0x0000000084800000| Untracked 
|  73|0x0000000084900000, 0x0000000084a00000, 0x0000000084a00000|100%| O|  |TAMS 0x0000000084a00000, 0x0000000084900000| Untracked 
|  74|0x0000000084a00000, 0x0000000084b00000, 0x0000000084b00000|100%| O|  |TAMS 0x0000000084b00000, 0x0000000084a00000| Untracked 
|  75|0x0000000084b00000, 0x0000000084c00000, 0x0000000084c00000|100%| O|  |TAMS 0x0000000084c00000, 0x0000000084b00000| Untracked 
|  76|0x0000000084c00000, 0x0000000084d00000, 0x0000000084d00000|100%| O|  |TAMS 0x0000000084d00000, 0x0000000084c00000| Untracked 
|  77|0x0000000084d00000, 0x0000000084e00000, 0x0000000084e00000|100%| O|  |TAMS 0x0000000084e00000, 0x0000000084d00000| Untracked 
|  78|0x0000000084e00000, 0x0000000084f00000, 0x0000000084f00000|100%| O|  |TAMS 0x0000000084f00000, 0x0000000084e00000| Untracked 
|  79|0x0000000084f00000, 0x0000000085000000, 0x0000000085000000|100%| O|  |TAMS 0x0000000085000000, 0x0000000084f00000| Untracked 
|  80|0x0000000085000000, 0x0000000085100000, 0x0000000085100000|100%| O|  |TAMS 0x0000000085100000, 0x0000000085000000| Untracked 
|  81|0x0000000085100000, 0x0000000085200000, 0x0000000085200000|100%| O|  |TAMS 0x0000000085200000, 0x0000000085100000| Untracked 
|  82|0x0000000085200000, 0x0000000085300000, 0x0000000085300000|100%|HS|  |TAMS 0x0000000085300000, 0x0000000085200000| Complete 
|  83|0x0000000085300000, 0x0000000085400000, 0x0000000085400000|100%|HC|  |TAMS 0x0000000085400000, 0x0000000085300000| Complete 
|  84|0x0000000085400000, 0x0000000085500000, 0x0000000085500000|100%| O|  |TAMS 0x0000000085500000, 0x0000000085400000| Untracked 
|  85|0x0000000085500000, 0x0000000085600000, 0x0000000085600000|100%| O|  |TAMS 0x0000000085600000, 0x0000000085500000| Untracked 
|  86|0x0000000085600000, 0x0000000085700000, 0x0000000085700000|100%| O|  |TAMS 0x0000000085700000, 0x0000000085600000| Untracked 
|  87|0x0000000085700000, 0x0000000085800000, 0x0000000085800000|100%| O|  |TAMS 0x0000000085800000, 0x0000000085700000| Untracked 
|  88|0x0000000085800000, 0x0000000085900000, 0x0000000085900000|100%| O|  |TAMS 0x0000000085900000, 0x0000000085800000| Untracked 
|  89|0x0000000085900000, 0x0000000085a00000, 0x0000000085a00000|100%| O|  |TAMS 0x0000000085a00000, 0x0000000085900000| Untracked 
|  90|0x0000000085a00000, 0x0000000085b00000, 0x0000000085b00000|100%| O|  |TAMS 0x0000000085b00000, 0x0000000085a00000| Untracked 
|  91|0x0000000085b00000, 0x0000000085c00000, 0x0000000085c00000|100%| O|  |TAMS 0x0000000085c00000, 0x0000000085b00000| Untracked 
|  92|0x0000000085c00000, 0x0000000085d00000, 0x0000000085d00000|100%| O|  |TAMS 0x0000000085c39800, 0x0000000085c00000| Untracked 
|  93|0x0000000085d00000, 0x0000000085e00000, 0x0000000085e00000|100%| O|  |TAMS 0x0000000085d00000, 0x0000000085d00000| Untracked 
|  94|0x0000000085e00000, 0x0000000085e3cc00, 0x0000000085f00000| 23%| O|  |TAMS 0x0000000085e00000, 0x0000000085e00000| Untracked 
|  95|0x0000000085f00000, 0x0000000085f00000, 0x0000000086000000|  0%| F|  |TAMS 0x0000000085f00000, 0x0000000085f00000| Untracked 
|  96|0x0000000086000000, 0x0000000086000000, 0x0000000086100000|  0%| F|  |TAMS 0x0000000086000000, 0x0000000086000000| Untracked 
|  97|0x0000000086100000, 0x0000000086100000, 0x0000000086200000|  0%| F|  |TAMS 0x0000000086100000, 0x0000000086100000| Untracked 
|  98|0x0000000086200000, 0x0000000086200000, 0x0000000086300000|  0%| F|  |TAMS 0x0000000086200000, 0x0000000086200000| Untracked 
|  99|0x0000000086300000, 0x0000000086300000, 0x0000000086400000|  0%| F|  |TAMS 0x0000000086300000, 0x0000000086300000| Untracked 
| 100|0x0000000086400000, 0x0000000086400000, 0x0000000086500000|  0%| F|  |TAMS 0x0000000086400000, 0x0000000086400000| Untracked 
| 101|0x0000000086500000, 0x0000000086500000, 0x0000000086600000|  0%| F|  |TAMS 0x0000000086500000, 0x0000000086500000| Untracked 
| 102|0x0000000086600000, 0x0000000086600000, 0x0000000086700000|  0%| F|  |TAMS 0x0000000086600000, 0x0000000086600000| Untracked 
| 103|0x0000000086700000, 0x0000000086700000, 0x0000000086800000|  0%| F|  |TAMS 0x0000000086700000, 0x0000000086700000| Untracked 
| 104|0x0000000086800000, 0x0000000086800000, 0x0000000086900000|  0%| F|  |TAMS 0x0000000086800000, 0x0000000086800000| Untracked 
| 105|0x0000000086900000, 0x0000000086900000, 0x0000000086a00000|  0%| F|  |TAMS 0x0000000086900000, 0x0000000086900000| Untracked 
| 106|0x0000000086a00000, 0x0000000086a00000, 0x0000000086b00000|  0%| F|  |TAMS 0x0000000086a00000, 0x0000000086a00000| Untracked 
| 107|0x0000000086b00000, 0x0000000086b00000, 0x0000000086c00000|  0%| F|  |TAMS 0x0000000086b00000, 0x0000000086b00000| Untracked 
| 108|0x0000000086c00000, 0x0000000086c00000, 0x0000000086d00000|  0%| F|  |TAMS 0x0000000086c00000, 0x0000000086c00000| Untracked 
| 109|0x0000000086d00000, 0x0000000086d00000, 0x0000000086e00000|  0%| F|  |TAMS 0x0000000086d00000, 0x0000000086d00000| Untracked 
| 110|0x0000000086e00000, 0x0000000086e00000, 0x0000000086f00000|  0%| F|  |TAMS 0x0000000086e00000, 0x0000000086e00000| Untracked 
| 111|0x0000000086f00000, 0x0000000086f00000, 0x0000000087000000|  0%| F|  |TAMS 0x0000000086f00000, 0x0000000086f00000| Untracked 
| 112|0x0000000087000000, 0x0000000087000000, 0x0000000087100000|  0%| F|  |TAMS 0x0000000087000000, 0x0000000087000000| Untracked 
| 113|0x0000000087100000, 0x0000000087100000, 0x0000000087200000|  0%| F|  |TAMS 0x0000000087100000, 0x0000000087100000| Untracked 
| 114|0x0000000087200000, 0x0000000087200000, 0x0000000087300000|  0%| F|  |TAMS 0x0000000087200000, 0x0000000087200000| Untracked 
| 115|0x0000000087300000, 0x0000000087300000, 0x0000000087400000|  0%| F|  |TAMS 0x0000000087300000, 0x0000000087300000| Untracked 
| 116|0x0000000087400000, 0x0000000087400000, 0x0000000087500000|  0%| F|  |TAMS 0x0000000087400000, 0x0000000087400000| Untracked 
| 117|0x0000000087500000, 0x0000000087500000, 0x0000000087600000|  0%| F|  |TAMS 0x0000000087500000, 0x0000000087500000| Untracked 
| 118|0x0000000087600000, 0x0000000087600000, 0x0000000087700000|  0%| F|  |TAMS 0x0000000087600000, 0x0000000087600000| Untracked 
| 119|0x0000000087700000, 0x0000000087700000, 0x0000000087800000|  0%| F|  |TAMS 0x0000000087700000, 0x0000000087700000| Untracked 
| 120|0x0000000087800000, 0x0000000087800000, 0x0000000087900000|  0%| F|  |TAMS 0x0000000087800000, 0x0000000087800000| Untracked 
| 121|0x0000000087900000, 0x0000000087900000, 0x0000000087a00000|  0%| F|  |TAMS 0x0000000087900000, 0x0000000087900000| Untracked 
| 122|0x0000000087a00000, 0x0000000087a00000, 0x0000000087b00000|  0%| F|  |TAMS 0x0000000087a00000, 0x0000000087a00000| Untracked 
| 123|0x0000000087b00000, 0x0000000087b91a30, 0x0000000087c00000| 56%| S|CS|TAMS 0x0000000087b00000, 0x0000000087b00000| Complete 
| 124|0x0000000087c00000, 0x0000000087c00000, 0x0000000087d00000|  0%| F|  |TAMS 0x0000000087c00000, 0x0000000087c00000| Untracked 
| 125|0x0000000087d00000, 0x0000000087df2f30, 0x0000000087e00000| 94%| E|  |TAMS 0x0000000087d00000, 0x0000000087d00000| Complete 
| 126|0x0000000087e00000, 0x0000000087f00000, 0x0000000087f00000|100%| E|CS|TAMS 0x0000000087e00000, 0x0000000087e00000| Complete 
| 127|0x0000000087f00000, 0x0000000088000000, 0x0000000088000000|100%| E|CS|TAMS 0x0000000087f00000, 0x0000000087f00000| Complete 

Card table byte_map: [0x0000025e44380000,0x0000025e44780000] _byte_map_base: 0x0000025e43f80000

Marking Bits (Prev, Next): (CMBitMap*) 0x0000025e31311b60, (CMBitMap*) 0x0000025e31311b28
 Prev Bits: [0x0000025e46b80000, 0x0000025e48b80000)
 Next Bits: [0x0000025e44b80000, 0x0000025e46b80000)

Polling page: 0x0000025e2f2d0000

Metaspace:

Usage:
  Non-class:     88.70 MB capacity,    87.05 MB ( 98%) used,     1.35 MB (  2%) free+waste,   296.56 KB ( <1%) overhead. 
      Class:     13.75 MB capacity,    12.82 MB ( 93%) used,   804.47 KB (  6%) free+waste,   137.94 KB ( <1%) overhead. 
       Both:    102.44 MB capacity,    99.88 MB ( 97%) used,     2.14 MB (  2%) free+waste,   434.50 KB ( <1%) overhead. 

Virtual space:
  Non-class space:       94.00 MB reserved,      89.50 MB ( 95%) committed 
      Class space:        1.00 GB reserved,      14.25 MB (  1%) committed 
             Both:        1.09 GB reserved,     103.75 MB (  9%) committed 

Chunk freelists:
   Non-Class:  696.00 KB
       Class:  517.00 KB
        Both:  1.18 MB

MaxMetaspaceSize: 17179869184.00 GB
CompressedClassSpaceSize: 1.00 GB

CodeHeap 'non-profiled nmethods': size=120000Kb used=7093Kb max_used=7551Kb free=112906Kb
 bounds [0x0000025e3c720000, 0x0000025e3ce80000, 0x0000025e43c50000]
CodeHeap 'profiled nmethods': size=120000Kb used=24917Kb max_used=26395Kb free=95082Kb
 bounds [0x0000025e351f0000, 0x0000025e36bc0000, 0x0000025e3c720000]
CodeHeap 'non-nmethods': size=5760Kb used=2321Kb max_used=2354Kb free=3438Kb
 bounds [0x0000025e34c50000, 0x0000025e34ec0000, 0x0000025e351f0000]
 total_blobs=12858 nmethods=11916 adapters=853
 compilation: enabled
              stopped_count=1, restarted_count=1
 full_count=1

Compilation events (20 events):
Event: 300.216 Thread 0x0000025e4bf4f000 12615       3       com.android.tools.r8.ir.regalloc.b::compareTo (134 bytes)
Event: 300.216 Thread 0x0000025e4bf4f000 nmethod 12615 0x0000025e36b5d690 code [0x0000025e36b5d8a0, 0x0000025e36b5df18]
Event: 300.216 Thread 0x0000025e4bf4f000 12619       3       com.android.tools.r8.ir.regalloc.b::B (11 bytes)
Event: 300.216 Thread 0x0000025e4bf4f000 nmethod 12619 0x0000025e36b5e090 code [0x0000025e36b5e280, 0x0000025e36b5e628]
Event: 300.216 Thread 0x0000025e4bf4f000 12614       3       com.android.tools.r8.s.a.a.b.v0::a (60 bytes)
Event: 300.217 Thread 0x0000025e4bf4f000 nmethod 12614 0x0000025e36b5e790 code [0x0000025e36b5ea00, 0x0000025e36b5f5b8]
Event: 300.217 Thread 0x0000025e4bf4f000 12616       3       com.android.tools.r8.v.a.j.f::c (4 bytes)
Event: 300.217 Thread 0x0000025e4bf4f000 nmethod 12616 0x0000025e35887590 code [0x0000025e35887740, 0x0000025e35887838]
Event: 300.217 Thread 0x0000025e4bf4f000 12620       1       com.android.tools.r8.code.G::s (2 bytes)
Event: 300.217 Thread 0x0000025e4bf4f000 nmethod 12620 0x0000025e3ce6db10 code [0x0000025e3ce6dcc0, 0x0000025e3ce6dd78]
Event: 300.217 Thread 0x0000025e4bf4f000 12596       1       com.android.tools.r8.v.b.Z0::i0 (5 bytes)
Event: 300.217 Thread 0x0000025e4bf4f000 nmethod 12596 0x0000025e3ce6de10 code [0x0000025e3ce6dfc0, 0x0000025e3ce6e078]
Event: 300.217 Thread 0x0000025e4bf4f000 12621       3       com.android.tools.r8.v.b.o0::L1 (5 bytes)
Event: 300.217 Thread 0x0000025e4bf4f000 nmethod 12621 0x0000025e36b5f890 code [0x0000025e36b5fa40, 0x0000025e36b5fc38]
Event: 300.217 Thread 0x0000025e4bf4f000 12599       1       com.android.tools.r8.v.b.v1::t (5 bytes)
Event: 300.217 Thread 0x0000025e4bf4f000 nmethod 12599 0x0000025e3ce6e110 code [0x0000025e3ce6e2c0, 0x0000025e3ce6e378]
Event: 300.217 Thread 0x0000025e4bf4f000 12623       1       com.android.tools.r8.v.b.o0::M1 (2 bytes)
Event: 300.217 Thread 0x0000025e4bf4f000 nmethod 12623 0x0000025e3ce6e410 code [0x0000025e3ce6e5c0, 0x0000025e3ce6e678]
Event: 300.217 Thread 0x0000025e4bf4f000 12622       1       com.android.tools.r8.s.a.a.b.Z1::size (2 bytes)
Event: 300.217 Thread 0x0000025e4bf4f000 nmethod 12622 0x0000025e3ce6e710 code [0x0000025e3ce6e8c0, 0x0000025e3ce6e978]

GC Heap History (20 events):
Event: 287.505 GC heap before
{Heap before GC invocations=26 (full 0):
 garbage-first heap   total 131072K, used 107787K [0x0000000080000000, 0x0000000100000000)
  region size 1024K, 37 young (37888K), 3 survivors (3072K)
 Metaspace       used 91273K, capacity 93564K, committed 93824K, reserved 1130496K
  class space    used 11613K, capacity 12395K, committed 12416K, reserved 1048576K
}
Event: 287.512 GC heap after
{Heap after GC invocations=27 (full 0):
 garbage-first heap   total 131072K, used 77320K [0x0000000080000000, 0x0000000100000000)
  region size 1024K, 5 young (5120K), 5 survivors (5120K)
 Metaspace       used 91273K, capacity 93564K, committed 93824K, reserved 1130496K
  class space    used 11613K, capacity 12395K, committed 12416K, reserved 1048576K
}
Event: 287.883 GC heap before
{Heap before GC invocations=27 (full 0):
 garbage-first heap   total 131072K, used 108040K [0x0000000080000000, 0x0000000100000000)
  region size 1024K, 36 young (36864K), 5 survivors (5120K)
 Metaspace       used 91431K, capacity 93727K, committed 93824K, reserved 1130496K
  class space    used 11613K, capacity 12395K, committed 12416K, reserved 1048576K
}
Event: 287.892 GC heap after
{Heap after GC invocations=28 (full 0):
 garbage-first heap   total 131072K, used 78730K [0x0000000080000000, 0x0000000100000000)
  region size 1024K, 2 young (2048K), 2 survivors (2048K)
 Metaspace       used 91431K, capacity 93727K, committed 93824K, reserved 1130496K
  class space    used 11613K, capacity 12395K, committed 12416K, reserved 1048576K
}
Event: 292.891 GC heap before
{Heap before GC invocations=29 (full 0):
 garbage-first heap   total 131072K, used 108426K [0x0000000080000000, 0x0000000100000000)
  region size 1024K, 32 young (32768K), 2 survivors (2048K)
 Metaspace       used 92385K, capacity 94720K, committed 94976K, reserved 1132544K
  class space    used 11736K, capacity 12529K, committed 12544K, reserved 1048576K
}
Event: 292.897 GC heap after
{Heap after GC invocations=30 (full 0):
 garbage-first heap   total 131072K, used 80380K [0x0000000080000000, 0x0000000100000000)
  region size 1024K, 3 young (3072K), 3 survivors (3072K)
 Metaspace       used 92385K, capacity 94720K, committed 94976K, reserved 1132544K
  class space    used 11736K, capacity 12529K, committed 12544K, reserved 1048576K
}
Event: 292.928 GC heap before
{Heap before GC invocations=30 (full 0):
 garbage-first heap   total 131072K, used 82428K [0x0000000080000000, 0x0000000100000000)
  region size 1024K, 6 young (6144K), 3 survivors (3072K)
 Metaspace       used 92391K, capacity 94720K, committed 94976K, reserved 1132544K
  class space    used 11736K, capacity 12529K, committed 12544K, reserved 1048576K
}
Event: 292.941 GC heap after
{Heap after GC invocations=31 (full 0):
 garbage-first heap   total 131072K, used 78542K [0x0000000080000000, 0x0000000100000000)
  region size 1024K, 1 young (1024K), 1 survivors (1024K)
 Metaspace       used 92391K, capacity 94720K, committed 94976K, reserved 1132544K
  class space    used 11736K, capacity 12529K, committed 12544K, reserved 1048576K
}
Event: 293.601 GC heap before
{Heap before GC invocations=31 (full 0):
 garbage-first heap   total 131072K, used 108238K [0x0000000080000000, 0x0000000100000000)
  region size 1024K, 31 young (31744K), 1 survivors (1024K)
 Metaspace       used 92669K, capacity 95032K, committed 95360K, reserved 1132544K
  class space    used 11766K, capacity 12567K, committed 12672K, reserved 1048576K
}
Event: 293.617 GC heap after
{Heap after GC invocations=32 (full 0):
 garbage-first heap   total 131072K, used 81124K [0x0000000080000000, 0x0000000100000000)
  region size 1024K, 4 young (4096K), 4 survivors (4096K)
 Metaspace       used 92669K, capacity 95032K, committed 95360K, reserved 1132544K
  class space    used 11766K, capacity 12567K, committed 12672K, reserved 1048576K
}
Event: 295.422 GC heap before
{Heap before GC invocations=33 (full 0):
 garbage-first heap   total 131072K, used 109796K [0x0000000080000000, 0x0000000100000000)
  region size 1024K, 31 young (31744K), 4 survivors (4096K)
 Metaspace       used 94181K, capacity 96567K, committed 96768K, reserved 1132544K
  class space    used 11992K, capacity 12788K, committed 12800K, reserved 1048576K
}
Event: 295.479 GC heap after
{Heap after GC invocations=34 (full 0):
 garbage-first heap   total 131072K, used 86230K [0x0000000080000000, 0x0000000100000000)
  region size 1024K, 4 young (4096K), 4 survivors (4096K)
 Metaspace       used 94181K, capacity 96567K, committed 96768K, reserved 1132544K
  class space    used 11992K, capacity 12788K, committed 12800K, reserved 1048576K
}
Event: 295.832 GC heap before
{Heap before GC invocations=34 (full 0):
 garbage-first heap   total 131072K, used 88278K [0x0000000080000000, 0x0000000100000000)
  region size 1024K, 6 young (6144K), 4 survivors (4096K)
 Metaspace       used 94645K, capacity 97015K, committed 97152K, reserved 1134592K
  class space    used 12045K, capacity 12852K, committed 12928K, reserved 1048576K
}
Event: 295.838 GC heap after
{Heap after GC invocations=35 (full 0):
 garbage-first heap   total 131072K, used 86558K [0x0000000080000000, 0x0000000100000000)
  region size 1024K, 1 young (1024K), 1 survivors (1024K)
 Metaspace       used 94645K, capacity 97015K, committed 97152K, reserved 1134592K
  class space    used 12045K, capacity 12852K, committed 12928K, reserved 1048576K
}
Event: 297.289 GC heap before
{Heap before GC invocations=35 (full 0):
 garbage-first heap   total 131072K, used 109086K [0x0000000080000000, 0x0000000100000000)
  region size 1024K, 24 young (24576K), 1 survivors (1024K)
 Metaspace       used 96923K, capacity 99479K, committed 99584K, reserved 1136640K
  class space    used 12408K, capacity 13279K, committed 13312K, reserved 1048576K
}
Event: 297.313 GC heap after
{Heap after GC invocations=36 (full 0):
 garbage-first heap   total 131072K, used 91800K [0x0000000080000000, 0x0000000100000000)
  region size 1024K, 3 young (3072K), 3 survivors (3072K)
 Metaspace       used 96923K, capacity 99479K, committed 99584K, reserved 1136640K
  class space    used 12408K, capacity 13279K, committed 13312K, reserved 1048576K
}
Event: 299.188 GC heap before
{Heap before GC invocations=37 (full 0):
 garbage-first heap   total 131072K, used 109208K [0x0000000080000000, 0x0000000100000000)
  region size 1024K, 20 young (20480K), 3 survivors (3072K)
 Metaspace       used 100380K, capacity 103309K, committed 103680K, reserved 1138688K
  class space    used 13080K, capacity 14211K, committed 14336K, reserved 1048576K
}
Event: 299.196 GC heap after
{Heap after GC invocations=38 (full 0):
 garbage-first heap   total 131072K, used 93728K [0x0000000080000000, 0x0000000100000000)
  region size 1024K, 2 young (2048K), 2 survivors (2048K)
 Metaspace       used 100380K, capacity 103309K, committed 103680K, reserved 1138688K
  class space    used 13080K, capacity 14211K, committed 14336K, reserved 1048576K
}
Event: 299.861 GC heap before
{Heap before GC invocations=38 (full 0):
 garbage-first heap   total 131072K, used 96800K [0x0000000080000000, 0x0000000100000000)
  region size 1024K, 6 young (6144K), 2 survivors (2048K)
 Metaspace       used 101291K, capacity 104334K, committed 104576K, reserved 1140736K
  class space    used 13226K, capacity 14410K, committed 14464K, reserved 1048576K
}
Event: 299.866 GC heap after
{Heap after GC invocations=39 (full 0):
 garbage-first heap   total 131072K, used 93967K [0x0000000080000000, 0x0000000100000000)
  region size 1024K, 1 young (1024K), 1 survivors (1024K)
 Metaspace       used 101291K, capacity 104334K, committed 104576K, reserved 1140736K
  class space    used 13226K, capacity 14410K, committed 14464K, reserved 1048576K
}

Deoptimization events (20 events):
Event: 299.239 Thread 0x0000025e524e0800 Uncommon trap: trap_request=0xffffffbe fr.pc=0x0000025e3cdb4894 relative=0x0000000000001694
Event: 299.239 Thread 0x0000025e524e0800 Uncommon trap: reason=profile_predicate action=maybe_recompile pc=0x0000025e3cdb4894 method=com.google.common.collect.MapMakerInternalMap$Segment.expand()V @ 56 c2
Event: 299.239 Thread 0x0000025e524e0800 DEOPT PACKING pc=0x0000025e3cdb4894 sp=0x00000062a7dfad40
Event: 299.239 Thread 0x0000025e524e0800 DEOPT UNPACKING pc=0x0000025e34c774af sp=0x00000062a7dfad08 mode 2
Event: 300.073 Thread 0x0000025e524dc800 Uncommon trap: trap_request=0xffffffc6 fr.pc=0x0000025e3ce381b0 relative=0x0000000000000710
Event: 300.073 Thread 0x0000025e524dc800 Uncommon trap: reason=bimorphic_or_optimized_type_check action=maybe_recompile pc=0x0000025e3ce381b0 method=com.android.tools.r8.s.a.a.a.s$a.hashCode()I @ 26 c2
Event: 300.073 Thread 0x0000025e524dc800 DEOPT PACKING pc=0x0000025e3ce381b0 sp=0x00000062a7efc0e0
Event: 300.073 Thread 0x0000025e524dc800 DEOPT UNPACKING pc=0x0000025e34c774af sp=0x00000062a7efc088 mode 2
Event: 300.074 Thread 0x0000025e524dc800 Uncommon trap: trap_request=0xffffffc6 fr.pc=0x0000025e3ce381b0 relative=0x0000000000000710
Event: 300.074 Thread 0x0000025e524dc800 Uncommon trap: reason=bimorphic_or_optimized_type_check action=maybe_recompile pc=0x0000025e3ce381b0 method=com.android.tools.r8.s.a.a.a.s$a.hashCode()I @ 26 c2
Event: 300.074 Thread 0x0000025e524dc800 DEOPT PACKING pc=0x0000025e3ce381b0 sp=0x00000062a7efc0f0
Event: 300.074 Thread 0x0000025e524dc800 DEOPT UNPACKING pc=0x0000025e34c774af sp=0x00000062a7efc098 mode 2
Event: 300.074 Thread 0x0000025e524dc800 Uncommon trap: trap_request=0xffffffc6 fr.pc=0x0000025e3ce381b0 relative=0x0000000000000710
Event: 300.074 Thread 0x0000025e524dc800 Uncommon trap: reason=bimorphic_or_optimized_type_check action=maybe_recompile pc=0x0000025e3ce381b0 method=com.android.tools.r8.s.a.a.a.s$a.hashCode()I @ 26 c2
Event: 300.074 Thread 0x0000025e524dc800 DEOPT PACKING pc=0x0000025e3ce381b0 sp=0x00000062a7efc0d0
Event: 300.074 Thread 0x0000025e524dc800 DEOPT UNPACKING pc=0x0000025e34c774af sp=0x00000062a7efc078 mode 2
Event: 300.074 Thread 0x0000025e524dc800 Uncommon trap: trap_request=0xffffffc6 fr.pc=0x0000025e3ce381b0 relative=0x0000000000000710
Event: 300.074 Thread 0x0000025e524dc800 Uncommon trap: reason=bimorphic_or_optimized_type_check action=maybe_recompile pc=0x0000025e3ce381b0 method=com.android.tools.r8.s.a.a.a.s$a.hashCode()I @ 26 c2
Event: 300.074 Thread 0x0000025e524dc800 DEOPT PACKING pc=0x0000025e3ce381b0 sp=0x00000062a7efc090
Event: 300.074 Thread 0x0000025e524dc800 DEOPT UNPACKING pc=0x0000025e34c774af sp=0x00000062a7efc038 mode 2

Classes redefined (0 events):
No events

Internal exceptions (20 events):
Event: 297.445 Thread 0x0000025e524e0800 Exception <a 'java/lang/NoSuchMethodError'{0x0000000087ee0f10}: 'void java.lang.invoke.DirectMethodHandle$Holder.invokeStatic(java.lang.Object, java.lang.Object, java.lang.Object, int)'> (0x0000000087ee0f10) thrown at [./src/hotspot/share/interpreter/linkResolver.cpp, line 773]
Event: 297.448 Thread 0x0000025e524de000 Exception <a 'java/lang/IncompatibleClassChangeError'{0x0000000087d0f820}: Found class java.lang.Object, but interface was expected> (0x0000000087d0f820) thrown at [./src/hotspot/share/interpreter/linkResolver.cpp, line 839]
Event: 297.448 Thread 0x0000025e524e0800 Exception <a 'java/lang/IncompatibleClassChangeError'{0x0000000087ee66f0}: Found class java.lang.Object, but interface was expected> (0x0000000087ee66f0) thrown at [./src/hotspot/share/interpreter/linkResolver.cpp, line 839]
Event: 297.448 Thread 0x0000025e524e1000 Exception <a 'java/lang/IncompatibleClassChangeError'{0x0000000087d022f0}: Found class java.lang.Object, but interface was expected> (0x0000000087d022f0) thrown at [./src/hotspot/share/interpreter/linkResolver.cpp, line 839]
Event: 297.448 Thread 0x0000025e524dc800 Exception <a 'java/lang/IncompatibleClassChangeError'{0x0000000087ef2178}: Found class java.lang.Object, but interface was expected> (0x0000000087ef2178) thrown at [./src/hotspot/share/interpreter/linkResolver.cpp, line 839]
Event: 298.187 Thread 0x0000025e524dc800 Exception <a 'java/lang/NoSuchMethodError'{0x000000008774b2d0}: 'void java.lang.invoke.DirectMethodHandle$Holder.invokeStaticInit(java.lang.Object, java.lang.Object, java.lang.Object, java.lang.Object, java.lang.Object)'> (0x000000008774b2d0) thrown at [./src/hotspot/share/interpreter/linkResolver.cpp, line 773]
Event: 298.187 Thread 0x0000025e524e1000 Exception <a 'java/lang/NoSuchMethodError'{0x0000000087768828}: 'void java.lang.invoke.DirectMethodHandle$Holder.invokeStaticInit(java.lang.Object, java.lang.Object, java.lang.Object, java.lang.Object, java.lang.Object)'> (0x0000000087768828) thrown at [./src/hotspot/share/interpreter/linkResolver.cpp, line 773]
Event: 298.187 Thread 0x0000025e524de000 Exception <a 'java/lang/NoSuchMethodError'{0x00000000878c4858}: 'void java.lang.invoke.DirectMethodHandle$Holder.invokeStaticInit(java.lang.Object, java.lang.Object, java.lang.Object, java.lang.Object, java.lang.Object)'> (0x00000000878c4858) thrown at [./src/hotspot/share/interpreter/linkResolver.cpp, line 773]
Event: 298.586 Thread 0x0000025e524dc800 Exception <a 'java/lang/NoSuchMethodError'{0x0000000087423be0}: 'java.lang.Object java.lang.invoke.DirectMethodHandle$Holder.invokeStatic(java.lang.Object, int, java.lang.Object, java.lang.Object)'> (0x0000000087423be0) thrown at [./src/hotspot/share/interpreter/linkResolver.cpp, line 773]
Event: 298.586 Thread 0x0000025e524e1000 Exception <a 'java/lang/NoSuchMethodError'{0x0000000087436458}: 'java.lang.Object java.lang.invoke.DirectMethodHandle$Holder.invokeStatic(java.lang.Object, int, java.lang.Object, java.lang.Object)'> (0x0000000087436458) thrown at [./src/hotspot/share/interpreter/linkResolver.cpp, line 773]
Event: 298.586 Thread 0x0000025e524e0800 Exception <a 'java/lang/NoSuchMethodError'{0x000000008742b8d0}: 'java.lang.Object java.lang.invoke.DirectMethodHandle$Holder.invokeStatic(java.lang.Object, int, java.lang.Object, java.lang.Object)'> (0x000000008742b8d0) thrown at [./src/hotspot/share/interpreter/linkResolver.cpp, line 773]
Event: 298.670 Thread 0x0000025e524dc800 Exception <a 'java/lang/NoSuchMethodError'{0x00000000873f9f60}: 'void java.lang.invoke.DirectMethodHandle$Holder.invokeSpecial(java.lang.Object, java.lang.Object, int, java.lang.Object)'> (0x00000000873f9f60) thrown at [./src/hotspot/share/interpreter/linkResolver.cpp, line 773]
Event: 298.670 Thread 0x0000025e524de000 Exception <a 'java/lang/NoSuchMethodError'{0x0000000087200908}: 'void java.lang.invoke.DirectMethodHandle$Holder.invokeSpecial(java.lang.Object, java.lang.Object, int, java.lang.Object)'> (0x0000000087200908) thrown at [./src/hotspot/share/interpreter/linkResolver.cpp, line 773]
Event: 298.670 Thread 0x0000025e524e1000 Exception <a 'java/lang/NoSuchMethodError'{0x00000000873e5530}: 'void java.lang.invoke.DirectMethodHandle$Holder.invokeSpecial(java.lang.Object, java.lang.Object, int, java.lang.Object)'> (0x00000000873e5530) thrown at [./src/hotspot/share/interpreter/linkResolver.cpp, line 773]
Event: 299.011 Thread 0x0000025e524dc800 Exception <a 'java/lang/NoSuchMethodError'{0x00000000870c9ef0}: 'java.lang.Object java.lang.invoke.DirectMethodHandle$Holder.invokeVirtual(java.lang.Object, java.lang.Object, int, java.lang.Object)'> (0x00000000870c9ef0) thrown at [./src/hotspot/share/interpreter/linkResolver.cpp, line 773]
Event: 299.011 Thread 0x0000025e524e1000 Exception <a 'java/lang/NoSuchMethodError'{0x00000000870f6858}: 'java.lang.Object java.lang.invoke.DirectMethodHandle$Holder.invokeVirtual(java.lang.Object, java.lang.Object, int, java.lang.Object)'> (0x00000000870f6858) thrown at [./src/hotspot/share/interpreter/linkResolver.cpp, line 773]
Event: 299.011 Thread 0x0000025e524e0800 Exception <a 'java/lang/NoSuchMethodError'{0x00000000870dab18}: 'java.lang.Object java.lang.invoke.DirectMethodHandle$Holder.invokeVirtual(java.lang.Object, java.lang.Object, int, java.lang.Object)'> (0x00000000870dab18) thrown at [./src/hotspot/share/interpreter/linkResolver.cpp, line 773]
Event: 299.011 Thread 0x0000025e524de000 Exception <a 'java/lang/NoSuchMethodError'{0x00000000870fd5b8}: 'java.lang.Object java.lang.invoke.DirectMethodHandle$Holder.invokeVirtual(java.lang.Object, java.lang.Object, int, java.lang.Object)'> (0x00000000870fd5b8) thrown at [./src/hotspot/share/interpreter/linkResolver.cpp, line 773]
Event: 299.187 Thread 0x0000025e524e1000 Exception <a 'java/lang/NoSuchMethodError'{0x0000000086fe52d0}: 'void java.lang.invoke.DirectMethodHandle$Holder.invokeVirtual(java.lang.Object, java.lang.Object, int, java.lang.Object)'> (0x0000000086fe52d0) thrown at [./src/hotspot/share/interpreter/linkResolver.cpp, line 773]
Event: 299.187 Thread 0x0000025e524dc800 Exception <a 'java/lang/NoSuchMethodError'{0x0000000086fa8e38}: 'void java.lang.invoke.DirectMethodHandle$Holder.invokeVirtual(java.lang.Object, java.lang.Object, int, java.lang.Object)'> (0x0000000086fa8e38) thrown at [./src/hotspot/share/interpreter/linkResolver.cpp, line 773]

Events (20 events):
Event: 300.213 loading class com/android/tools/r8/code/h1
Event: 300.213 loading class com/android/tools/r8/code/h1 done
Event: 300.213 loading class com/android/tools/r8/code/f1
Event: 300.213 loading class com/android/tools/r8/code/f1 done
Event: 300.213 loading class com/android/tools/r8/s/a/a/b/t0$a
Event: 300.213 loading class com/android/tools/r8/s/a/a/b/t0$a done
Event: 300.213 loading class com/android/tools/r8/code/d1
Event: 300.213 loading class com/android/tools/r8/code/d1 done
Event: 300.213 loading class com/android/tools/r8/code/b1
Event: 300.213 loading class com/android/tools/r8/code/b1 done
Event: 300.213 loading class com/android/tools/r8/code/l2
Event: 300.213 loading class com/android/tools/r8/code/l2 done
Event: 300.213 loading class com/android/tools/r8/s/a/a/b/v1
Event: 300.213 loading class com/android/tools/r8/s/a/a/b/v1 done
Event: 300.213 loading class com/android/tools/r8/s/a/a/b/I1
Event: 300.213 loading class com/android/tools/r8/s/a/a/b/I1 done
Event: 300.216 loading class com/android/tools/r8/code/g2
Event: 300.216 loading class com/android/tools/r8/code/g2 done
Event: 300.217 loading class com/android/tools/r8/code/Z0
Event: 300.217 loading class com/android/tools/r8/code/Z0 done


Dynamic libraries:
0x00007ff63a950000 - 0x00007ff63a95a000 	E:\App program\Android Studio\jre\bin\java.exe
0x00007ffbe2210000 - 0x00007ffbe2405000 	C:\WINDOWS\SYSTEM32\ntdll.dll
0x00007ffbb3e40000 - 0x00007ffbb3e53000 	C:\Program Files\AVG\Antivirus\aswhook.dll
0x00007ffbe1e10000 - 0x00007ffbe1ecd000 	C:\WINDOWS\System32\KERNEL32.DLL
0x00007ffbdf9f0000 - 0x00007ffbdfcb8000 	C:\WINDOWS\System32\KERNELBASE.dll
0x00007ffbdff00000 - 0x00007ffbe0000000 	C:\WINDOWS\System32\ucrtbase.dll
0x00007ffbd2700000 - 0x00007ffbd2719000 	E:\App program\Android Studio\jre\bin\jli.dll
0x00007ffbd2c30000 - 0x00007ffbd2c47000 	E:\App program\Android Studio\jre\bin\VCRUNTIME140.dll
0x00007ffbe2010000 - 0x00007ffbe21b0000 	C:\WINDOWS\System32\USER32.dll
0x00007ffbdfcc0000 - 0x00007ffbdfce2000 	C:\WINDOWS\System32\win32u.dll
0x00007ffbe0840000 - 0x00007ffbe086a000 	C:\WINDOWS\System32\GDI32.dll
0x00007ffbc9950000 - 0x00007ffbc9bea000 	C:\WINDOWS\WinSxS\amd64_microsoft.windows.common-controls_6595b64144ccf1df_6.0.19041.844_none_ca00b6081b84eb1d\COMCTL32.dll
0x00007ffbe00b0000 - 0x00007ffbe01bb000 	C:\WINDOWS\System32\gdi32full.dll
0x00007ffbe0870000 - 0x00007ffbe090e000 	C:\WINDOWS\System32\msvcrt.dll
0x00007ffbdf950000 - 0x00007ffbdf9ed000 	C:\WINDOWS\System32\msvcp_win.dll
0x00007ffbe1ed0000 - 0x00007ffbe1f00000 	C:\WINDOWS\System32\IMM32.DLL
0x00007ffba1d20000 - 0x00007ffba1dbd000 	E:\App program\Android Studio\jre\bin\msvcp140.dll
0x00007ffb8f3f0000 - 0x00007ffb8feac000 	E:\App program\Android Studio\jre\bin\server\jvm.dll
0x00007ffbe12b0000 - 0x00007ffbe135c000 	C:\WINDOWS\System32\ADVAPI32.dll
0x00007ffbe06b0000 - 0x00007ffbe074b000 	C:\WINDOWS\System32\sechost.dll
0x00007ffbe1180000 - 0x00007ffbe12ab000 	C:\WINDOWS\System32\RPCRT4.dll
0x00007ffbe0910000 - 0x00007ffbe0918000 	C:\WINDOWS\System32\PSAPI.DLL
0x00007ffbd5920000 - 0x00007ffbd5947000 	C:\WINDOWS\SYSTEM32\WINMM.dll
0x00007ffbd7dc0000 - 0x00007ffbd7dca000 	C:\WINDOWS\SYSTEM32\VERSION.dll
0x00007ffbd5a30000 - 0x00007ffbd5a39000 	C:\WINDOWS\SYSTEM32\WSOCK32.dll
0x00007ffbe13c0000 - 0x00007ffbe142b000 	C:\WINDOWS\System32\WS2_32.dll
0x00007ffbde270000 - 0x00007ffbde282000 	C:\WINDOWS\SYSTEM32\kernel.appcore.dll
0x00007ffbd26d0000 - 0x00007ffbd26e1000 	E:\App program\Android Studio\jre\bin\verify.dll
0x00007ffbddea0000 - 0x00007ffbde084000 	C:\WINDOWS\SYSTEM32\DBGHELP.DLL
0x00007ffbd5950000 - 0x00007ffbd597c000 	C:\WINDOWS\SYSTEM32\dbgcore.DLL
0x00007ffbdfe50000 - 0x00007ffbdfed0000 	C:\WINDOWS\System32\bcryptPrimitives.dll
0x00007ffbcba00000 - 0x00007ffbcba29000 	E:\App program\Android Studio\jre\bin\java.dll
0x00007ffbd8f80000 - 0x00007ffbd8f8b000 	E:\App program\Android Studio\jre\bin\jimage.dll
0x00007ffbcb7a0000 - 0x00007ffbcb7b8000 	E:\App program\Android Studio\jre\bin\zip.dll
0x00007ffbe16c0000 - 0x00007ffbe1e02000 	C:\WINDOWS\System32\SHELL32.dll
0x00007ffbdd710000 - 0x00007ffbddea0000 	C:\WINDOWS\SYSTEM32\windows.storage.dll
0x00007ffbe0350000 - 0x00007ffbe06a5000 	C:\WINDOWS\System32\combase.dll
0x00007ffbdf3c0000 - 0x00007ffbdf3ec000 	C:\WINDOWS\SYSTEM32\Wldp.dll
0x00007ffbe0df0000 - 0x00007ffbe0e9e000 	C:\WINDOWS\System32\SHCORE.dll
0x00007ffbe1fb0000 - 0x00007ffbe2005000 	C:\WINDOWS\System32\shlwapi.dll
0x00007ffbdf890000 - 0x00007ffbdf8af000 	C:\WINDOWS\SYSTEM32\profapi.dll
0x00007ffbca540000 - 0x00007ffbca55a000 	E:\App program\Android Studio\jre\bin\net.dll
0x00007ffbd4e30000 - 0x00007ffbd4f3b000 	C:\WINDOWS\SYSTEM32\WINHTTP.dll
0x00007ffbdf130000 - 0x00007ffbdf19a000 	C:\WINDOWS\system32\mswsock.dll
0x00007ffbca4a0000 - 0x00007ffbca4b4000 	E:\App program\Android Studio\jre\bin\nio.dll
0x00007ffbcb880000 - 0x00007ffbcb8a7000 	C:\Users\carls\.gradle\native\fdc75f09e3144964f2cf3f50f0aa648679c211496f362492102eb8c894070792\windows-amd64\native-platform.dll
0x00007ffb92ed0000 - 0x00007ffb93066000 	C:\Users\carls\.gradle\native\12488b8bf47d2d4c9fbf2f6322a914ad602e24e48041cd04a747c6da556b65c4\windows-amd64\native-platform-file-events.dll
0x00007ffbd7610000 - 0x00007ffbd761a000 	E:\App program\Android Studio\jre\bin\management.dll
0x00007ffbd4820000 - 0x00007ffbd482c000 	E:\App program\Android Studio\jre\bin\management_ext.dll
0x00007ffbdf310000 - 0x00007ffbdf328000 	C:\WINDOWS\SYSTEM32\CRYPTSP.dll
0x00007ffbdea60000 - 0x00007ffbdea94000 	C:\WINDOWS\system32\rsaenh.dll
0x00007ffbdfed0000 - 0x00007ffbdfef7000 	C:\WINDOWS\System32\bcrypt.dll
0x00007ffbdf850000 - 0x00007ffbdf87e000 	C:\WINDOWS\SYSTEM32\USERENV.dll
0x00007ffbdf300000 - 0x00007ffbdf30c000 	C:\WINDOWS\SYSTEM32\CRYPTBASE.dll
0x00007ffbdedd0000 - 0x00007ffbdee0b000 	C:\WINDOWS\SYSTEM32\IPHLPAPI.DLL
0x00007ffbe07d0000 - 0x00007ffbe07d8000 	C:\WINDOWS\System32\NSI.dll
0x00007ffbd5a10000 - 0x00007ffbd5a27000 	C:\WINDOWS\SYSTEM32\dhcpcsvc6.DLL
0x00007ffbd5d50000 - 0x00007ffbd5d6d000 	C:\WINDOWS\SYSTEM32\dhcpcsvc.DLL
0x00007ffbdee20000 - 0x00007ffbdeeec000 	C:\WINDOWS\SYSTEM32\DNSAPI.dll
0x00007ffbd7dd0000 - 0x00007ffbd7ddb000 	C:\WINDOWS\SYSTEM32\WINNSI.DLL
0x00007ffbbd1b0000 - 0x00007ffbbd1ce000 	C:\Users\carls\AppData\Local\Temp\native-platform14882009219198900732dir\native-platform.dll
0x00007ffbca460000 - 0x00007ffbca468000 	E:\App program\Android Studio\jre\bin\rmi.dll

dbghelp: loaded successfully - version: 4.0.5 - missing functions: none
symbol engine: initialized successfully - sym options: 0x614 - pdb path: .;E:\App program\Android Studio\jre\bin;C:\WINDOWS\SYSTEM32;C:\Program Files\AVG\Antivirus;C:\WINDOWS\WinSxS\amd64_microsoft.windows.common-controls_6595b64144ccf1df_6.0.19041.844_none_ca00b6081b84eb1d;E:\App program\Android Studio\jre\bin\server;C:\Users\carls\.gradle\native\fdc75f09e3144964f2cf3f50f0aa648679c211496f362492102eb8c894070792\windows-amd64;C:\Users\carls\.gradle\native\12488b8bf47d2d4c9fbf2f6322a914ad602e24e48041cd04a747c6da556b65c4\windows-amd64;C:\Users\carls\AppData\Local\Temp\native-platform14882009219198900732dir

VM Arguments:
jvm_args: --add-opens=java.base/java.util=ALL-UNNAMED --add-opens=java.base/java.lang=ALL-UNNAMED --add-opens=java.base/java.lang.invoke=ALL-UNNAMED --add-opens=java.prefs/java.util.prefs=ALL-UNNAMED -Xmx2048m -Dfile.encoding=UTF-8 -Duser.country=SE -Duser.language=sv -Duser.variant 
java_command: org.gradle.launcher.daemon.bootstrap.GradleDaemon 6.7.1
java_class_path (initial): C:\Users\carls\.gradle\wrapper\dists\gradle-6.7.1-bin\bwlcbys1h7rz3272sye1xwiv6\gradle-6.7.1\lib\gradle-launcher-6.7.1.jar
Launcher Type: SUN_STANDARD

[Global flags]
     intx CICompilerCount                          = 4                                         {product} {ergonomic}
     uint ConcGCThreads                            = 2                                         {product} {ergonomic}
     uint G1ConcRefinementThreads                  = 8                                         {product} {ergonomic}
   size_t G1HeapRegionSize                         = 1048576                                   {product} {ergonomic}
    uintx GCDrainStackTargetSize                   = 64                                        {product} {ergonomic}
   size_t InitialHeapSize                          = 134217728                                 {product} {ergonomic}
   size_t MarkStackSize                            = 4194304                                   {product} {ergonomic}
   size_t MaxHeapSize                              = 2147483648                                {product} {command line}
   size_t MaxNewSize                               = 1287651328                                {product} {ergonomic}
   size_t MinHeapDeltaBytes                        = 1048576                                   {product} {ergonomic}
    uintx NonNMethodCodeHeapSize                   = 5836300                                {pd product} {ergonomic}
    uintx NonProfiledCodeHeapSize                  = 122910970                              {pd product} {ergonomic}
    uintx ProfiledCodeHeapSize                     = 122910970                              {pd product} {ergonomic}
    uintx ReservedCodeCacheSize                    = 251658240                              {pd product} {ergonomic}
     bool SegmentedCodeCache                       = true                                      {product} {ergonomic}
     bool UseCompressedClassPointers               = true                                 {lp64_product} {ergonomic}
     bool UseCompressedOops                        = true                                 {lp64_product} {ergonomic}
     bool UseG1GC                                  = true                                      {product} {ergonomic}
     bool UseLargePagesIndividualAllocation        = false                                  {pd product} {ergonomic}

Logging:
Log output configuration:
 #0: stdout all=warning uptime,level,tags
 #1: stderr all=off uptime,level,tags

Environment Variables:
PATH=C:\Windows\system32;C:\Windows;C:\Windows\System32\Wbem;C:\Windows\System32\WindowsPowerShell\v1.0\;C:\Program Files (x86)\NVIDIA Corporation\PhysX\Common;C:\Program Files\NVIDIA Corporation\NVIDIA NvDLISR;C:\WINDOWS\system32;C:\WINDOWS;C:\WINDOWS\System32\Wbem;C:\WINDOWS\System32\WindowsPowerShell\v1.0\;C:\WINDOWS\System32\OpenSSH\;C:\Program Files\Git\cmd;C:\Users\carls\AppData\Local\Microsoft\WindowsApps;C:\Users\carls\AppData\Local\GitHubDesktop\bin
USERNAME=carls
OS=Windows_NT
PROCESSOR_IDENTIFIER=Intel64 Family 6 Model 60 Stepping 3, GenuineIntel



---------------  S Y S T E M  ---------------

OS: Windows 10 , 64 bit Build 19041 (10.0.19041.928)
OS uptime: 10 days 0:55 hours

CPU:total 8 (initial active 8) (4 cores per cpu, 2 threads per core) family 6 model 60 stepping 3, cmov, cx8, fxsr, mmx, sse, sse2, sse3, ssse3, sse4.1, sse4.2, popcnt, avx, avx2, aes, clmul, erms, lzcnt, ht, tsc, tscinvbit, bmi1, bmi2, fma

Memory: 4k page, system-wide physical 8141M (463M free)
TotalPageFile size 18962M (AvailPageFile size 0M)
current process WorkingSet (physical memory assigned to process): 337M, peak: 358M
current process commit charge ("private bytes"): 437M, peak: 440M

vm_info: OpenJDK 64-Bit Server VM (11.0.8+10-b944.6842174) for windows-amd64 JRE (11.0.8+10-b944.6842174), built on Sep 19 2020 01:11:42 by "builder" with MS VC++ 14.0 (VS2015)

END.
